
--- Restraint fulfillment for model 1 with weight 0.492 ---


Residue 3

Beacon restraint [26.60, 16.76] Å to residue 34 fulfilled at <r> = 23.23
Beacon restraint [15.00, 17.34] Å to residue 59 fulfilled at <r> = 15.75
Depth restraint [18.70, 35.00] Å fulfilled at <r> = 26.00
Oligomer restraint [36.50, 12.80] Å fulfilled at <r> = 38.41

Residue 4

Depth restraint [17.50, 35.00] Å fulfilled at <r> = 28.50
Oligomer restraint [37.20, 12.10] Å fulfilled at <r> = 39.29

Residue 5


Residue 6


Residue 7

Beacon restraint [26.70, 16.95] Å to residue 34 fulfilled at <r> = 22.62
Beacon restraint [19.20, 17.62] Å to residue 59 fulfilled at <r> = 18.50
Depth restraint [17.90, 35.00] Å fulfilled at <r> = 35.00
Oligomer restraint [40.00, 11.80] Å fulfilled at <r> = 40.29

Residue 8


Residue 9

Depth restraint [17.50, 35.00] Å fulfilled at <r> = 33.50
Oligomer restraint [43.10, 13.40] Å fulfilled at <r> = 54.64

Residue 10

Depth restraint [18.90, 35.00] Å fulfilled at <r> = 31.00
Oligomer restraint [46.40, 14.60] Å fulfilled at <r> = 65.53

Residue 11

Beacon restraint [24.50, 16.38] Å to residue 34 fulfilled at <r> = 24.59
Beacon restraint [15.00, 18.01] Å to residue 59 fulfilled at <r> = 18.75
Depth restraint [17.30, 35.00] Å fulfilled at <r> = 28.00
Oligomer restraint [45.70, 11.70] Å fulfilled at <r> = 48.18

Residue 12

Depth restraint [20.60, 35.00] Å fulfilled at <r> = 27.00
Oligomer restraint [49.60, 13.60] Å fulfilled at <r> = 60.05

Residue 13


--- Restraint fulfillment for model 2 with weight 0.481 ---


Residue 3

Beacon restraint [26.60, 16.76] Å to residue 34 fulfilled at <r> = 14.14
Beacon restraint [15.00, 17.34] Å to residue 59 fulfilled at <r> = 22.24
Depth restraint [18.70, 35.00] Å fulfilled at <r> = 32.50
Oligomer restraint [36.50, 12.80] Å fulfilled at <r> = 36.00

Residue 4

Depth restraint [17.50, 35.00] Å fulfilled at <r> = 34.00
Oligomer restraint [37.20, 12.10] Å fulfilled at <r> = 37.04

Residue 5


Residue 6


Residue 7

Beacon restraint [26.70, 16.95] Å to residue 34 fulfilled at <r> = 22.56
Beacon restraint [19.20, 17.62] Å to residue 59 fulfilled at <r> = 27.06
Depth restraint [17.90, 35.00] Å fulfilled at <r> = 32.50
Oligomer restraint [40.00, 11.80] Å fulfilled at <r> = 52.90

Residue 8


Residue 9

Depth restraint [17.50, 35.00] Å fulfilled at <r> = 28.00
Oligomer restraint [43.10, 13.40] Å fulfilled at <r> = 37.92

Residue 10

Depth restraint [18.90, 35.00] Å fulfilled at <r> = 27.50
Oligomer restraint [46.40, 14.60] Å fulfilled at <r> = 40.21

Residue 11

Beacon restraint [24.50, 16.38] Å to residue 34 fulfilled at <r> = 21.28
Beacon restraint [15.00, 18.01] Å to residue 59 fulfilled at <r> = 25.23
Depth restraint [17.30, 35.00] Å fulfilled at <r> = 24.00
Oligomer restraint [45.70, 11.70] Å fulfilled at <r> = 50.99

Residue 12

Depth restraint [20.60, 35.00] Å fulfilled at <r> = 25.50
Oligomer restraint [49.60, 13.60] Å fulfilled at <r> = 59.96

Residue 13


--- Restraint fulfillment for model 3 with weight 0.495 ---


Residue 3

Beacon restraint [26.60, 16.76] Å to residue 34 fulfilled at <r> = 20.91
Beacon restraint [15.00, 17.34] Å to residue 59 fulfilled at <r> = 20.02
Depth restraint [18.70, 35.00] Å fulfilled at <r> = 28.00
Oligomer restraint [36.50, 12.80] Å fulfilled at <r> = 45.19

Residue 4

Depth restraint [17.50, 35.00] Å fulfilled at <r> = 31.50
Oligomer restraint [37.20, 12.10] Å fulfilled at <r> = 51.34

Residue 5


Residue 6


Residue 7

Beacon restraint [26.70, 16.95] Å to residue 34 fulfilled at <r> = 26.22
Beacon restraint [19.20, 17.62] Å to residue 59 fulfilled at <r> = 20.39
Depth restraint [17.90, 35.00] Å fulfilled at <r> = 35.00
Oligomer restraint [40.00, 11.80] Å fulfilled at <r> = 47.39

Residue 8


Residue 9

Depth restraint [17.50, 35.00] Å fulfilled at <r> = 28.50
Oligomer restraint [43.10, 13.40] Å fulfilled at <r> = 43.74

Residue 10

Depth restraint [18.90, 35.00] Å fulfilled at <r> = 27.00
Oligomer restraint [46.40, 14.60] Å fulfilled at <r> = 43.88

Residue 11

Beacon restraint [24.50, 16.38] Å to residue 34 fulfilled at <r> = 20.10
Beacon restraint [15.00, 18.01] Å to residue 59 fulfilled at <r> = 18.42
Depth restraint [17.30, 35.00] Å fulfilled at <r> = 27.50
Oligomer restraint [45.70, 11.70] Å fulfilled at <r> = 41.64

Residue 12

Depth restraint [20.60, 35.00] Å fulfilled at <r> = 26.50
Oligomer restraint [49.60, 13.60] Å fulfilled at <r> = 62.98

Residue 13


--- Restraint fulfillment for model 4 with weight 0.450 ---


Residue 3

Beacon restraint [26.60, 16.76] Å to residue 34 fulfilled at <r> = 21.98
Beacon restraint [15.00, 17.34] Å to residue 59 fulfilled at <r> = 19.48
Depth restraint [18.70, 35.00] Å fulfilled at <r> = 26.00
Oligomer restraint [36.50, 12.80] Å fulfilled at <r> = 45.54

Residue 4

Depth restraint [17.50, 35.00] Å fulfilled at <r> = 29.00
Oligomer restraint [37.20, 12.10] Å fulfilled at <r> = 35.01

Residue 5


Residue 6


Residue 7

Beacon restraint [26.70, 16.95] Å to residue 34 fulfilled at <r> = 19.72
Beacon restraint [19.20, 17.62] Å to residue 59 fulfilled at <r> = 18.58
Depth restraint [17.90, 35.00] Å fulfilled at <r> = 33.50
Oligomer restraint [40.00, 11.80] Å fulfilled at <r> = 41.54

Residue 8


Residue 9

Depth restraint [17.50, 35.00] Å fulfilled at <r> = 34.00
Oligomer restraint [43.10, 13.40] Å fulfilled at <r> = 47.28

Residue 10

Depth restraint [18.90, 35.00] Å fulfilled at <r> = 35.00
Oligomer restraint [46.40, 14.60] Å fulfilled at <r> = 49.39

Residue 11

Beacon restraint [24.50, 16.38] Å to residue 34 fulfilled at <r> = 26.34
Beacon restraint [15.00, 18.01] Å to residue 59 fulfilled at <r> = 27.24
Depth restraint [17.30, 35.00] Å fulfilled at <r> = 31.50
Oligomer restraint [45.70, 11.70] Å fulfilled at <r> = 56.91

Residue 12

Depth restraint [20.60, 35.00] Å fulfilled at <r> = 28.50
Oligomer restraint [49.60, 13.60] Å fulfilled at <r> = 52.76

Residue 13


--- Restraint fulfillment for model 5 with weight 0.444 ---


Residue 3

Beacon restraint [26.60, 16.76] Å to residue 34 fulfilled at <r> = 24.87
Beacon restraint [15.00, 17.34] Å to residue 59 fulfilled at <r> = 14.79
Depth restraint [18.70, 35.00] Å fulfilled at <r> = 27.00
Oligomer restraint [36.50, 12.80] Å fulfilled at <r> = 39.51

Residue 4

Depth restraint [17.50, 35.00] Å fulfilled at <r> = 30.50
Oligomer restraint [37.20, 12.10] Å fulfilled at <r> = 40.53

Residue 5


Residue 6


Residue 7

Beacon restraint [26.70, 16.95] Å to residue 34 fulfilled at <r> = 22.19
Beacon restraint [19.20, 17.62] Å to residue 59 fulfilled at <r> = 19.37
Depth restraint [17.90, 35.00] Å fulfilled at <r> = 32.00
Oligomer restraint [40.00, 11.80] Å fulfilled at <r> = 45.99

Residue 8


Residue 9

Depth restraint [17.50, 35.00] Å fulfilled at <r> = 33.00
Oligomer restraint [43.10, 13.40] Å fulfilled at <r> = 58.14

Residue 10

Depth restraint [18.90, 35.00] Å fulfilled at <r> = 34.50
Oligomer restraint [46.40, 14.60] Å fulfilled at <r> = 49.49

Residue 11

Beacon restraint [24.50, 16.38] Å to residue 34 fulfilled at <r> = 17.41
Beacon restraint [15.00, 18.01] Å to residue 59 fulfilled at <r> = 21.94
Depth restraint [17.30, 35.00] Å fulfilled at <r> = 31.00
Oligomer restraint [45.70, 11.70] Å fulfilled at <r> = 38.96

Residue 12

Depth restraint [20.60, 35.00] Å fulfilled at <r> = 28.00
Oligomer restraint [49.60, 13.60] Å fulfilled at <r> = 55.73

Residue 13


--- Restraint fulfillment for model 6 with weight 0.494 ---


Residue 3

Beacon restraint [26.60, 16.76] Å to residue 34 fulfilled at <r> = 22.72
Beacon restraint [15.00, 17.34] Å to residue 59 fulfilled at <r> = 18.11
Depth restraint [18.70, 35.00] Å fulfilled at <r> = 28.00
Oligomer restraint [36.50, 12.80] Å fulfilled at <r> = 44.54

Residue 4

Depth restraint [17.50, 35.00] Å fulfilled at <r> = 29.50
Oligomer restraint [37.20, 12.10] Å fulfilled at <r> = 27.43

Residue 5


Residue 6


Residue 7

Beacon restraint [26.70, 16.95] Å to residue 34 fulfilled at <r> = 17.91
Beacon restraint [19.20, 17.62] Å to residue 59 fulfilled at <r> = 20.54
Depth restraint [17.90, 35.00] Å fulfilled at <r> = 32.50
Oligomer restraint [40.00, 11.80] Å fulfilled at <r> = 37.80

Residue 8


Residue 9

Depth restraint [17.50, 35.00] Å fulfilled at <r> = 29.00
Oligomer restraint [43.10, 13.40] Å fulfilled at <r> = 38.73

Residue 10

Depth restraint [18.90, 35.00] Å fulfilled at <r> = 30.00
Oligomer restraint [46.40, 14.60] Å fulfilled at <r> = 42.98

Residue 11

Beacon restraint [24.50, 16.38] Å to residue 34 fulfilled at <r> = 20.41
Beacon restraint [15.00, 18.01] Å to residue 59 fulfilled at <r> = 27.72
Depth restraint [17.30, 35.00] Å fulfilled at <r> = 28.50
Oligomer restraint [45.70, 11.70] Å fulfilled at <r> = 49.66

Residue 12

Depth restraint [20.60, 35.00] Å fulfilled at <r> = 29.00
Oligomer restraint [49.60, 13.60] Å fulfilled at <r> = 50.95

Residue 13


--- Restraint fulfillment for model 7 with weight 0.465 ---


Residue 3

Beacon restraint [26.60, 16.76] Å to residue 34 fulfilled at <r> = 18.67
Beacon restraint [15.00, 17.34] Å to residue 59 fulfilled at <r> = 19.58
Depth restraint [18.70, 35.00] Å fulfilled at <r> = 32.00
Oligomer restraint [36.50, 12.80] Å fulfilled at <r> = 38.16

Residue 4

Depth restraint [17.50, 35.00] Å fulfilled at <r> = 31.50
Oligomer restraint [37.20, 12.10] Å fulfilled at <r> = 40.68

Residue 5


Residue 6


Residue 7

Beacon restraint [26.70, 16.95] Å to residue 34 fulfilled at <r> = 30.88
Beacon restraint [19.20, 17.62] Å to residue 59 fulfilled at <r> = 19.07
Depth restraint [17.90, 35.00] Å fulfilled at <r> = 34.00
Oligomer restraint [40.00, 11.80] Å fulfilled at <r> = 52.19

Residue 8


Residue 9

Depth restraint [17.50, 35.00] Å fulfilled at <r> = 30.00
Oligomer restraint [43.10, 13.40] Å fulfilled at <r> = 40.24

Residue 10

Depth restraint [18.90, 35.00] Å fulfilled at <r> = 30.00
Oligomer restraint [46.40, 14.60] Å fulfilled at <r> = 51.93

Residue 11

Beacon restraint [24.50, 16.38] Å to residue 34 fulfilled at <r> = 27.51
Beacon restraint [15.00, 18.01] Å to residue 59 fulfilled at <r> = 21.40
Depth restraint [17.30, 35.00] Å fulfilled at <r> = 27.50
Oligomer restraint [45.70, 11.70] Å fulfilled at <r> = 53.10

Residue 12

Depth restraint [20.60, 35.00] Å fulfilled at <r> = 25.00
Oligomer restraint [49.60, 13.60] Å fulfilled at <r> = 39.41

Residue 13


--- Restraint fulfillment for model 8 with weight 0.479 ---


Residue 3

Beacon restraint [26.60, 16.76] Å to residue 34 fulfilled at <r> = 19.51
Beacon restraint [15.00, 17.34] Å to residue 59 fulfilled at <r> = 13.26
Depth restraint [18.70, 35.00] Å fulfilled at <r> = 26.00
Oligomer restraint [36.50, 12.80] Å fulfilled at <r> = 25.38

Residue 4

Depth restraint [17.50, 35.00] Å fulfilled at <r> = 26.50
Oligomer restraint [37.20, 12.10] Å fulfilled at <r> = 43.13

Residue 5


Residue 6


Residue 7

Beacon restraint [26.70, 16.95] Å to residue 34 fulfilled at <r> = 26.05
Beacon restraint [19.20, 17.62] Å to residue 59 fulfilled at <r> = 15.74
Depth restraint [17.90, 35.00] Å fulfilled at <r> = 29.00
Oligomer restraint [40.00, 11.80] Å fulfilled at <r> = 44.47

Residue 8


Residue 9

Depth restraint [17.50, 35.00] Å fulfilled at <r> = 31.00
Oligomer restraint [43.10, 13.40] Å fulfilled at <r> = 33.37

Residue 10

Depth restraint [18.90, 35.00] Å fulfilled at <r> = 33.50
Oligomer restraint [46.40, 14.60] Å fulfilled at <r> = 45.60

Residue 11

Beacon restraint [24.50, 16.38] Å to residue 34 fulfilled at <r> = 21.55
Beacon restraint [15.00, 18.01] Å to residue 59 fulfilled at <r> = 27.95
Depth restraint [17.30, 35.00] Å fulfilled at <r> = 30.50
Oligomer restraint [45.70, 11.70] Å fulfilled at <r> = 50.84

Residue 12

Depth restraint [20.60, 35.00] Å fulfilled at <r> = 28.50
Oligomer restraint [49.60, 13.60] Å fulfilled at <r> = 58.12

Residue 13


--- Restraint fulfillment for model 9 with weight 0.439 ---


Residue 3

Beacon restraint [26.60, 16.76] Å to residue 34 fulfilled at <r> = 26.36
Beacon restraint [15.00, 17.34] Å to residue 59 fulfilled at <r> = 17.63
Depth restraint [18.70, 35.00] Å fulfilled at <r> = 23.50
Oligomer restraint [36.50, 12.80] Å fulfilled at <r> = 47.15

Residue 4

Depth restraint [17.50, 35.00] Å fulfilled at <r> = 22.00
Oligomer restraint [37.20, 12.10] Å fulfilled at <r> = 54.47

Residue 5


Residue 6


Residue 7

Beacon restraint [26.70, 16.95] Å to residue 34 fulfilled at <r> = 22.15
Beacon restraint [19.20, 17.62] Å to residue 59 fulfilled at <r> = 17.43
Depth restraint [17.90, 35.00] Å fulfilled at <r> = 29.00
Oligomer restraint [40.00, 11.80] Å fulfilled at <r> = 41.44

Residue 8


Residue 9

Depth restraint [17.50, 35.00] Å fulfilled at <r> = 26.50
Oligomer restraint [43.10, 13.40] Å fulfilled at <r> = 31.21

Residue 10

Depth restraint [18.90, 35.00] Å fulfilled at <r> = 29.00
Oligomer restraint [46.40, 14.60] Å fulfilled at <r> = 52.42

Residue 11

Beacon restraint [24.50, 16.38] Å to residue 34 fulfilled at <r> = 19.65
Beacon restraint [15.00, 18.01] Å to residue 59 fulfilled at <r> = 22.88
Depth restraint [17.30, 35.00] Å fulfilled at <r> = 30.00
Oligomer restraint [45.70, 11.70] Å fulfilled at <r> = 43.58

Residue 12

Depth restraint [20.60, 35.00] Å fulfilled at <r> = 27.00
Oligomer restraint [49.60, 13.60] Å fulfilled at <r> = 51.69

Residue 13


--- Restraint fulfillment for model 10 with weight 0.484 ---


Residue 3

Beacon restraint [26.60, 16.76] Å to residue 34 fulfilled at <r> = 15.98
Beacon restraint [15.00, 17.34] Å to residue 59 fulfilled at <r> = 16.35
Depth restraint [18.70, 35.00] Å fulfilled at <r> = 30.00
Oligomer restraint [36.50, 12.80] Å fulfilled at <r> = 29.26

Residue 4

Depth restraint [17.50, 35.00] Å fulfilled at <r> = 31.00
Oligomer restraint [37.20, 12.10] Å fulfilled at <r> = 35.33

Residue 5


Residue 6


Residue 7

Beacon restraint [26.70, 16.95] Å to residue 34 fulfilled at <r> = 23.98
Beacon restraint [19.20, 17.62] Å to residue 59 fulfilled at <r> = 22.52
Depth restraint [17.90, 35.00] Å fulfilled at <r> = 34.00
Oligomer restraint [40.00, 11.80] Å fulfilled at <r> = 50.16

Residue 8


Residue 9

Depth restraint [17.50, 35.00] Å fulfilled at <r> = 32.50
Oligomer restraint [43.10, 13.40] Å fulfilled at <r> = 35.64

Residue 10

Depth restraint [18.90, 35.00] Å fulfilled at <r> = 33.50
Oligomer restraint [46.40, 14.60] Å fulfilled at <r> = 49.92

Residue 11

Beacon restraint [24.50, 16.38] Å to residue 34 fulfilled at <r> = 20.97
Beacon restraint [15.00, 18.01] Å to residue 59 fulfilled at <r> = 27.58
Depth restraint [17.30, 35.00] Å fulfilled at <r> = 30.00
Oligomer restraint [45.70, 11.70] Å fulfilled at <r> = 49.92

Residue 12

Depth restraint [20.60, 35.00] Å fulfilled at <r> = 28.50
Oligomer restraint [49.60, 13.60] Å fulfilled at <r> = 58.99

Residue 13


--- Restraint fulfillment for model 11 with weight 0.431 ---


Residue 3

Beacon restraint [26.60, 16.76] Å to residue 34 fulfilled at <r> = 21.34
Beacon restraint [15.00, 17.34] Å to residue 59 fulfilled at <r> = 13.92
Depth restraint [18.70, 35.00] Å fulfilled at <r> = 30.50
Oligomer restraint [36.50, 12.80] Å fulfilled at <r> = 33.03

Residue 4

Depth restraint [17.50, 35.00] Å fulfilled at <r> = 32.00
Oligomer restraint [37.20, 12.10] Å fulfilled at <r> = 38.33

Residue 5


Residue 6


Residue 7

Beacon restraint [26.70, 16.95] Å to residue 34 fulfilled at <r> = 28.66
Beacon restraint [19.20, 17.62] Å to residue 59 fulfilled at <r> = 18.05
Depth restraint [17.90, 35.00] Å fulfilled at <r> = 34.50
Oligomer restraint [40.00, 11.80] Å fulfilled at <r> = 45.93

Residue 8


Residue 9

Depth restraint [17.50, 35.00] Å fulfilled at <r> = 28.50
Oligomer restraint [43.10, 13.40] Å fulfilled at <r> = 35.54

Residue 10

Depth restraint [18.90, 35.00] Å fulfilled at <r> = 29.00
Oligomer restraint [46.40, 14.60] Å fulfilled at <r> = 43.77

Residue 11

Beacon restraint [24.50, 16.38] Å to residue 34 fulfilled at <r> = 26.66
Beacon restraint [15.00, 18.01] Å to residue 59 fulfilled at <r> = 21.46
Depth restraint [17.30, 35.00] Å fulfilled at <r> = 27.00
Oligomer restraint [45.70, 11.70] Å fulfilled at <r> = 52.13

Residue 12

Depth restraint [20.60, 35.00] Å fulfilled at <r> = 24.50
Oligomer restraint [49.60, 13.60] Å fulfilled at <r> = 34.75

Residue 13


--- Restraint fulfillment for model 12 with weight 0.500 ---


Residue 3

Beacon restraint [26.60, 16.76] Å to residue 34 fulfilled at <r> = 24.63
Beacon restraint [15.00, 17.34] Å to residue 59 fulfilled at <r> = 15.58
Depth restraint [18.70, 35.00] Å fulfilled at <r> = 29.50
Oligomer restraint [36.50, 12.80] Å fulfilled at <r> = 41.31

Residue 4

Depth restraint [17.50, 35.00] Å fulfilled at <r> = 32.50
Oligomer restraint [37.20, 12.10] Å fulfilled at <r> = 24.39

Residue 5


Residue 6


Residue 7

Beacon restraint [26.70, 16.95] Å to residue 34 fulfilled at <r> = 18.86
Beacon restraint [19.20, 17.62] Å to residue 59 fulfilled at <r> = 17.45
Depth restraint [17.90, 35.00] Å fulfilled at <r> = 35.00
Oligomer restraint [40.00, 11.80] Å fulfilled at <r> = 38.26

Residue 8


Residue 9

Depth restraint [17.50, 35.00] Å fulfilled at <r> = 35.00
Oligomer restraint [43.10, 13.40] Å fulfilled at <r> = 52.57

Residue 10

Depth restraint [18.90, 35.00] Å fulfilled at <r> = 32.50
Oligomer restraint [46.40, 14.60] Å fulfilled at <r> = 49.16

Residue 11

Beacon restraint [24.50, 16.38] Å to residue 34 fulfilled at <r> = 22.40
Beacon restraint [15.00, 18.01] Å to residue 59 fulfilled at <r> = 29.42
Depth restraint [17.30, 35.00] Å fulfilled at <r> = 29.50
Oligomer restraint [45.70, 11.70] Å fulfilled at <r> = 54.67

Residue 12

Depth restraint [20.60, 35.00] Å fulfilled at <r> = 28.50
Oligomer restraint [49.60, 13.60] Å fulfilled at <r> = 56.62

Residue 13


--- Restraint fulfillment for model 13 with weight 0.456 ---


Residue 3

Beacon restraint [26.60, 16.76] Å to residue 34 fulfilled at <r> = 17.17
Beacon restraint [15.00, 17.34] Å to residue 59 fulfilled at <r> = 22.79
Depth restraint [18.70, 35.00] Å fulfilled at <r> = 32.00
Oligomer restraint [36.50, 12.80] Å fulfilled at <r> = 39.07

Residue 4

Depth restraint [17.50, 35.00] Å fulfilled at <r> = 34.00
Oligomer restraint [37.20, 12.10] Å fulfilled at <r> = 29.01

Residue 5


Residue 6


Residue 7

Beacon restraint [26.70, 16.95] Å to residue 34 fulfilled at <r> = 27.18
Beacon restraint [19.20, 17.62] Å to residue 59 fulfilled at <r> = 19.22
Depth restraint [17.90, 35.00] Å fulfilled at <r> = 34.00
Oligomer restraint [40.00, 11.80] Å fulfilled at <r> = 46.90

Residue 8


Residue 9

Depth restraint [17.50, 35.00] Å fulfilled at <r> = 29.00
Oligomer restraint [43.10, 13.40] Å fulfilled at <r> = 35.99

Residue 10

Depth restraint [18.90, 35.00] Å fulfilled at <r> = 28.00
Oligomer restraint [46.40, 14.60] Å fulfilled at <r> = 30.31

Residue 11

Beacon restraint [24.50, 16.38] Å to residue 34 fulfilled at <r> = 26.55
Beacon restraint [15.00, 18.01] Å to residue 59 fulfilled at <r> = 22.13
Depth restraint [17.30, 35.00] Å fulfilled at <r> = 27.50
Oligomer restraint [45.70, 11.70] Å fulfilled at <r> = 52.98

Residue 12

Depth restraint [20.60, 35.00] Å fulfilled at <r> = 24.50
Oligomer restraint [49.60, 13.60] Å fulfilled at <r> = 53.49

Residue 13


--- Restraint fulfillment for model 14 with weight 0.384 ---


Residue 3

Beacon restraint [26.60, 16.76] Å to residue 34 fulfilled at <r> = 24.16
Beacon restraint [15.00, 17.34] Å to residue 59 fulfilled at <r> = 18.37
Depth restraint [18.70, 35.00] Å fulfilled at <r> = 30.50
Oligomer restraint [36.50, 12.80] Å fulfilled at <r> = 45.22

Residue 4

Depth restraint [17.50, 35.00] Å fulfilled at <r> = 30.50
Oligomer restraint [37.20, 12.10] Å fulfilled at <r> = 36.31

Residue 5


Residue 6


Residue 7

Beacon restraint [26.70, 16.95] Å to residue 34 fulfilled at <r> = 20.13
Beacon restraint [19.20, 17.62] Å to residue 59 fulfilled at <r> = 22.35
Depth restraint [17.90, 35.00] Å fulfilled at <r> = 35.00
Oligomer restraint [40.00, 11.80] Å fulfilled at <r> = 44.02

Residue 8


Residue 9

Depth restraint [17.50, 35.00] Å fulfilled at <r> = 33.00
Oligomer restraint [43.10, 13.40] Å fulfilled at <r> = 39.05

Residue 10

Depth restraint [18.90, 35.00] Å fulfilled at <r> = 31.00
Oligomer restraint [46.40, 14.60] Å fulfilled at <r> = 51.87

Residue 11

Beacon restraint [24.50, 16.38] Å to residue 34 fulfilled at <r> = 20.75
Beacon restraint [15.00, 18.01] Å to residue 59 fulfilled at <r> = 28.84
Depth restraint [17.30, 35.00] Å fulfilled at <r> = 29.00
Oligomer restraint [45.70, 11.70] Å fulfilled at <r> = 51.30

Residue 12

Depth restraint [20.60, 35.00] Å fulfilled at <r> = 28.00
Oligomer restraint [49.60, 13.60] Å fulfilled at <r> = 53.41

Residue 13


--- Restraint fulfillment for model 15 with weight 0.391 ---


Residue 3

Beacon restraint [26.60, 16.76] Å to residue 34 fulfilled at <r> = 23.30
Beacon restraint [15.00, 17.34] Å to residue 59 fulfilled at <r> = 18.32
Depth restraint [18.70, 35.00] Å fulfilled at <r> = 31.00
Oligomer restraint [36.50, 12.80] Å fulfilled at <r> = 45.25

Residue 4

Depth restraint [17.50, 35.00] Å fulfilled at <r> = 33.00
Oligomer restraint [37.20, 12.10] Å fulfilled at <r> = 36.97

Residue 5


Residue 6


Residue 7

Beacon restraint [26.70, 16.95] Å to residue 34 fulfilled at <r> = 22.61
Beacon restraint [19.20, 17.62] Å to residue 59 fulfilled at <r> = 20.32
Depth restraint [17.90, 35.00] Å fulfilled at <r> = 34.00
Oligomer restraint [40.00, 11.80] Å fulfilled at <r> = 45.48

Residue 8


Residue 9

Depth restraint [17.50, 35.00] Å fulfilled at <r> = 34.00
Oligomer restraint [43.10, 13.40] Å fulfilled at <r> = 37.38

Residue 10

Depth restraint [18.90, 35.00] Å fulfilled at <r> = 33.50
Oligomer restraint [46.40, 14.60] Å fulfilled at <r> = 48.47

Residue 11

Beacon restraint [24.50, 16.38] Å to residue 34 fulfilled at <r> = 17.32
Beacon restraint [15.00, 18.01] Å to residue 59 fulfilled at <r> = 23.10
Depth restraint [17.30, 35.00] Å fulfilled at <r> = 30.00
Oligomer restraint [45.70, 11.70] Å fulfilled at <r> = 40.14

Residue 12

Depth restraint [20.60, 35.00] Å fulfilled at <r> = 28.50
Oligomer restraint [49.60, 13.60] Å fulfilled at <r> = 55.40

Residue 13


--- Restraint fulfillment for model 16 with weight 0.485 ---


Residue 3

Beacon restraint [26.60, 16.76] Å to residue 34 fulfilled at <r> = 17.56
Beacon restraint [15.00, 17.34] Å to residue 59 fulfilled at <r> = 13.02
Depth restraint [18.70, 35.00] Å fulfilled at <r> = 27.00
Oligomer restraint [36.50, 12.80] Å fulfilled at <r> = 22.56

Residue 4

Depth restraint [17.50, 35.00] Å fulfilled at <r> = 25.50
Oligomer restraint [37.20, 12.10] Å fulfilled at <r> = 36.05

Residue 5


Residue 6


Residue 7

Beacon restraint [26.70, 16.95] Å to residue 34 fulfilled at <r> = 23.59
Beacon restraint [19.20, 17.62] Å to residue 59 fulfilled at <r> = 16.15
Depth restraint [17.90, 35.00] Å fulfilled at <r> = 30.00
Oligomer restraint [40.00, 11.80] Å fulfilled at <r> = 43.74

Residue 8


Residue 9

Depth restraint [17.50, 35.00] Å fulfilled at <r> = 32.50
Oligomer restraint [43.10, 13.40] Å fulfilled at <r> = 38.26

Residue 10

Depth restraint [18.90, 35.00] Å fulfilled at <r> = 30.00
Oligomer restraint [46.40, 14.60] Å fulfilled at <r> = 36.77

Residue 11

Beacon restraint [24.50, 16.38] Å to residue 34 fulfilled at <r> = 22.59
Beacon restraint [15.00, 18.01] Å to residue 59 fulfilled at <r> = 22.09
Depth restraint [17.30, 35.00] Å fulfilled at <r> = 31.50
Oligomer restraint [45.70, 11.70] Å fulfilled at <r> = 47.02

Residue 12

Depth restraint [20.60, 35.00] Å fulfilled at <r> = 28.00
Oligomer restraint [49.60, 13.60] Å fulfilled at <r> = 53.61

Residue 13


--- Restraint fulfillment for model 17 with weight 0.455 ---


Residue 3

Beacon restraint [26.60, 16.76] Å to residue 34 fulfilled at <r> = 22.37
Beacon restraint [15.00, 17.34] Å to residue 59 fulfilled at <r> = 15.22
Depth restraint [18.70, 35.00] Å fulfilled at <r> = 28.00
Oligomer restraint [36.50, 12.80] Å fulfilled at <r> = 38.90

Residue 4

Depth restraint [17.50, 35.00] Å fulfilled at <r> = 30.50
Oligomer restraint [37.20, 12.10] Å fulfilled at <r> = 38.51

Residue 5


Residue 6


Residue 7

Beacon restraint [26.70, 16.95] Å to residue 34 fulfilled at <r> = 20.46
Beacon restraint [19.20, 17.62] Å to residue 59 fulfilled at <r> = 20.78
Depth restraint [17.90, 35.00] Å fulfilled at <r> = 34.00
Oligomer restraint [40.00, 11.80] Å fulfilled at <r> = 40.56

Residue 8


Residue 9

Depth restraint [17.50, 35.00] Å fulfilled at <r> = 32.00
Oligomer restraint [43.10, 13.40] Å fulfilled at <r> = 33.37

Residue 10

Depth restraint [18.90, 35.00] Å fulfilled at <r> = 32.00
Oligomer restraint [46.40, 14.60] Å fulfilled at <r> = 44.50

Residue 11

Beacon restraint [24.50, 16.38] Å to residue 34 fulfilled at <r> = 22.21
Beacon restraint [15.00, 18.01] Å to residue 59 fulfilled at <r> = 19.57
Depth restraint [17.30, 35.00] Å fulfilled at <r> = 31.50
Oligomer restraint [45.70, 11.70] Å fulfilled at <r> = 46.34

Residue 12

Depth restraint [20.60, 35.00] Å fulfilled at <r> = 28.00
Oligomer restraint [49.60, 13.60] Å fulfilled at <r> = 52.08

Residue 13


--- Restraint fulfillment for model 18 with weight 0.472 ---


Residue 3

Beacon restraint [26.60, 16.76] Å to residue 34 fulfilled at <r> = 22.43
Beacon restraint [15.00, 17.34] Å to residue 59 fulfilled at <r> = 15.52
Depth restraint [18.70, 35.00] Å fulfilled at <r> = 24.50
Oligomer restraint [36.50, 12.80] Å fulfilled at <r> = 40.26

Residue 4

Depth restraint [17.50, 35.00] Å fulfilled at <r> = 27.50
Oligomer restraint [37.20, 12.10] Å fulfilled at <r> = 45.27

Residue 5


Residue 6


Residue 7

Beacon restraint [26.70, 16.95] Å to residue 34 fulfilled at <r> = 22.78
Beacon restraint [19.20, 17.62] Å to residue 59 fulfilled at <r> = 15.80
Depth restraint [17.90, 35.00] Å fulfilled at <r> = 27.50
Oligomer restraint [40.00, 11.80] Å fulfilled at <r> = 42.92

Residue 8


Residue 9

Depth restraint [17.50, 35.00] Å fulfilled at <r> = 30.00
Oligomer restraint [43.10, 13.40] Å fulfilled at <r> = 41.65

Residue 10

Depth restraint [18.90, 35.00] Å fulfilled at <r> = 33.00
Oligomer restraint [46.40, 14.60] Å fulfilled at <r> = 49.79

Residue 11

Beacon restraint [24.50, 16.38] Å to residue 34 fulfilled at <r> = 23.25
Beacon restraint [15.00, 18.01] Å to residue 59 fulfilled at <r> = 27.02
Depth restraint [17.30, 35.00] Å fulfilled at <r> = 31.00
Oligomer restraint [45.70, 11.70] Å fulfilled at <r> = 52.20

Residue 12

Depth restraint [20.60, 35.00] Å fulfilled at <r> = 28.50
Oligomer restraint [49.60, 13.60] Å fulfilled at <r> = 62.94

Residue 13


--- Restraint fulfillment for model 19 with weight 0.476 ---


Residue 3

Beacon restraint [26.60, 16.76] Å to residue 34 fulfilled at <r> = 23.30
Beacon restraint [15.00, 17.34] Å to residue 59 fulfilled at <r> = 13.11
Depth restraint [18.70, 35.00] Å fulfilled at <r> = 29.00
Oligomer restraint [36.50, 12.80] Å fulfilled at <r> = 30.03

Residue 4

Depth restraint [17.50, 35.00] Å fulfilled at <r> = 32.50
Oligomer restraint [37.20, 12.10] Å fulfilled at <r> = 37.08

Residue 5


Residue 6


Residue 7

Beacon restraint [26.70, 16.95] Å to residue 34 fulfilled at <r> = 24.65
Beacon restraint [19.20, 17.62] Å to residue 59 fulfilled at <r> = 15.61
Depth restraint [17.90, 35.00] Å fulfilled at <r> = 29.50
Oligomer restraint [40.00, 11.80] Å fulfilled at <r> = 42.00

Residue 8


Residue 9

Depth restraint [17.50, 35.00] Å fulfilled at <r> = 26.00
Oligomer restraint [43.10, 13.40] Å fulfilled at <r> = 36.91

Residue 10

Depth restraint [18.90, 35.00] Å fulfilled at <r> = 28.00
Oligomer restraint [46.40, 14.60] Å fulfilled at <r> = 47.14

Residue 11

Beacon restraint [24.50, 16.38] Å to residue 34 fulfilled at <r> = 28.41
Beacon restraint [15.00, 18.01] Å to residue 59 fulfilled at <r> = 23.30
Depth restraint [17.30, 35.00] Å fulfilled at <r> = 28.50
Oligomer restraint [45.70, 11.70] Å fulfilled at <r> = 56.29

Residue 12

Depth restraint [20.60, 35.00] Å fulfilled at <r> = 25.00
Oligomer restraint [49.60, 13.60] Å fulfilled at <r> = 39.29

Residue 13


--- Restraint fulfillment for model 20 with weight 0.473 ---


Residue 3

Beacon restraint [26.60, 16.76] Å to residue 34 fulfilled at <r> = 24.11
Beacon restraint [15.00, 17.34] Å to residue 59 fulfilled at <r> = 15.92
Depth restraint [18.70, 35.00] Å fulfilled at <r> = 26.50
Oligomer restraint [36.50, 12.80] Å fulfilled at <r> = 41.66

Residue 4

Depth restraint [17.50, 35.00] Å fulfilled at <r> = 29.00
Oligomer restraint [37.20, 12.10] Å fulfilled at <r> = 43.00

Residue 5


Residue 6


Residue 7

Beacon restraint [26.70, 16.95] Å to residue 34 fulfilled at <r> = 38.60
Beacon restraint [19.20, 17.62] Å to residue 59 fulfilled at <r> = 23.97
Depth restraint [17.90, 35.00] Å fulfilled at <r> = 20.50
Oligomer restraint [40.00, 11.80] Å fulfilled at <r> = 62.00

Residue 8


Residue 9

Depth restraint [17.50, 35.00] Å fulfilled at <r> = 23.50
Oligomer restraint [43.10, 13.40] Å fulfilled at <r> = 36.98

Residue 10

Depth restraint [18.90, 35.00] Å fulfilled at <r> = 26.00
Oligomer restraint [46.40, 14.60] Å fulfilled at <r> = 51.72

Residue 11

Beacon restraint [24.50, 16.38] Å to residue 34 fulfilled at <r> = 19.84
Beacon restraint [15.00, 18.01] Å to residue 59 fulfilled at <r> = 16.11
Depth restraint [17.30, 35.00] Å fulfilled at <r> = 23.50
Oligomer restraint [45.70, 11.70] Å fulfilled at <r> = 38.96

Residue 12

Depth restraint [20.60, 35.00] Å fulfilled at <r> = 25.50
Oligomer restraint [49.60, 13.60] Å fulfilled at <r> = 59.41

Residue 13


--- Restraint fulfillment for model 21 with weight 0.437 ---


Residue 3

Beacon restraint [26.60, 16.76] Å to residue 34 fulfilled at <r> = 27.90
Beacon restraint [15.00, 17.34] Å to residue 59 fulfilled at <r> = 16.06
Depth restraint [18.70, 35.00] Å fulfilled at <r> = 34.50
Oligomer restraint [36.50, 12.80] Å fulfilled at <r> = 44.44

Residue 4

Depth restraint [17.50, 35.00] Å fulfilled at <r> = 34.50
Oligomer restraint [37.20, 12.10] Å fulfilled at <r> = 37.06

Residue 5


Residue 6


Residue 7

Beacon restraint [26.70, 16.95] Å to residue 34 fulfilled at <r> = 24.36
Beacon restraint [19.20, 17.62] Å to residue 59 fulfilled at <r> = 16.27
Depth restraint [17.90, 35.00] Å fulfilled at <r> = 32.50
Oligomer restraint [40.00, 11.80] Å fulfilled at <r> = 43.25

Residue 8


Residue 9

Depth restraint [17.50, 35.00] Å fulfilled at <r> = 29.50
Oligomer restraint [43.10, 13.40] Å fulfilled at <r> = 45.78

Residue 10

Depth restraint [18.90, 35.00] Å fulfilled at <r> = 31.00
Oligomer restraint [46.40, 14.60] Å fulfilled at <r> = 39.04

Residue 11

Beacon restraint [24.50, 16.38] Å to residue 34 fulfilled at <r> = 15.56
Beacon restraint [15.00, 18.01] Å to residue 59 fulfilled at <r> = 20.42
Depth restraint [17.30, 35.00] Å fulfilled at <r> = 28.00
Oligomer restraint [45.70, 11.70] Å fulfilled at <r> = 34.66

Residue 12

Depth restraint [20.60, 35.00] Å fulfilled at <r> = 27.00
Oligomer restraint [49.60, 13.60] Å fulfilled at <r> = 51.88

Residue 13


--- Restraint fulfillment for model 22 with weight 0.460 ---


Residue 3

Beacon restraint [26.60, 16.76] Å to residue 34 fulfilled at <r> = 20.60
Beacon restraint [15.00, 17.34] Å to residue 59 fulfilled at <r> = 13.13
Depth restraint [18.70, 35.00] Å fulfilled at <r> = 26.00
Oligomer restraint [36.50, 12.80] Å fulfilled at <r> = 35.51

Residue 4

Depth restraint [17.50, 35.00] Å fulfilled at <r> = 29.00
Oligomer restraint [37.20, 12.10] Å fulfilled at <r> = 47.58

Residue 5


Residue 6


Residue 7

Beacon restraint [26.70, 16.95] Å to residue 34 fulfilled at <r> = 21.03
Beacon restraint [19.20, 17.62] Å to residue 59 fulfilled at <r> = 18.90
Depth restraint [17.90, 35.00] Å fulfilled at <r> = 34.00
Oligomer restraint [40.00, 11.80] Å fulfilled at <r> = 38.23

Residue 8


Residue 9

Depth restraint [17.50, 35.00] Å fulfilled at <r> = 30.50
Oligomer restraint [43.10, 13.40] Å fulfilled at <r> = 31.20

Residue 10

Depth restraint [18.90, 35.00] Å fulfilled at <r> = 32.00
Oligomer restraint [46.40, 14.60] Å fulfilled at <r> = 44.47

Residue 11

Beacon restraint [24.50, 16.38] Å to residue 34 fulfilled at <r> = 19.34
Beacon restraint [15.00, 18.01] Å to residue 59 fulfilled at <r> = 27.24
Depth restraint [17.30, 35.00] Å fulfilled at <r> = 29.00
Oligomer restraint [45.70, 11.70] Å fulfilled at <r> = 47.22

Residue 12

Depth restraint [20.60, 35.00] Å fulfilled at <r> = 28.00
Oligomer restraint [49.60, 13.60] Å fulfilled at <r> = 53.28

Residue 13


--- Restraint fulfillment for model 23 with weight 0.440 ---


Residue 3

Beacon restraint [26.60, 16.76] Å to residue 34 fulfilled at <r> = 21.67
Beacon restraint [15.00, 17.34] Å to residue 59 fulfilled at <r> = 18.13
Depth restraint [18.70, 35.00] Å fulfilled at <r> = 33.00
Oligomer restraint [36.50, 12.80] Å fulfilled at <r> = 42.59

Residue 4

Depth restraint [17.50, 35.00] Å fulfilled at <r> = 30.50
Oligomer restraint [37.20, 12.10] Å fulfilled at <r> = 34.87

Residue 5


Residue 6


Residue 7

Beacon restraint [26.70, 16.95] Å to residue 34 fulfilled at <r> = 19.49
Beacon restraint [19.20, 17.62] Å to residue 59 fulfilled at <r> = 27.07
Depth restraint [17.90, 35.00] Å fulfilled at <r> = 31.00
Oligomer restraint [40.00, 11.80] Å fulfilled at <r> = 48.03

Residue 8


Residue 9

Depth restraint [17.50, 35.00] Å fulfilled at <r> = 34.50
Oligomer restraint [43.10, 13.40] Å fulfilled at <r> = 50.35

Residue 10

Depth restraint [18.90, 35.00] Å fulfilled at <r> = 35.00
Oligomer restraint [46.40, 14.60] Å fulfilled at <r> = 49.07

Residue 11

Beacon restraint [24.50, 16.38] Å to residue 34 fulfilled at <r> = 20.78
Beacon restraint [15.00, 18.01] Å to residue 59 fulfilled at <r> = 19.92
Depth restraint [17.30, 35.00] Å fulfilled at <r> = 33.00
Oligomer restraint [45.70, 11.70] Å fulfilled at <r> = 43.66

Residue 12

Depth restraint [20.60, 35.00] Å fulfilled at <r> = 29.50
Oligomer restraint [49.60, 13.60] Å fulfilled at <r> = 59.64

Residue 13


--- Restraint fulfillment for model 24 with weight 0.430 ---


Residue 3

Beacon restraint [26.60, 16.76] Å to residue 34 fulfilled at <r> = 27.62
Beacon restraint [15.00, 17.34] Å to residue 59 fulfilled at <r> = 14.66
Depth restraint [18.70, 35.00] Å fulfilled at <r> = 27.50
Oligomer restraint [36.50, 12.80] Å fulfilled at <r> = 38.15

Residue 4

Depth restraint [17.50, 35.00] Å fulfilled at <r> = 30.00
Oligomer restraint [37.20, 12.10] Å fulfilled at <r> = 40.47

Residue 5


Residue 6


Residue 7

Beacon restraint [26.70, 16.95] Å to residue 34 fulfilled at <r> = 24.87
Beacon restraint [19.20, 17.62] Å to residue 59 fulfilled at <r> = 15.09
Depth restraint [17.90, 35.00] Å fulfilled at <r> = 28.50
Oligomer restraint [40.00, 11.80] Å fulfilled at <r> = 40.51

Residue 8


Residue 9

Depth restraint [17.50, 35.00] Å fulfilled at <r> = 28.50
Oligomer restraint [43.10, 13.40] Å fulfilled at <r> = 37.72

Residue 10

Depth restraint [18.90, 35.00] Å fulfilled at <r> = 30.50
Oligomer restraint [46.40, 14.60] Å fulfilled at <r> = 51.22

Residue 11

Beacon restraint [24.50, 16.38] Å to residue 34 fulfilled at <r> = 27.69
Beacon restraint [15.00, 18.01] Å to residue 59 fulfilled at <r> = 22.79
Depth restraint [17.30, 35.00] Å fulfilled at <r> = 28.00
Oligomer restraint [45.70, 11.70] Å fulfilled at <r> = 54.88

Residue 12

Depth restraint [20.60, 35.00] Å fulfilled at <r> = 25.00
Oligomer restraint [49.60, 13.60] Å fulfilled at <r> = 39.30

Residue 13


--- Restraint fulfillment for model 25 with weight 0.430 ---


Residue 3

Beacon restraint [26.60, 16.76] Å to residue 34 fulfilled at <r> = 25.04
Beacon restraint [15.00, 17.34] Å to residue 59 fulfilled at <r> = 14.27
Depth restraint [18.70, 35.00] Å fulfilled at <r> = 30.00
Oligomer restraint [36.50, 12.80] Å fulfilled at <r> = 38.47

Residue 4

Depth restraint [17.50, 35.00] Å fulfilled at <r> = 33.50
Oligomer restraint [37.20, 12.10] Å fulfilled at <r> = 31.53

Residue 5


Residue 6


Residue 7

Beacon restraint [26.70, 16.95] Å to residue 34 fulfilled at <r> = 30.96
Beacon restraint [19.20, 17.62] Å to residue 59 fulfilled at <r> = 18.43
Depth restraint [17.90, 35.00] Å fulfilled at <r> = 34.50
Oligomer restraint [40.00, 11.80] Å fulfilled at <r> = 51.90

Residue 8


Residue 9

Depth restraint [17.50, 35.00] Å fulfilled at <r> = 30.00
Oligomer restraint [43.10, 13.40] Å fulfilled at <r> = 42.38

Residue 10

Depth restraint [18.90, 35.00] Å fulfilled at <r> = 28.50
Oligomer restraint [46.40, 14.60] Å fulfilled at <r> = 40.74

Residue 11

Beacon restraint [24.50, 16.38] Å to residue 34 fulfilled at <r> = 25.47
Beacon restraint [15.00, 18.01] Å to residue 59 fulfilled at <r> = 20.04
Depth restraint [17.30, 35.00] Å fulfilled at <r> = 26.50
Oligomer restraint [45.70, 11.70] Å fulfilled at <r> = 48.93

Residue 12

Depth restraint [20.60, 35.00] Å fulfilled at <r> = 24.50
Oligomer restraint [49.60, 13.60] Å fulfilled at <r> = 39.52

Residue 13


--- Final statistics ---

Total runtime: 0 h 3 min.
 0.00% of maximum number of MC trials spent.
Ensemble with 25 models generated.
33 backbone models were generated.
73.55% of all trials had restraint violations.
This is a success rate of 264540.3 ppm.
 0.38% of all trials had internal loop backbone clashes.
22.89% of all trials hand backbone clashes with the protein.
The sidegroup clash threshold was  1.2 Å.
 6.06% of the backbone models lead to internal sidegroup clashes.
18.18% of the backbone models lead to sidegroup clashes with the protein.

The run had a time limit of: 2 h 0 min.
The run had a limit of 500000000 Monte Carlo trials.
25 models had been requested with an ensemble probability of 0.50.
The number of Gaussian-type restraints was 13.
Ramachandran statistics without secondary structure elements was used.

--- Distribution shifts and overlaps ---

Shift [Å]	Overlap
-5.00	0.923
-0.93	0.884
 1.97	0.948
 1.21	0.962
-2.98	0.937
-1.39	0.907
 5.11	0.937
-2.40	0.947
 0.37	0.969
-2.61	0.934
 5.51	0.902
 2.58	0.941
 3.18	0.928
