
--- Restraint fulfillment for model 1 with weight 1.000 ---


Residue 3

Monitored distance to residue 34 is <r> = 36.53
Monitored distance to residue 59 is <r> = 42.40
Monitored oligomer distance is <r> = 78.15

Residue 4

Monitored oligomer distance is <r> = 66.84

Residue 5


Residue 6


Residue 7

Monitored distance to residue 34 is <r> = 24.49
Monitored distance to residue 59 is <r> = 32.18
Monitored oligomer distance is <r> = 57.36

Residue 8


Residue 9

Monitored oligomer distance is <r> = 66.21

Residue 10

Monitored oligomer distance is <r> = 52.45

Residue 11

Monitored distance to residue 34 is <r> = 24.41
Monitored distance to residue 59 is <r> = 27.90
Monitored oligomer distance is <r> = 51.89

Residue 12

Monitored oligomer distance is <r> = 47.62

Residue 13


--- Restraint fulfillment for model 2 with weight 1.000 ---


Residue 3

Monitored distance to residue 34 is <r> = 28.86
Monitored distance to residue 59 is <r> = 37.87
Monitored oligomer distance is <r> = 60.51

Residue 4

Monitored oligomer distance is <r> = 50.72

Residue 5


Residue 6


Residue 7

Monitored distance to residue 34 is <r> = 16.99
Monitored distance to residue 59 is <r> = 25.85
Monitored oligomer distance is <r> = 30.78

Residue 8


Residue 9

Monitored oligomer distance is <r> = 42.46

Residue 10

Monitored oligomer distance is <r> = 39.63

Residue 11

Monitored distance to residue 34 is <r> = 19.32
Monitored distance to residue 59 is <r> = 29.93
Monitored oligomer distance is <r> = 48.78

Residue 12

Monitored oligomer distance is <r> = 50.34

Residue 13


--- Restraint fulfillment for model 3 with weight 1.000 ---


Residue 3

Monitored distance to residue 34 is <r> = 41.95
Monitored distance to residue 59 is <r> = 40.12
Monitored oligomer distance is <r> = 79.49

Residue 4

Monitored oligomer distance is <r> = 87.91

Residue 5


Residue 6


Residue 7

Monitored distance to residue 34 is <r> = 37.06
Monitored distance to residue 59 is <r> = 36.46
Monitored oligomer distance is <r> = 75.00

Residue 8


Residue 9

Monitored oligomer distance is <r> = 62.91

Residue 10

Monitored oligomer distance is <r> = 65.21

Residue 11

Monitored distance to residue 34 is <r> = 25.10
Monitored distance to residue 59 is <r> = 27.98
Monitored oligomer distance is <r> = 53.55

Residue 12

Monitored oligomer distance is <r> = 46.33

Residue 13


--- Restraint fulfillment for model 4 with weight 1.000 ---


Residue 3

Monitored distance to residue 34 is <r> = 32.20
Monitored distance to residue 59 is <r> = 28.27
Monitored oligomer distance is <r> = 42.84

Residue 4

Monitored oligomer distance is <r> = 49.44

Residue 5


Residue 6


Residue 7

Monitored distance to residue 34 is <r> = 19.29
Monitored distance to residue 59 is <r> = 22.75
Monitored oligomer distance is <r> = 33.54

Residue 8


Residue 9

Monitored oligomer distance is <r> = 36.37

Residue 10

Monitored oligomer distance is <r> = 50.72

Residue 11

Monitored distance to residue 34 is <r> = 26.61
Monitored distance to residue 59 is <r> = 21.09
Monitored oligomer distance is <r> = 50.08

Residue 12

Monitored oligomer distance is <r> = 38.18

Residue 13


--- Restraint fulfillment for model 5 with weight 1.000 ---


Residue 3

Monitored distance to residue 34 is <r> = 20.03
Monitored distance to residue 59 is <r> = 33.26
Monitored oligomer distance is <r> = 50.92

Residue 4

Monitored oligomer distance is <r> = 39.62

Residue 5


Residue 6


Residue 7

Monitored distance to residue 34 is <r> = 25.88
Monitored distance to residue 59 is <r> = 37.73
Monitored oligomer distance is <r> = 60.22

Residue 8


Residue 9

Monitored oligomer distance is <r> = 60.79

Residue 10

Monitored oligomer distance is <r> = 63.90

Residue 11

Monitored distance to residue 34 is <r> = 24.36
Monitored distance to residue 59 is <r> = 26.65
Monitored oligomer distance is <r> = 51.92

Residue 12

Monitored oligomer distance is <r> = 49.28

Residue 13


--- Restraint fulfillment for model 6 with weight 1.000 ---


Residue 3

Monitored distance to residue 34 is <r> = 31.36
Monitored distance to residue 59 is <r> = 22.40
Monitored oligomer distance is <r> = 35.51

Residue 4

Monitored oligomer distance is <r> = 37.47

Residue 5


Residue 6


Residue 7

Monitored distance to residue 34 is <r> = 19.62
Monitored distance to residue 59 is <r> = 18.13
Monitored oligomer distance is <r> = 25.20

Residue 8


Residue 9

Monitored oligomer distance is <r> = 33.44

Residue 10

Monitored oligomer distance is <r> = 32.10

Residue 11

Monitored distance to residue 34 is <r> = 24.45
Monitored distance to residue 59 is <r> = 18.96
Monitored oligomer distance is <r> = 46.37

Residue 12

Monitored oligomer distance is <r> = 45.75

Residue 13


--- Restraint fulfillment for model 7 with weight 1.000 ---


Residue 3

Monitored distance to residue 34 is <r> = 20.68
Monitored distance to residue 59 is <r> = 36.94
Monitored oligomer distance is <r> = 53.29

Residue 4

Monitored oligomer distance is <r> = 58.03

Residue 5


Residue 6


Residue 7

Monitored distance to residue 34 is <r> = 16.86
Monitored distance to residue 59 is <r> = 29.96
Monitored oligomer distance is <r> = 42.62

Residue 8


Residue 9

Monitored oligomer distance is <r> = 52.47

Residue 10

Monitored oligomer distance is <r> = 56.30

Residue 11

Monitored distance to residue 34 is <r> = 18.75
Monitored distance to residue 59 is <r> = 21.87
Monitored oligomer distance is <r> = 39.18

Residue 12

Monitored oligomer distance is <r> = 56.96

Residue 13


--- Restraint fulfillment for model 8 with weight 1.000 ---


Residue 3

Monitored distance to residue 34 is <r> = 41.73
Monitored distance to residue 59 is <r> = 47.69
Monitored oligomer distance is <r> = 82.46

Residue 4

Monitored oligomer distance is <r> = 70.09

Residue 5


Residue 6


Residue 7

Monitored distance to residue 34 is <r> = 28.66
Monitored distance to residue 59 is <r> = 34.19
Monitored oligomer distance is <r> = 59.00

Residue 8


Residue 9

Monitored oligomer distance is <r> = 48.44

Residue 10

Monitored oligomer distance is <r> = 42.26

Residue 11

Monitored distance to residue 34 is <r> = 27.52
Monitored distance to residue 59 is <r> = 29.80
Monitored oligomer distance is <r> = 59.09

Residue 12

Monitored oligomer distance is <r> = 49.27

Residue 13


--- Restraint fulfillment for model 9 with weight 1.000 ---


Residue 3

Monitored distance to residue 34 is <r> = 19.16
Monitored distance to residue 59 is <r> = 26.51
Monitored oligomer distance is <r> = 37.55

Residue 4

Monitored oligomer distance is <r> = 46.78

Residue 5


Residue 6


Residue 7

Monitored distance to residue 34 is <r> = 32.69
Monitored distance to residue 59 is <r> = 42.81
Monitored oligomer distance is <r> = 70.73

Residue 8


Residue 9

Monitored oligomer distance is <r> = 62.23

Residue 10

Monitored oligomer distance is <r> = 68.27

Residue 11

Monitored distance to residue 34 is <r> = 26.53
Monitored distance to residue 59 is <r> = 29.38
Monitored oligomer distance is <r> = 56.18

Residue 12

Monitored oligomer distance is <r> = 51.76

Residue 13


--- Restraint fulfillment for model 10 with weight 1.000 ---


Residue 3

Monitored distance to residue 34 is <r> = 29.44
Monitored distance to residue 59 is <r> = 31.37
Monitored oligomer distance is <r> = 33.12

Residue 4

Monitored oligomer distance is <r> = 38.45

Residue 5


Residue 6


Residue 7

Monitored distance to residue 34 is <r> = 19.76
Monitored distance to residue 59 is <r> = 26.15
Monitored oligomer distance is <r> = 32.43

Residue 8


Residue 9

Monitored oligomer distance is <r> = 46.06

Residue 10

Monitored oligomer distance is <r> = 52.33

Residue 11

Monitored distance to residue 34 is <r> = 17.08
Monitored distance to residue 59 is <r> = 23.58
Monitored oligomer distance is <r> = 39.01

Residue 12

Monitored oligomer distance is <r> = 56.97

Residue 13


--- Restraint fulfillment for model 11 with weight 1.000 ---


Residue 3

Monitored distance to residue 34 is <r> = 26.11
Monitored distance to residue 59 is <r> = 25.11
Monitored oligomer distance is <r> = 52.20

Residue 4

Monitored oligomer distance is <r> = 51.01

Residue 5


Residue 6


Residue 7

Monitored distance to residue 34 is <r> = 22.69
Monitored distance to residue 59 is <r> = 14.33
Monitored oligomer distance is <r> = 33.65

Residue 8


Residue 9

Monitored oligomer distance is <r> = 40.06

Residue 10

Monitored oligomer distance is <r> = 43.18

Residue 11

Monitored distance to residue 34 is <r> = 14.36
Monitored distance to residue 59 is <r> = 20.85
Monitored oligomer distance is <r> = 32.40

Residue 12

Monitored oligomer distance is <r> = 45.72

Residue 13


--- Restraint fulfillment for model 12 with weight 1.000 ---


Residue 3

Monitored distance to residue 34 is <r> = 22.60
Monitored distance to residue 59 is <r> = 23.46
Monitored oligomer distance is <r> = 23.45

Residue 4

Monitored oligomer distance is <r> = 33.29

Residue 5


Residue 6


Residue 7

Monitored distance to residue 34 is <r> = 18.78
Monitored distance to residue 59 is <r> = 27.99
Monitored oligomer distance is <r> = 42.33

Residue 8


Residue 9

Monitored oligomer distance is <r> = 32.14

Residue 10

Monitored oligomer distance is <r> = 43.52

Residue 11

Monitored distance to residue 34 is <r> = 22.74
Monitored distance to residue 59 is <r> = 23.12
Monitored oligomer distance is <r> = 44.96

Residue 12

Monitored oligomer distance is <r> = 55.34

Residue 13


--- Restraint fulfillment for model 13 with weight 1.000 ---


Residue 3

Monitored distance to residue 34 is <r> = 33.26
Monitored distance to residue 59 is <r> = 28.62
Monitored oligomer distance is <r> = 58.99

Residue 4

Monitored oligomer distance is <r> = 49.98

Residue 5


Residue 6


Residue 7

Monitored distance to residue 34 is <r> = 23.56
Monitored distance to residue 59 is <r> = 32.45
Monitored oligomer distance is <r> = 43.20

Residue 8


Residue 9

Monitored oligomer distance is <r> = 44.36

Residue 10

Monitored oligomer distance is <r> = 51.61

Residue 11

Monitored distance to residue 34 is <r> = 20.69
Monitored distance to residue 59 is <r> = 27.00
Monitored oligomer distance is <r> = 47.51

Residue 12

Monitored oligomer distance is <r> = 59.56

Residue 13


--- Restraint fulfillment for model 14 with weight 1.000 ---


Residue 3

Monitored distance to residue 34 is <r> = 39.74
Monitored distance to residue 59 is <r> = 41.69
Monitored oligomer distance is <r> = 82.02

Residue 4

Monitored oligomer distance is <r> = 83.05

Residue 5


Residue 6


Residue 7

Monitored distance to residue 34 is <r> = 35.12
Monitored distance to residue 59 is <r> = 37.17
Monitored oligomer distance is <r> = 71.99

Residue 8


Residue 9

Monitored oligomer distance is <r> = 58.05

Residue 10

Monitored oligomer distance is <r> = 60.09

Residue 11

Monitored distance to residue 34 is <r> = 21.37
Monitored distance to residue 59 is <r> = 24.59
Monitored oligomer distance is <r> = 46.05

Residue 12

Monitored oligomer distance is <r> = 47.46

Residue 13


--- Restraint fulfillment for model 15 with weight 1.000 ---


Residue 3

Monitored distance to residue 34 is <r> = 29.35
Monitored distance to residue 59 is <r> = 25.69
Monitored oligomer distance is <r> = 30.84

Residue 4

Monitored oligomer distance is <r> = 20.40

Residue 5


Residue 6


Residue 7

Monitored distance to residue 34 is <r> = 19.44
Monitored distance to residue 59 is <r> = 24.64
Monitored oligomer distance is <r> = 29.52

Residue 8


Residue 9

Monitored oligomer distance is <r> = 46.48

Residue 10

Monitored oligomer distance is <r> = 43.04

Residue 11

Monitored distance to residue 34 is <r> = 16.74
Monitored distance to residue 59 is <r> = 23.53
Monitored oligomer distance is <r> = 36.63

Residue 12

Monitored oligomer distance is <r> = 53.76

Residue 13


--- Restraint fulfillment for model 16 with weight 1.000 ---


Residue 3

Monitored distance to residue 34 is <r> = 24.93
Monitored distance to residue 59 is <r> = 26.30
Monitored oligomer distance is <r> = 50.96

Residue 4

Monitored oligomer distance is <r> = 64.40

Residue 5


Residue 6


Residue 7

Monitored distance to residue 34 is <r> = 37.72
Monitored distance to residue 59 is <r> = 36.39
Monitored oligomer distance is <r> = 75.84

Residue 8


Residue 9

Monitored oligomer distance is <r> = 65.53

Residue 10

Monitored oligomer distance is <r> = 62.82

Residue 11

Monitored distance to residue 34 is <r> = 22.22
Monitored distance to residue 59 is <r> = 25.26
Monitored oligomer distance is <r> = 47.26

Residue 12

Monitored oligomer distance is <r> = 54.28

Residue 13


--- Restraint fulfillment for model 17 with weight 1.000 ---


Residue 3

Monitored distance to residue 34 is <r> = 30.85
Monitored distance to residue 59 is <r> = 29.31
Monitored oligomer distance is <r> = 59.01

Residue 4

Monitored oligomer distance is <r> = 56.08

Residue 5


Residue 6


Residue 7

Monitored distance to residue 34 is <r> = 38.24
Monitored distance to residue 59 is <r> = 41.34
Monitored oligomer distance is <r> = 79.69

Residue 8


Residue 9

Monitored oligomer distance is <r> = 75.68

Residue 10

Monitored oligomer distance is <r> = 62.91

Residue 11

Monitored distance to residue 34 is <r> = 24.10
Monitored distance to residue 59 is <r> = 27.97
Monitored oligomer distance is <r> = 52.97

Residue 12

Monitored oligomer distance is <r> = 45.70

Residue 13


--- Restraint fulfillment for model 18 with weight 1.000 ---


Residue 3

Monitored distance to residue 34 is <r> = 23.28
Monitored distance to residue 59 is <r> = 28.43
Monitored oligomer distance is <r> = 51.48

Residue 4

Monitored oligomer distance is <r> = 38.58

Residue 5


Residue 6


Residue 7

Monitored distance to residue 34 is <r> = 23.02
Monitored distance to residue 59 is <r> = 25.80
Monitored oligomer distance is <r> = 49.35

Residue 8


Residue 9

Monitored oligomer distance is <r> = 38.96

Residue 10

Monitored oligomer distance is <r> = 59.34

Residue 11

Monitored distance to residue 34 is <r> = 29.22
Monitored distance to residue 59 is <r> = 29.04
Monitored oligomer distance is <r> = 60.85

Residue 12

Monitored oligomer distance is <r> = 40.04

Residue 13


--- Restraint fulfillment for model 19 with weight 1.000 ---


Residue 3

Monitored distance to residue 34 is <r> = 32.27
Monitored distance to residue 59 is <r> = 20.26
Monitored oligomer distance is <r> = 48.94

Residue 4

Monitored oligomer distance is <r> = 34.28

Residue 5


Residue 6


Residue 7

Monitored distance to residue 34 is <r> = 32.67
Monitored distance to residue 59 is <r> = 20.85
Monitored oligomer distance is <r> = 54.55

Residue 8


Residue 9

Monitored oligomer distance is <r> = 42.48

Residue 10

Monitored oligomer distance is <r> = 35.02

Residue 11

Monitored distance to residue 34 is <r> = 26.87
Monitored distance to residue 59 is <r> = 22.40
Monitored oligomer distance is <r> = 52.68

Residue 12

Monitored oligomer distance is <r> = 42.22

Residue 13


--- Restraint fulfillment for model 20 with weight 1.000 ---


Residue 3

Monitored distance to residue 34 is <r> = 28.04
Monitored distance to residue 59 is <r> = 36.34
Monitored oligomer distance is <r> = 58.70

Residue 4

Monitored oligomer distance is <r> = 63.52

Residue 5


Residue 6


Residue 7

Monitored distance to residue 34 is <r> = 19.74
Monitored distance to residue 59 is <r> = 29.42
Monitored oligomer distance is <r> = 41.33

Residue 8


Residue 9

Monitored oligomer distance is <r> = 32.82

Residue 10

Monitored oligomer distance is <r> = 39.13

Residue 11

Monitored distance to residue 34 is <r> = 24.37
Monitored distance to residue 59 is <r> = 31.68
Monitored oligomer distance is <r> = 56.11

Residue 12

Monitored oligomer distance is <r> = 53.48

Residue 13


--- Restraint fulfillment for model 21 with weight 1.000 ---


Residue 3

Monitored distance to residue 34 is <r> = 23.10
Monitored distance to residue 59 is <r> = 14.01
Monitored oligomer distance is <r> = 31.23

Residue 4

Monitored oligomer distance is <r> = 26.20

Residue 5


Residue 6


Residue 7

Monitored distance to residue 34 is <r> = 25.54
Monitored distance to residue 59 is <r> = 22.36
Monitored oligomer distance is <r> = 40.05

Residue 8


Residue 9

Monitored oligomer distance is <r> = 48.40

Residue 10

Monitored oligomer distance is <r> = 35.29

Residue 11

Monitored distance to residue 34 is <r> = 22.13
Monitored distance to residue 59 is <r> = 29.59
Monitored oligomer distance is <r> = 50.51

Residue 12

Monitored oligomer distance is <r> = 57.49

Residue 13


--- Restraint fulfillment for model 22 with weight 1.000 ---


Residue 3

Monitored distance to residue 34 is <r> = 23.96
Monitored distance to residue 59 is <r> = 34.04
Monitored oligomer distance is <r> = 48.68

Residue 4

Monitored oligomer distance is <r> = 60.57

Residue 5


Residue 6


Residue 7

Monitored distance to residue 34 is <r> = 33.88
Monitored distance to residue 59 is <r> = 34.32
Monitored oligomer distance is <r> = 63.93

Residue 8


Residue 9

Monitored oligomer distance is <r> = 56.66

Residue 10

Monitored oligomer distance is <r> = 64.46

Residue 11

Monitored distance to residue 34 is <r> = 25.51
Monitored distance to residue 59 is <r> = 21.76
Monitored oligomer distance is <r> = 48.38

Residue 12

Monitored oligomer distance is <r> = 43.72

Residue 13


--- Restraint fulfillment for model 23 with weight 1.000 ---


Residue 3

Monitored distance to residue 34 is <r> = 18.33
Monitored distance to residue 59 is <r> = 32.38
Monitored oligomer distance is <r> = 47.47

Residue 4

Monitored oligomer distance is <r> = 44.08

Residue 5


Residue 6


Residue 7

Monitored distance to residue 34 is <r> = 30.02
Monitored distance to residue 59 is <r> = 39.85
Monitored oligomer distance is <r> = 62.14

Residue 8


Residue 9

Monitored oligomer distance is <r> = 67.21

Residue 10

Monitored oligomer distance is <r> = 59.73

Residue 11

Monitored distance to residue 34 is <r> = 27.41
Monitored distance to residue 59 is <r> = 29.97
Monitored oligomer distance is <r> = 58.62

Residue 12

Monitored oligomer distance is <r> = 46.30

Residue 13


--- Restraint fulfillment for model 24 with weight 1.000 ---


Residue 3

Monitored distance to residue 34 is <r> = 36.52
Monitored distance to residue 59 is <r> = 23.65
Monitored oligomer distance is <r> = 58.79

Residue 4

Monitored oligomer distance is <r> = 63.74

Residue 5


Residue 6


Residue 7

Monitored distance to residue 34 is <r> = 23.06
Monitored distance to residue 59 is <r> = 20.40
Monitored oligomer distance is <r> = 36.54

Residue 8


Residue 9

Monitored oligomer distance is <r> = 46.49

Residue 10

Monitored oligomer distance is <r> = 34.10

Residue 11

Monitored distance to residue 34 is <r> = 27.16
Monitored distance to residue 59 is <r> = 20.39
Monitored oligomer distance is <r> = 50.44

Residue 12

Monitored oligomer distance is <r> = 39.11

Residue 13


--- Restraint fulfillment for model 25 with weight 1.000 ---


Residue 3

Monitored distance to residue 34 is <r> = 44.22
Monitored distance to residue 59 is <r> = 39.89
Monitored oligomer distance is <r> = 77.93

Residue 4

Monitored oligomer distance is <r> = 68.96

Residue 5


Residue 6


Residue 7

Monitored distance to residue 34 is <r> = 34.93
Monitored distance to residue 59 is <r> = 29.63
Monitored oligomer distance is <r> = 63.40

Residue 8


Residue 9

Monitored oligomer distance is <r> = 57.45

Residue 10

Monitored oligomer distance is <r> = 49.61

Residue 11

Monitored distance to residue 34 is <r> = 31.18
Monitored distance to residue 59 is <r> = 32.04
Monitored oligomer distance is <r> = 65.49

Residue 12

Monitored oligomer distance is <r> = 57.17

Residue 13


--- Restraint fulfillment for model 26 with weight 1.000 ---


Residue 3

Monitored distance to residue 34 is <r> = 37.16
Monitored distance to residue 59 is <r> = 41.22
Monitored oligomer distance is <r> = 72.00

Residue 4

Monitored oligomer distance is <r> = 75.25

Residue 5


Residue 6


Residue 7

Monitored distance to residue 34 is <r> = 28.99
Monitored distance to residue 59 is <r> = 29.99
Monitored oligomer distance is <r> = 59.63

Residue 8


Residue 9

Monitored oligomer distance is <r> = 45.16

Residue 10

Monitored oligomer distance is <r> = 39.81

Residue 11

Monitored distance to residue 34 is <r> = 18.22
Monitored distance to residue 59 is <r> = 25.18
Monitored oligomer distance is <r> = 42.74

Residue 12

Monitored oligomer distance is <r> = 58.35

Residue 13


--- Restraint fulfillment for model 27 with weight 1.000 ---


Residue 3

Monitored distance to residue 34 is <r> = 29.21
Monitored distance to residue 59 is <r> = 36.01
Monitored oligomer distance is <r> = 65.84

Residue 4

Monitored oligomer distance is <r> = 62.88

Residue 5


Residue 6


Residue 7

Monitored distance to residue 34 is <r> = 26.13
Monitored distance to residue 59 is <r> = 38.81
Monitored oligomer distance is <r> = 62.90

Residue 8


Residue 9

Monitored oligomer distance is <r> = 57.53

Residue 10

Monitored oligomer distance is <r> = 43.07

Residue 11

Monitored distance to residue 34 is <r> = 20.71
Monitored distance to residue 59 is <r> = 29.27
Monitored oligomer distance is <r> = 49.53

Residue 12

Monitored oligomer distance is <r> = 50.64

Residue 13


--- Restraint fulfillment for model 28 with weight 1.000 ---


Residue 3

Monitored distance to residue 34 is <r> = 31.05
Monitored distance to residue 59 is <r> = 32.66
Monitored oligomer distance is <r> = 63.00

Residue 4

Monitored oligomer distance is <r> = 83.91

Residue 5


Residue 6


Residue 7

Monitored distance to residue 34 is <r> = 36.47
Monitored distance to residue 59 is <r> = 38.30
Monitored oligomer distance is <r> = 73.46

Residue 8


Residue 9

Monitored oligomer distance is <r> = 58.12

Residue 10

Monitored oligomer distance is <r> = 50.58

Residue 11

Monitored distance to residue 34 is <r> = 28.24
Monitored distance to residue 59 is <r> = 31.55
Monitored oligomer distance is <r> = 61.84

Residue 12

Monitored oligomer distance is <r> = 50.87

Residue 13


--- Restraint fulfillment for model 29 with weight 1.000 ---


Residue 3

Monitored distance to residue 34 is <r> = 34.44
Monitored distance to residue 59 is <r> = 28.49
Monitored oligomer distance is <r> = 49.00

Residue 4

Monitored oligomer distance is <r> = 51.10

Residue 5


Residue 6


Residue 7

Monitored distance to residue 34 is <r> = 23.69
Monitored distance to residue 59 is <r> = 17.80
Monitored oligomer distance is <r> = 38.55

Residue 8


Residue 9

Monitored oligomer distance is <r> = 37.16

Residue 10

Monitored oligomer distance is <r> = 46.53

Residue 11

Monitored distance to residue 34 is <r> = 27.07
Monitored distance to residue 59 is <r> = 21.56
Monitored oligomer distance is <r> = 50.90

Residue 12

Monitored oligomer distance is <r> = 39.49

Residue 13


--- Restraint fulfillment for model 30 with weight 1.000 ---


Residue 3

Monitored distance to residue 34 is <r> = 36.52
Monitored distance to residue 59 is <r> = 42.78
Monitored oligomer distance is <r> = 75.71

Residue 4

Monitored oligomer distance is <r> = 80.08

Residue 5


Residue 6


Residue 7

Monitored distance to residue 34 is <r> = 33.72
Monitored distance to residue 59 is <r> = 33.30
Monitored oligomer distance is <r> = 66.81

Residue 8


Residue 9

Monitored oligomer distance is <r> = 62.42

Residue 10

Monitored oligomer distance is <r> = 52.91

Residue 11

Monitored distance to residue 34 is <r> = 21.36
Monitored distance to residue 59 is <r> = 23.35
Monitored oligomer distance is <r> = 43.98

Residue 12

Monitored oligomer distance is <r> = 53.29

Residue 13


--- Restraint fulfillment for model 31 with weight 1.000 ---


Residue 3

Monitored distance to residue 34 is <r> = 38.54
Monitored distance to residue 59 is <r> = 29.95
Monitored oligomer distance is <r> = 69.95

Residue 4

Monitored oligomer distance is <r> = 75.81

Residue 5


Residue 6


Residue 7

Monitored distance to residue 34 is <r> = 26.14
Monitored distance to residue 59 is <r> = 25.02
Monitored oligomer distance is <r> = 50.32

Residue 8


Residue 9

Monitored oligomer distance is <r> = 66.43

Residue 10

Monitored oligomer distance is <r> = 53.43

Residue 11

Monitored distance to residue 34 is <r> = 31.66
Monitored distance to residue 59 is <r> = 31.79
Monitored oligomer distance is <r> = 65.64

Residue 12

Monitored oligomer distance is <r> = 55.76

Residue 13


--- Restraint fulfillment for model 32 with weight 1.000 ---


Residue 3

Monitored distance to residue 34 is <r> = 34.25
Monitored distance to residue 59 is <r> = 24.41
Monitored oligomer distance is <r> = 55.98

Residue 4

Monitored oligomer distance is <r> = 71.87

Residue 5


Residue 6


Residue 7

Monitored distance to residue 34 is <r> = 23.99
Monitored distance to residue 59 is <r> = 16.43
Monitored oligomer distance is <r> = 42.87

Residue 8


Residue 9

Monitored oligomer distance is <r> = 44.76

Residue 10

Monitored oligomer distance is <r> = 60.52

Residue 11

Monitored distance to residue 34 is <r> = 29.50
Monitored distance to residue 59 is <r> = 29.45
Monitored oligomer distance is <r> = 61.43

Residue 12

Monitored oligomer distance is <r> = 44.89

Residue 13


--- Restraint fulfillment for model 33 with weight 1.000 ---


Residue 3

Monitored distance to residue 34 is <r> = 25.77
Monitored distance to residue 59 is <r> = 34.03
Monitored oligomer distance is <r> = 56.40

Residue 4

Monitored oligomer distance is <r> = 59.62

Residue 5


Residue 6


Residue 7

Monitored distance to residue 34 is <r> = 23.50
Monitored distance to residue 59 is <r> = 22.32
Monitored oligomer distance is <r> = 47.14

Residue 8


Residue 9

Monitored oligomer distance is <r> = 65.83

Residue 10

Monitored oligomer distance is <r> = 55.16

Residue 11

Monitored distance to residue 34 is <r> = 29.50
Monitored distance to residue 59 is <r> = 33.46
Monitored oligomer distance is <r> = 64.57

Residue 12

Monitored oligomer distance is <r> = 51.49

Residue 13


--- Restraint fulfillment for model 34 with weight 1.000 ---


Residue 3

Monitored distance to residue 34 is <r> = 13.58
Monitored distance to residue 59 is <r> = 18.04
Monitored oligomer distance is <r> = 19.46

Residue 4

Monitored oligomer distance is <r> = 23.17

Residue 5


Residue 6


Residue 7

Monitored distance to residue 34 is <r> = 23.10
Monitored distance to residue 59 is <r> = 16.72
Monitored oligomer distance is <r> = 31.30

Residue 8


Residue 9

Monitored oligomer distance is <r> = 37.46

Residue 10

Monitored oligomer distance is <r> = 38.04

Residue 11

Monitored distance to residue 34 is <r> = 22.05
Monitored distance to residue 59 is <r> = 17.16
Monitored oligomer distance is <r> = 39.33

Residue 12

Monitored oligomer distance is <r> = 38.32

Residue 13


--- Restraint fulfillment for model 35 with weight 1.000 ---


Residue 3

Monitored distance to residue 34 is <r> = 23.39
Monitored distance to residue 59 is <r> = 34.37
Monitored oligomer distance is <r> = 56.03

Residue 4

Monitored oligomer distance is <r> = 56.47

Residue 5


Residue 6


Residue 7

Monitored distance to residue 34 is <r> = 36.70
Monitored distance to residue 59 is <r> = 42.53
Monitored oligomer distance is <r> = 78.79

Residue 8


Residue 9

Monitored oligomer distance is <r> = 74.03

Residue 10

Monitored oligomer distance is <r> = 61.10

Residue 11

Monitored distance to residue 34 is <r> = 27.99
Monitored distance to residue 59 is <r> = 29.01
Monitored oligomer distance is <r> = 58.45

Residue 12

Monitored oligomer distance is <r> = 49.95

Residue 13


--- Restraint fulfillment for model 36 with weight 1.000 ---


Residue 3

Monitored distance to residue 34 is <r> = 29.42
Monitored distance to residue 59 is <r> = 32.07
Monitored oligomer distance is <r> = 55.72

Residue 4

Monitored oligomer distance is <r> = 68.28

Residue 5


Residue 6


Residue 7

Monitored distance to residue 34 is <r> = 34.76
Monitored distance to residue 59 is <r> = 36.68
Monitored oligomer distance is <r> = 71.27

Residue 8


Residue 9

Monitored oligomer distance is <r> = 67.44

Residue 10

Monitored oligomer distance is <r> = 53.46

Residue 11

Monitored distance to residue 34 is <r> = 29.55
Monitored distance to residue 59 is <r> = 33.34
Monitored oligomer distance is <r> = 63.59

Residue 12

Monitored oligomer distance is <r> = 58.06

Residue 13


--- Restraint fulfillment for model 37 with weight 1.000 ---


Residue 3

Monitored distance to residue 34 is <r> = 22.45
Monitored distance to residue 59 is <r> = 32.58
Monitored oligomer distance is <r> = 51.12

Residue 4

Monitored oligomer distance is <r> = 44.31

Residue 5


Residue 6


Residue 7

Monitored distance to residue 34 is <r> = 20.59
Monitored distance to residue 59 is <r> = 28.94
Monitored oligomer distance is <r> = 49.64

Residue 8


Residue 9

Monitored oligomer distance is <r> = 70.00

Residue 10

Monitored oligomer distance is <r> = 55.30

Residue 11

Monitored distance to residue 34 is <r> = 27.48
Monitored distance to residue 59 is <r> = 29.15
Monitored oligomer distance is <r> = 57.55

Residue 12

Monitored oligomer distance is <r> = 51.74

Residue 13


--- Restraint fulfillment for model 38 with weight 1.000 ---


Residue 3

Monitored distance to residue 34 is <r> = 17.83
Monitored distance to residue 59 is <r> = 22.71
Monitored oligomer distance is <r> = 29.20

Residue 4

Monitored oligomer distance is <r> = 34.28

Residue 5


Residue 6


Residue 7

Monitored distance to residue 34 is <r> = 19.05
Monitored distance to residue 59 is <r> = 20.01
Monitored oligomer distance is <r> = 39.58

Residue 8


Residue 9

Monitored oligomer distance is <r> = 63.41

Residue 10

Monitored oligomer distance is <r> = 64.39

Residue 11

Monitored distance to residue 34 is <r> = 27.62
Monitored distance to residue 59 is <r> = 32.83
Monitored oligomer distance is <r> = 61.84

Residue 12

Monitored oligomer distance is <r> = 48.91

Residue 13


--- Restraint fulfillment for model 39 with weight 1.000 ---


Residue 3

Monitored distance to residue 34 is <r> = 29.14
Monitored distance to residue 59 is <r> = 33.63
Monitored oligomer distance is <r> = 57.60

Residue 4

Monitored oligomer distance is <r> = 71.29

Residue 5


Residue 6


Residue 7

Monitored distance to residue 34 is <r> = 27.98
Monitored distance to residue 59 is <r> = 27.96
Monitored oligomer distance is <r> = 58.52

Residue 8


Residue 9

Monitored oligomer distance is <r> = 57.90

Residue 10

Monitored oligomer distance is <r> = 52.14

Residue 11

Monitored distance to residue 34 is <r> = 22.27
Monitored distance to residue 59 is <r> = 24.74
Monitored oligomer distance is <r> = 48.30

Residue 12

Monitored oligomer distance is <r> = 48.69

Residue 13


--- Restraint fulfillment for model 40 with weight 1.000 ---


Residue 3

Monitored distance to residue 34 is <r> = 19.40
Monitored distance to residue 59 is <r> = 35.04
Monitored oligomer distance is <r> = 38.15

Residue 4

Monitored oligomer distance is <r> = 51.32

Residue 5


Residue 6


Residue 7

Monitored distance to residue 34 is <r> = 24.40
Monitored distance to residue 59 is <r> = 33.70
Monitored oligomer distance is <r> = 53.13

Residue 8


Residue 9

Monitored oligomer distance is <r> = 49.27

Residue 10

Monitored oligomer distance is <r> = 37.17

Residue 11

Monitored distance to residue 34 is <r> = 23.43
Monitored distance to residue 59 is <r> = 30.05
Monitored oligomer distance is <r> = 53.78

Residue 12

Monitored oligomer distance is <r> = 57.68

Residue 13


--- Restraint fulfillment for model 41 with weight 1.000 ---


Residue 3

Monitored distance to residue 34 is <r> = 26.90
Monitored distance to residue 59 is <r> = 29.03
Monitored oligomer distance is <r> = 53.62

Residue 4

Monitored oligomer distance is <r> = 46.37

Residue 5


Residue 6


Residue 7

Monitored distance to residue 34 is <r> = 31.52
Monitored distance to residue 59 is <r> = 34.10
Monitored oligomer distance is <r> = 66.92

Residue 8


Residue 9

Monitored oligomer distance is <r> = 52.67

Residue 10

Monitored oligomer distance is <r> = 47.08

Residue 11

Monitored distance to residue 34 is <r> = 20.21
Monitored distance to residue 59 is <r> = 22.66
Monitored oligomer distance is <r> = 42.38

Residue 12

Monitored oligomer distance is <r> = 59.19

Residue 13


--- Restraint fulfillment for model 42 with weight 1.000 ---


Residue 3

Monitored distance to residue 34 is <r> = 39.07
Monitored distance to residue 59 is <r> = 38.28
Monitored oligomer distance is <r> = 78.38

Residue 4

Monitored oligomer distance is <r> = 80.52

Residue 5


Residue 6


Residue 7

Monitored distance to residue 34 is <r> = 30.91
Monitored distance to residue 59 is <r> = 38.59
Monitored oligomer distance is <r> = 69.14

Residue 8


Residue 9

Monitored oligomer distance is <r> = 55.83

Residue 10

Monitored oligomer distance is <r> = 46.67

Residue 11

Monitored distance to residue 34 is <r> = 17.48
Monitored distance to residue 59 is <r> = 21.32
Monitored oligomer distance is <r> = 37.26

Residue 12

Monitored oligomer distance is <r> = 55.24

Residue 13


--- Restraint fulfillment for model 43 with weight 1.000 ---


Residue 3

Monitored distance to residue 34 is <r> = 26.41
Monitored distance to residue 59 is <r> = 35.31
Monitored oligomer distance is <r> = 53.96

Residue 4

Monitored oligomer distance is <r> = 67.50

Residue 5


Residue 6


Residue 7

Monitored distance to residue 34 is <r> = 31.95
Monitored distance to residue 59 is <r> = 40.57
Monitored oligomer distance is <r> = 71.45

Residue 8


Residue 9

Monitored oligomer distance is <r> = 74.21

Residue 10

Monitored oligomer distance is <r> = 62.96

Residue 11

Monitored distance to residue 34 is <r> = 31.95
Monitored distance to residue 59 is <r> = 31.36
Monitored oligomer distance is <r> = 65.65

Residue 12

Monitored oligomer distance is <r> = 49.25

Residue 13


--- Restraint fulfillment for model 44 with weight 1.000 ---


Residue 3

Monitored distance to residue 34 is <r> = 25.69
Monitored distance to residue 59 is <r> = 31.14
Monitored oligomer distance is <r> = 32.90

Residue 4

Monitored oligomer distance is <r> = 45.67

Residue 5


Residue 6


Residue 7

Monitored distance to residue 34 is <r> = 21.93
Monitored distance to residue 59 is <r> = 31.04
Monitored oligomer distance is <r> = 44.17

Residue 8


Residue 9

Monitored oligomer distance is <r> = 39.40

Residue 10

Monitored oligomer distance is <r> = 55.39

Residue 11

Monitored distance to residue 34 is <r> = 20.13
Monitored distance to residue 59 is <r> = 28.26
Monitored oligomer distance is <r> = 48.14

Residue 12

Monitored oligomer distance is <r> = 55.55

Residue 13


--- Restraint fulfillment for model 45 with weight 1.000 ---


Residue 3

Monitored distance to residue 34 is <r> = 13.82
Monitored distance to residue 59 is <r> = 19.68
Monitored oligomer distance is <r> = 19.00

Residue 4

Monitored oligomer distance is <r> = 22.06

Residue 5


Residue 6


Residue 7

Monitored distance to residue 34 is <r> = 20.49
Monitored distance to residue 59 is <r> = 27.07
Monitored oligomer distance is <r> = 30.94

Residue 8


Residue 9

Monitored oligomer distance is <r> = 43.67

Residue 10

Monitored oligomer distance is <r> = 42.19

Residue 11

Monitored distance to residue 34 is <r> = 20.53
Monitored distance to residue 59 is <r> = 29.85
Monitored oligomer distance is <r> = 49.43

Residue 12

Monitored oligomer distance is <r> = 55.76

Residue 13


--- Restraint fulfillment for model 46 with weight 1.000 ---


Residue 3

Monitored distance to residue 34 is <r> = 27.80
Monitored distance to residue 59 is <r> = 28.21
Monitored oligomer distance is <r> = 55.10

Residue 4

Monitored oligomer distance is <r> = 46.82

Residue 5


Residue 6


Residue 7

Monitored distance to residue 34 is <r> = 26.01
Monitored distance to residue 59 is <r> = 20.90
Monitored oligomer distance is <r> = 41.35

Residue 8


Residue 9

Monitored oligomer distance is <r> = 49.24

Residue 10

Monitored oligomer distance is <r> = 32.65

Residue 11

Monitored distance to residue 34 is <r> = 26.17
Monitored distance to residue 59 is <r> = 21.41
Monitored oligomer distance is <r> = 50.32

Residue 12

Monitored oligomer distance is <r> = 34.73

Residue 13


--- Restraint fulfillment for model 47 with weight 1.000 ---


Residue 3

Monitored distance to residue 34 is <r> = 34.05
Monitored distance to residue 59 is <r> = 19.96
Monitored oligomer distance is <r> = 49.24

Residue 4

Monitored oligomer distance is <r> = 50.55

Residue 5


Residue 6


Residue 7

Monitored distance to residue 34 is <r> = 24.09
Monitored distance to residue 59 is <r> = 20.02
Monitored oligomer distance is <r> = 39.43

Residue 8


Residue 9

Monitored oligomer distance is <r> = 47.11

Residue 10

Monitored oligomer distance is <r> = 47.74

Residue 11

Monitored distance to residue 34 is <r> = 25.90
Monitored distance to residue 59 is <r> = 18.03
Monitored oligomer distance is <r> = 46.21

Residue 12

Monitored oligomer distance is <r> = 41.44

Residue 13


--- Restraint fulfillment for model 48 with weight 1.000 ---


Residue 3

Monitored distance to residue 34 is <r> = 38.45
Monitored distance to residue 59 is <r> = 35.52
Monitored oligomer distance is <r> = 75.29

Residue 4

Monitored oligomer distance is <r> = 91.27

Residue 5


Residue 6


Residue 7

Monitored distance to residue 34 is <r> = 42.35
Monitored distance to residue 59 is <r> = 38.34
Monitored oligomer distance is <r> = 81.97

Residue 8


Residue 9

Monitored oligomer distance is <r> = 72.19

Residue 10

Monitored oligomer distance is <r> = 65.64

Residue 11

Monitored distance to residue 34 is <r> = 32.38
Monitored distance to residue 59 is <r> = 28.71
Monitored oligomer distance is <r> = 63.54

Residue 12

Monitored oligomer distance is <r> = 54.11

Residue 13


--- Restraint fulfillment for model 49 with weight 1.000 ---


Residue 3

Monitored distance to residue 34 is <r> = 25.71
Monitored distance to residue 59 is <r> = 38.55
Monitored oligomer distance is <r> = 48.72

Residue 4

Monitored oligomer distance is <r> = 52.46

Residue 5


Residue 6


Residue 7

Monitored distance to residue 34 is <r> = 24.50
Monitored distance to residue 59 is <r> = 35.41
Monitored oligomer distance is <r> = 58.69

Residue 8


Residue 9

Monitored oligomer distance is <r> = 52.52

Residue 10

Monitored oligomer distance is <r> = 40.85

Residue 11

Monitored distance to residue 34 is <r> = 26.17
Monitored distance to residue 59 is <r> = 31.62
Monitored oligomer distance is <r> = 59.22

Residue 12

Monitored oligomer distance is <r> = 51.65

Residue 13


--- Restraint fulfillment for model 50 with weight 1.000 ---


Residue 3

Monitored distance to residue 34 is <r> = 28.27
Monitored distance to residue 59 is <r> = 23.20
Monitored oligomer distance is <r> = 53.20

Residue 4

Monitored oligomer distance is <r> = 63.32

Residue 5


Residue 6


Residue 7

Monitored distance to residue 34 is <r> = 22.76
Monitored distance to residue 59 is <r> = 30.00
Monitored oligomer distance is <r> = 43.30

Residue 8


Residue 9

Monitored oligomer distance is <r> = 65.22

Residue 10

Monitored oligomer distance is <r> = 48.02

Residue 11

Monitored distance to residue 34 is <r> = 26.10
Monitored distance to residue 59 is <r> = 32.05
Monitored oligomer distance is <r> = 59.25

Residue 12

Monitored oligomer distance is <r> = 50.23

Residue 13


--- Restraint fulfillment for model 51 with weight 1.000 ---


Residue 3

Monitored distance to residue 34 is <r> = 29.16
Monitored distance to residue 59 is <r> = 31.38
Monitored oligomer distance is <r> = 62.85

Residue 4

Monitored oligomer distance is <r> = 78.36

Residue 5


Residue 6


Residue 7

Monitored distance to residue 34 is <r> = 28.21
Monitored distance to residue 59 is <r> = 31.41
Monitored oligomer distance is <r> = 57.44

Residue 8


Residue 9

Monitored oligomer distance is <r> = 43.31

Residue 10

Monitored oligomer distance is <r> = 51.52

Residue 11

Monitored distance to residue 34 is <r> = 25.19
Monitored distance to residue 59 is <r> = 32.67
Monitored oligomer distance is <r> = 58.62

Residue 12

Monitored oligomer distance is <r> = 53.74

Residue 13


--- Restraint fulfillment for model 52 with weight 1.000 ---


Residue 3

Monitored distance to residue 34 is <r> = 30.48
Monitored distance to residue 59 is <r> = 29.55
Monitored oligomer distance is <r> = 61.55

Residue 4

Monitored oligomer distance is <r> = 76.71

Residue 5


Residue 6


Residue 7

Monitored distance to residue 34 is <r> = 33.82
Monitored distance to residue 59 is <r> = 34.80
Monitored oligomer distance is <r> = 69.59

Residue 8


Residue 9

Monitored oligomer distance is <r> = 68.16

Residue 10

Monitored oligomer distance is <r> = 63.63

Residue 11

Monitored distance to residue 34 is <r> = 26.91
Monitored distance to residue 59 is <r> = 28.58
Monitored oligomer distance is <r> = 56.58

Residue 12

Monitored oligomer distance is <r> = 50.25

Residue 13


--- Restraint fulfillment for model 53 with weight 1.000 ---


Residue 3

Monitored distance to residue 34 is <r> = 39.64
Monitored distance to residue 59 is <r> = 49.53
Monitored oligomer distance is <r> = 75.05

Residue 4

Monitored oligomer distance is <r> = 79.72

Residue 5


Residue 6


Residue 7

Monitored distance to residue 34 is <r> = 32.74
Monitored distance to residue 59 is <r> = 36.72
Monitored oligomer distance is <r> = 65.45

Residue 8


Residue 9

Monitored oligomer distance is <r> = 69.13

Residue 10

Monitored oligomer distance is <r> = 52.75

Residue 11

Monitored distance to residue 34 is <r> = 28.30
Monitored distance to residue 59 is <r> = 29.86
Monitored oligomer distance is <r> = 60.67

Residue 12

Monitored oligomer distance is <r> = 50.57

Residue 13


--- Restraint fulfillment for model 54 with weight 1.000 ---


Residue 3

Monitored distance to residue 34 is <r> = 48.37
Monitored distance to residue 59 is <r> = 49.93
Monitored oligomer distance is <r> = 97.49

Residue 4

Monitored oligomer distance is <r> = 84.25

Residue 5


Residue 6


Residue 7

Monitored distance to residue 34 is <r> = 39.04
Monitored distance to residue 59 is <r> = 38.21
Monitored oligomer distance is <r> = 75.89

Residue 8


Residue 9

Monitored oligomer distance is <r> = 67.71

Residue 10

Monitored oligomer distance is <r> = 61.30

Residue 11

Monitored distance to residue 34 is <r> = 30.58
Monitored distance to residue 59 is <r> = 32.84
Monitored oligomer distance is <r> = 65.27

Residue 12

Monitored oligomer distance is <r> = 50.72

Residue 13


--- Restraint fulfillment for model 55 with weight 1.000 ---


Residue 3

Monitored distance to residue 34 is <r> = 46.27
Monitored distance to residue 59 is <r> = 43.49
Monitored oligomer distance is <r> = 90.23

Residue 4

Monitored oligomer distance is <r> = 79.74

Residue 5


Residue 6


Residue 7

Monitored distance to residue 34 is <r> = 36.26
Monitored distance to residue 59 is <r> = 33.76
Monitored oligomer distance is <r> = 71.93

Residue 8


Residue 9

Monitored oligomer distance is <r> = 56.92

Residue 10

Monitored oligomer distance is <r> = 61.96

Residue 11

Monitored distance to residue 34 is <r> = 25.86
Monitored distance to residue 59 is <r> = 22.85
Monitored oligomer distance is <r> = 50.42

Residue 12

Monitored oligomer distance is <r> = 41.58

Residue 13


--- Restraint fulfillment for model 56 with weight 1.000 ---


Residue 3

Monitored distance to residue 34 is <r> = 30.64
Monitored distance to residue 59 is <r> = 29.77
Monitored oligomer distance is <r> = 57.20

Residue 4

Monitored oligomer distance is <r> = 63.80

Residue 5


Residue 6


Residue 7

Monitored distance to residue 34 is <r> = 21.12
Monitored distance to residue 59 is <r> = 31.92
Monitored oligomer distance is <r> = 48.32

Residue 8


Residue 9

Monitored oligomer distance is <r> = 33.63

Residue 10

Monitored oligomer distance is <r> = 47.61

Residue 11

Monitored distance to residue 34 is <r> = 23.02
Monitored distance to residue 59 is <r> = 31.38
Monitored oligomer distance is <r> = 54.98

Residue 12

Monitored oligomer distance is <r> = 51.46

Residue 13


--- Restraint fulfillment for model 57 with weight 1.000 ---


Residue 3

Monitored distance to residue 34 is <r> = 35.45
Monitored distance to residue 59 is <r> = 46.30
Monitored oligomer distance is <r> = 79.59

Residue 4

Monitored oligomer distance is <r> = 63.78

Residue 5


Residue 6


Residue 7

Monitored distance to residue 34 is <r> = 28.95
Monitored distance to residue 59 is <r> = 32.91
Monitored oligomer distance is <r> = 63.02

Residue 8


Residue 9

Monitored oligomer distance is <r> = 66.56

Residue 10

Monitored oligomer distance is <r> = 63.89

Residue 11

Monitored distance to residue 34 is <r> = 25.00
Monitored distance to residue 59 is <r> = 28.66
Monitored oligomer distance is <r> = 53.00

Residue 12

Monitored oligomer distance is <r> = 55.90

Residue 13


--- Restraint fulfillment for model 58 with weight 1.000 ---


Residue 3

Monitored distance to residue 34 is <r> = 43.30
Monitored distance to residue 59 is <r> = 54.37
Monitored oligomer distance is <r> = 93.57

Residue 4

Monitored oligomer distance is <r> = 80.75

Residue 5


Residue 6


Residue 7

Monitored distance to residue 34 is <r> = 34.98
Monitored distance to residue 59 is <r> = 39.28
Monitored oligomer distance is <r> = 74.67

Residue 8


Residue 9

Monitored oligomer distance is <r> = 65.88

Residue 10

Monitored oligomer distance is <r> = 56.80

Residue 11

Monitored distance to residue 34 is <r> = 26.74
Monitored distance to residue 59 is <r> = 32.76
Monitored oligomer distance is <r> = 60.33

Residue 12

Monitored oligomer distance is <r> = 44.51

Residue 13


--- Restraint fulfillment for model 59 with weight 1.000 ---


Residue 3

Monitored distance to residue 34 is <r> = 48.23
Monitored distance to residue 59 is <r> = 44.33
Monitored oligomer distance is <r> = 91.50

Residue 4

Monitored oligomer distance is <r> = 77.40

Residue 5


Residue 6


Residue 7

Monitored distance to residue 34 is <r> = 40.94
Monitored distance to residue 59 is <r> = 42.27
Monitored oligomer distance is <r> = 83.73

Residue 8


Residue 9

Monitored oligomer distance is <r> = 71.53

Residue 10

Monitored oligomer distance is <r> = 63.83

Residue 11

Monitored distance to residue 34 is <r> = 31.59
Monitored distance to residue 59 is <r> = 28.12
Monitored oligomer distance is <r> = 62.39

Residue 12

Monitored oligomer distance is <r> = 53.95

Residue 13


--- Restraint fulfillment for model 60 with weight 1.000 ---


Residue 3

Monitored distance to residue 34 is <r> = 13.50
Monitored distance to residue 59 is <r> = 23.40
Monitored oligomer distance is <r> = 26.88

Residue 4

Monitored oligomer distance is <r> = 44.25

Residue 5


Residue 6


Residue 7

Monitored distance to residue 34 is <r> = 18.71
Monitored distance to residue 59 is <r> = 24.31
Monitored oligomer distance is <r> = 35.51

Residue 8


Residue 9

Monitored oligomer distance is <r> = 38.73

Residue 10

Monitored oligomer distance is <r> = 33.21

Residue 11

Monitored distance to residue 34 is <r> = 24.90
Monitored distance to residue 59 is <r> = 19.53
Monitored oligomer distance is <r> = 46.50

Residue 12

Monitored oligomer distance is <r> = 47.67

Residue 13


--- Restraint fulfillment for model 61 with weight 1.000 ---


Residue 3

Monitored distance to residue 34 is <r> = 35.22
Monitored distance to residue 59 is <r> = 47.29
Monitored oligomer distance is <r> = 78.61

Residue 4

Monitored oligomer distance is <r> = 68.85

Residue 5


Residue 6


Residue 7

Monitored distance to residue 34 is <r> = 26.52
Monitored distance to residue 59 is <r> = 40.16
Monitored oligomer distance is <r> = 63.52

Residue 8


Residue 9

Monitored oligomer distance is <r> = 60.24

Residue 10

Monitored oligomer distance is <r> = 45.11

Residue 11

Monitored distance to residue 34 is <r> = 24.23
Monitored distance to residue 59 is <r> = 27.07
Monitored oligomer distance is <r> = 51.05

Residue 12

Monitored oligomer distance is <r> = 50.97

Residue 13


--- Restraint fulfillment for model 62 with weight 1.000 ---


Residue 3

Monitored distance to residue 34 is <r> = 40.22
Monitored distance to residue 59 is <r> = 39.23
Monitored oligomer distance is <r> = 77.84

Residue 4

Monitored oligomer distance is <r> = 78.00

Residue 5


Residue 6


Residue 7

Monitored distance to residue 34 is <r> = 30.42
Monitored distance to residue 59 is <r> = 38.03
Monitored oligomer distance is <r> = 68.60

Residue 8


Residue 9

Monitored oligomer distance is <r> = 62.85

Residue 10

Monitored oligomer distance is <r> = 56.66

Residue 11

Monitored distance to residue 34 is <r> = 25.91
Monitored distance to residue 59 is <r> = 33.46
Monitored oligomer distance is <r> = 59.33

Residue 12

Monitored oligomer distance is <r> = 48.42

Residue 13


--- Restraint fulfillment for model 63 with weight 1.000 ---


Residue 3

Monitored distance to residue 34 is <r> = 31.75
Monitored distance to residue 59 is <r> = 37.38
Monitored oligomer distance is <r> = 62.03

Residue 4

Monitored oligomer distance is <r> = 60.53

Residue 5


Residue 6


Residue 7

Monitored distance to residue 34 is <r> = 21.24
Monitored distance to residue 59 is <r> = 25.49
Monitored oligomer distance is <r> = 39.30

Residue 8


Residue 9

Monitored oligomer distance is <r> = 51.61

Residue 10

Monitored oligomer distance is <r> = 40.88

Residue 11

Monitored distance to residue 34 is <r> = 28.28
Monitored distance to residue 59 is <r> = 21.30
Monitored oligomer distance is <r> = 52.88

Residue 12

Monitored oligomer distance is <r> = 40.45

Residue 13


--- Restraint fulfillment for model 64 with weight 1.000 ---


Residue 3

Monitored distance to residue 34 is <r> = 28.50
Monitored distance to residue 59 is <r> = 37.19
Monitored oligomer distance is <r> = 50.64

Residue 4

Monitored oligomer distance is <r> = 51.11

Residue 5


Residue 6


Residue 7

Monitored distance to residue 34 is <r> = 21.57
Monitored distance to residue 59 is <r> = 20.42
Monitored oligomer distance is <r> = 41.28

Residue 8


Residue 9

Monitored oligomer distance is <r> = 55.21

Residue 10

Monitored oligomer distance is <r> = 64.29

Residue 11

Monitored distance to residue 34 is <r> = 25.08
Monitored distance to residue 59 is <r> = 23.91
Monitored oligomer distance is <r> = 51.46

Residue 12

Monitored oligomer distance is <r> = 56.40

Residue 13


--- Restraint fulfillment for model 65 with weight 1.000 ---


Residue 3

Monitored distance to residue 34 is <r> = 35.42
Monitored distance to residue 59 is <r> = 31.33
Monitored oligomer distance is <r> = 69.24

Residue 4

Monitored oligomer distance is <r> = 52.31

Residue 5


Residue 6


Residue 7

Monitored distance to residue 34 is <r> = 31.02
Monitored distance to residue 59 is <r> = 38.39
Monitored oligomer distance is <r> = 69.62

Residue 8


Residue 9

Monitored oligomer distance is <r> = 50.03

Residue 10

Monitored oligomer distance is <r> = 54.30

Residue 11

Monitored distance to residue 34 is <r> = 30.19
Monitored distance to residue 59 is <r> = 34.38
Monitored oligomer distance is <r> = 64.64

Residue 12

Monitored oligomer distance is <r> = 44.34

Residue 13


--- Restraint fulfillment for model 66 with weight 1.000 ---


Residue 3

Monitored distance to residue 34 is <r> = 39.81
Monitored distance to residue 59 is <r> = 44.06
Monitored oligomer distance is <r> = 80.29

Residue 4

Monitored oligomer distance is <r> = 80.49

Residue 5


Residue 6


Residue 7

Monitored distance to residue 34 is <r> = 35.28
Monitored distance to residue 59 is <r> = 36.08
Monitored oligomer distance is <r> = 71.95

Residue 8


Residue 9

Monitored oligomer distance is <r> = 66.60

Residue 10

Monitored oligomer distance is <r> = 51.42

Residue 11

Monitored distance to residue 34 is <r> = 28.14
Monitored distance to residue 59 is <r> = 22.62
Monitored oligomer distance is <r> = 53.16

Residue 12

Monitored oligomer distance is <r> = 43.95

Residue 13


--- Restraint fulfillment for model 67 with weight 1.000 ---


Residue 3

Monitored distance to residue 34 is <r> = 33.20
Monitored distance to residue 59 is <r> = 44.33
Monitored oligomer distance is <r> = 71.06

Residue 4

Monitored oligomer distance is <r> = 79.92

Residue 5


Residue 6


Residue 7

Monitored distance to residue 34 is <r> = 33.87
Monitored distance to residue 59 is <r> = 41.91
Monitored oligomer distance is <r> = 75.29

Residue 8


Residue 9

Monitored oligomer distance is <r> = 71.44

Residue 10

Monitored oligomer distance is <r> = 60.87

Residue 11

Monitored distance to residue 34 is <r> = 29.34
Monitored distance to residue 59 is <r> = 29.95
Monitored oligomer distance is <r> = 60.97

Residue 12

Monitored oligomer distance is <r> = 50.87

Residue 13


--- Restraint fulfillment for model 68 with weight 1.000 ---


Residue 3

Monitored distance to residue 34 is <r> = 35.25
Monitored distance to residue 59 is <r> = 43.37
Monitored oligomer distance is <r> = 71.11

Residue 4

Monitored oligomer distance is <r> = 57.32

Residue 5


Residue 6


Residue 7

Monitored distance to residue 34 is <r> = 33.51
Monitored distance to residue 59 is <r> = 35.84
Monitored oligomer distance is <r> = 70.84

Residue 8


Residue 9

Monitored oligomer distance is <r> = 65.02

Residue 10

Monitored oligomer distance is <r> = 49.36

Residue 11

Monitored distance to residue 34 is <r> = 30.25
Monitored distance to residue 59 is <r> = 28.62
Monitored oligomer distance is <r> = 61.40

Residue 12

Monitored oligomer distance is <r> = 44.44

Residue 13


--- Restraint fulfillment for model 69 with weight 1.000 ---


Residue 3

Monitored distance to residue 34 is <r> = 27.05
Monitored distance to residue 59 is <r> = 25.58
Monitored oligomer distance is <r> = 49.40

Residue 4

Monitored oligomer distance is <r> = 44.01

Residue 5


Residue 6


Residue 7

Monitored distance to residue 34 is <r> = 30.06
Monitored distance to residue 59 is <r> = 16.60
Monitored oligomer distance is <r> = 47.47

Residue 8


Residue 9

Monitored oligomer distance is <r> = 37.95

Residue 10

Monitored oligomer distance is <r> = 54.70

Residue 11

Monitored distance to residue 34 is <r> = 28.97
Monitored distance to residue 59 is <r> = 26.54
Monitored oligomer distance is <r> = 57.86

Residue 12

Monitored oligomer distance is <r> = 38.32

Residue 13


--- Restraint fulfillment for model 70 with weight 1.000 ---


Residue 3

Monitored distance to residue 34 is <r> = 41.03
Monitored distance to residue 59 is <r> = 45.14
Monitored oligomer distance is <r> = 84.30

Residue 4

Monitored oligomer distance is <r> = 78.56

Residue 5


Residue 6


Residue 7

Monitored distance to residue 34 is <r> = 32.20
Monitored distance to residue 59 is <r> = 38.90
Monitored oligomer distance is <r> = 70.57

Residue 8


Residue 9

Monitored oligomer distance is <r> = 62.08

Residue 10

Monitored oligomer distance is <r> = 62.97

Residue 11

Monitored distance to residue 34 is <r> = 24.33
Monitored distance to residue 59 is <r> = 33.54
Monitored oligomer distance is <r> = 58.00

Residue 12

Monitored oligomer distance is <r> = 43.85

Residue 13


--- Restraint fulfillment for model 71 with weight 1.000 ---


Residue 3

Monitored distance to residue 34 is <r> = 38.83
Monitored distance to residue 59 is <r> = 23.53
Monitored oligomer distance is <r> = 64.03

Residue 4

Monitored oligomer distance is <r> = 76.54

Residue 5


Residue 6


Residue 7

Monitored distance to residue 34 is <r> = 35.64
Monitored distance to residue 59 is <r> = 30.45
Monitored oligomer distance is <r> = 66.14

Residue 8


Residue 9

Monitored oligomer distance is <r> = 60.87

Residue 10

Monitored oligomer distance is <r> = 43.98

Residue 11

Monitored distance to residue 34 is <r> = 23.11
Monitored distance to residue 59 is <r> = 19.24
Monitored oligomer distance is <r> = 43.35

Residue 12

Monitored oligomer distance is <r> = 38.61

Residue 13


--- Restraint fulfillment for model 72 with weight 1.000 ---


Residue 3

Monitored distance to residue 34 is <r> = 27.75
Monitored distance to residue 59 is <r> = 28.61
Monitored oligomer distance is <r> = 57.76

Residue 4

Monitored oligomer distance is <r> = 51.36

Residue 5


Residue 6


Residue 7

Monitored distance to residue 34 is <r> = 23.10
Monitored distance to residue 59 is <r> = 25.41
Monitored oligomer distance is <r> = 47.29

Residue 8


Residue 9

Monitored oligomer distance is <r> = 32.32

Residue 10

Monitored oligomer distance is <r> = 46.08

Residue 11

Monitored distance to residue 34 is <r> = 17.45
Monitored distance to residue 59 is <r> = 24.46
Monitored oligomer distance is <r> = 38.12

Residue 12

Monitored oligomer distance is <r> = 54.66

Residue 13


--- Restraint fulfillment for model 73 with weight 1.000 ---


Residue 3

Monitored distance to residue 34 is <r> = 32.00
Monitored distance to residue 59 is <r> = 41.76
Monitored oligomer distance is <r> = 71.61

Residue 4

Monitored oligomer distance is <r> = 69.15

Residue 5


Residue 6


Residue 7

Monitored distance to residue 34 is <r> = 31.46
Monitored distance to residue 59 is <r> = 37.98
Monitored oligomer distance is <r> = 69.90

Residue 8


Residue 9

Monitored oligomer distance is <r> = 65.90

Residue 10

Monitored oligomer distance is <r> = 51.02

Residue 11

Monitored distance to residue 34 is <r> = 23.48
Monitored distance to residue 59 is <r> = 24.38
Monitored oligomer distance is <r> = 48.92

Residue 12

Monitored oligomer distance is <r> = 56.11

Residue 13


--- Restraint fulfillment for model 74 with weight 1.000 ---


Residue 3

Monitored distance to residue 34 is <r> = 37.18
Monitored distance to residue 59 is <r> = 44.65
Monitored oligomer distance is <r> = 79.32

Residue 4

Monitored oligomer distance is <r> = 71.68

Residue 5


Residue 6


Residue 7

Monitored distance to residue 34 is <r> = 27.07
Monitored distance to residue 59 is <r> = 36.66
Monitored oligomer distance is <r> = 62.52

Residue 8


Residue 9

Monitored oligomer distance is <r> = 51.14

Residue 10

Monitored oligomer distance is <r> = 57.12

Residue 11

Monitored distance to residue 34 is <r> = 21.53
Monitored distance to residue 59 is <r> = 29.76
Monitored oligomer distance is <r> = 51.97

Residue 12

Monitored oligomer distance is <r> = 51.37

Residue 13


--- Restraint fulfillment for model 75 with weight 1.000 ---


Residue 3

Monitored distance to residue 34 is <r> = 21.06
Monitored distance to residue 59 is <r> = 32.95
Monitored oligomer distance is <r> = 27.84

Residue 4

Monitored oligomer distance is <r> = 28.57

Residue 5


Residue 6


Residue 7

Monitored distance to residue 34 is <r> = 24.14
Monitored distance to residue 59 is <r> = 27.33
Monitored oligomer distance is <r> = 35.61

Residue 8


Residue 9

Monitored oligomer distance is <r> = 32.18

Residue 10

Monitored oligomer distance is <r> = 47.30

Residue 11

Monitored distance to residue 34 is <r> = 21.60
Monitored distance to residue 59 is <r> = 21.96
Monitored oligomer distance is <r> = 43.41

Residue 12

Monitored oligomer distance is <r> = 54.30

Residue 13


--- Restraint fulfillment for model 76 with weight 1.000 ---


Residue 3

Monitored distance to residue 34 is <r> = 29.83
Monitored distance to residue 59 is <r> = 44.64
Monitored oligomer distance is <r> = 70.71

Residue 4

Monitored oligomer distance is <r> = 63.85

Residue 5


Residue 6


Residue 7

Monitored distance to residue 34 is <r> = 27.43
Monitored distance to residue 59 is <r> = 36.08
Monitored oligomer distance is <r> = 63.79

Residue 8


Residue 9

Monitored oligomer distance is <r> = 62.06

Residue 10

Monitored oligomer distance is <r> = 46.62

Residue 11

Monitored distance to residue 34 is <r> = 26.64
Monitored distance to residue 59 is <r> = 31.15
Monitored oligomer distance is <r> = 59.55

Residue 12

Monitored oligomer distance is <r> = 49.63

Residue 13


--- Restraint fulfillment for model 77 with weight 1.000 ---


Residue 3

Monitored distance to residue 34 is <r> = 22.83
Monitored distance to residue 59 is <r> = 36.83
Monitored oligomer distance is <r> = 40.02

Residue 4

Monitored oligomer distance is <r> = 44.75

Residue 5


Residue 6


Residue 7

Monitored distance to residue 34 is <r> = 17.93
Monitored distance to residue 59 is <r> = 29.76
Monitored oligomer distance is <r> = 43.36

Residue 8


Residue 9

Monitored oligomer distance is <r> = 31.37

Residue 10

Monitored oligomer distance is <r> = 43.56

Residue 11

Monitored distance to residue 34 is <r> = 15.43
Monitored distance to residue 59 is <r> = 21.17
Monitored oligomer distance is <r> = 33.98

Residue 12

Monitored oligomer distance is <r> = 53.97

Residue 13


--- Restraint fulfillment for model 78 with weight 1.000 ---


Residue 3

Monitored distance to residue 34 is <r> = 33.95
Monitored distance to residue 59 is <r> = 43.13
Monitored oligomer distance is <r> = 60.81

Residue 4

Monitored oligomer distance is <r> = 70.13

Residue 5


Residue 6


Residue 7

Monitored distance to residue 34 is <r> = 30.04
Monitored distance to residue 59 is <r> = 35.42
Monitored oligomer distance is <r> = 61.23

Residue 8


Residue 9

Monitored oligomer distance is <r> = 72.10

Residue 10

Monitored oligomer distance is <r> = 67.23

Residue 11

Monitored distance to residue 34 is <r> = 29.51
Monitored distance to residue 59 is <r> = 30.38
Monitored oligomer distance is <r> = 61.25

Residue 12

Monitored oligomer distance is <r> = 50.22

Residue 13


--- Restraint fulfillment for model 79 with weight 1.000 ---


Residue 3

Monitored distance to residue 34 is <r> = 27.49
Monitored distance to residue 59 is <r> = 40.12
Monitored oligomer distance is <r> = 62.34

Residue 4

Monitored oligomer distance is <r> = 66.86

Residue 5


Residue 6


Residue 7

Monitored distance to residue 34 is <r> = 20.18
Monitored distance to residue 59 is <r> = 29.44
Monitored oligomer distance is <r> = 41.73

Residue 8


Residue 9

Monitored oligomer distance is <r> = 39.27

Residue 10

Monitored oligomer distance is <r> = 40.43

Residue 11

Monitored distance to residue 34 is <r> = 29.15
Monitored distance to residue 59 is <r> = 30.09
Monitored oligomer distance is <r> = 60.18

Residue 12

Monitored oligomer distance is <r> = 54.34

Residue 13


--- Restraint fulfillment for model 80 with weight 1.000 ---


Residue 3

Monitored distance to residue 34 is <r> = 32.56
Monitored distance to residue 59 is <r> = 30.23
Monitored oligomer distance is <r> = 37.43

Residue 4

Monitored oligomer distance is <r> = 48.37

Residue 5


Residue 6


Residue 7

Monitored distance to residue 34 is <r> = 24.74
Monitored distance to residue 59 is <r> = 17.19
Monitored oligomer distance is <r> = 38.92

Residue 8


Residue 9

Monitored oligomer distance is <r> = 51.85

Residue 10

Monitored oligomer distance is <r> = 39.03

Residue 11

Monitored distance to residue 34 is <r> = 28.23
Monitored distance to residue 59 is <r> = 25.03
Monitored oligomer distance is <r> = 55.96

Residue 12

Monitored oligomer distance is <r> = 38.58

Residue 13


--- Restraint fulfillment for model 81 with weight 1.000 ---


Residue 3

Monitored distance to residue 34 is <r> = 37.57
Monitored distance to residue 59 is <r> = 30.63
Monitored oligomer distance is <r> = 63.54

Residue 4

Monitored oligomer distance is <r> = 54.81

Residue 5


Residue 6


Residue 7

Monitored distance to residue 34 is <r> = 29.54
Monitored distance to residue 59 is <r> = 25.16
Monitored oligomer distance is <r> = 55.99

Residue 8


Residue 9

Monitored oligomer distance is <r> = 66.25

Residue 10

Monitored oligomer distance is <r> = 58.87

Residue 11

Monitored distance to residue 34 is <r> = 22.18
Monitored distance to residue 59 is <r> = 24.93
Monitored oligomer distance is <r> = 47.55

Residue 12

Monitored oligomer distance is <r> = 43.75

Residue 13


--- Restraint fulfillment for model 82 with weight 1.000 ---


Residue 3

Monitored distance to residue 34 is <r> = 23.99
Monitored distance to residue 59 is <r> = 25.31
Monitored oligomer distance is <r> = 37.51

Residue 4

Monitored oligomer distance is <r> = 29.31

Residue 5


Residue 6


Residue 7

Monitored distance to residue 34 is <r> = 26.46
Monitored distance to residue 59 is <r> = 17.66
Monitored oligomer distance is <r> = 46.13

Residue 8


Residue 9

Monitored oligomer distance is <r> = 52.00

Residue 10

Monitored oligomer distance is <r> = 63.37

Residue 11

Monitored distance to residue 34 is <r> = 27.70
Monitored distance to residue 59 is <r> = 29.21
Monitored oligomer distance is <r> = 58.97

Residue 12

Monitored oligomer distance is <r> = 41.77

Residue 13


--- Restraint fulfillment for model 83 with weight 1.000 ---


Residue 3

Monitored distance to residue 34 is <r> = 30.58
Monitored distance to residue 59 is <r> = 29.02
Monitored oligomer distance is <r> = 39.38

Residue 4

Monitored oligomer distance is <r> = 34.85

Residue 5


Residue 6


Residue 7

Monitored distance to residue 34 is <r> = 23.74
Monitored distance to residue 59 is <r> = 27.29
Monitored oligomer distance is <r> = 41.88

Residue 8


Residue 9

Monitored oligomer distance is <r> = 51.95

Residue 10

Monitored oligomer distance is <r> = 38.64

Residue 11

Monitored distance to residue 34 is <r> = 22.60
Monitored distance to residue 59 is <r> = 27.48
Monitored oligomer distance is <r> = 49.49

Residue 12

Monitored oligomer distance is <r> = 55.45

Residue 13


--- Restraint fulfillment for model 84 with weight 1.000 ---


Residue 3

Monitored distance to residue 34 is <r> = 30.91
Monitored distance to residue 59 is <r> = 37.89
Monitored oligomer distance is <r> = 58.58

Residue 4

Monitored oligomer distance is <r> = 46.07

Residue 5


Residue 6


Residue 7

Monitored distance to residue 34 is <r> = 26.65
Monitored distance to residue 59 is <r> = 29.95
Monitored oligomer distance is <r> = 54.22

Residue 8


Residue 9

Monitored oligomer distance is <r> = 63.76

Residue 10

Monitored oligomer distance is <r> = 61.74

Residue 11

Monitored distance to residue 34 is <r> = 23.65
Monitored distance to residue 59 is <r> = 22.97
Monitored oligomer distance is <r> = 47.67

Residue 12

Monitored oligomer distance is <r> = 42.95

Residue 13


--- Restraint fulfillment for model 85 with weight 1.000 ---


Residue 3

Monitored distance to residue 34 is <r> = 38.20
Monitored distance to residue 59 is <r> = 45.89
Monitored oligomer distance is <r> = 81.02

Residue 4

Monitored oligomer distance is <r> = 63.25

Residue 5


Residue 6


Residue 7

Monitored distance to residue 34 is <r> = 24.83
Monitored distance to residue 59 is <r> = 35.11
Monitored oligomer distance is <r> = 58.93

Residue 8


Residue 9

Monitored oligomer distance is <r> = 57.30

Residue 10

Monitored oligomer distance is <r> = 66.50

Residue 11

Monitored distance to residue 34 is <r> = 27.12
Monitored distance to residue 59 is <r> = 29.62
Monitored oligomer distance is <r> = 57.71

Residue 12

Monitored oligomer distance is <r> = 49.06

Residue 13


--- Restraint fulfillment for model 86 with weight 1.000 ---


Residue 3

Monitored distance to residue 34 is <r> = 33.69
Monitored distance to residue 59 is <r> = 30.83
Monitored oligomer distance is <r> = 61.76

Residue 4

Monitored oligomer distance is <r> = 52.80

Residue 5


Residue 6


Residue 7

Monitored distance to residue 34 is <r> = 31.10
Monitored distance to residue 59 is <r> = 22.00
Monitored oligomer distance is <r> = 51.59

Residue 8


Residue 9

Monitored oligomer distance is <r> = 42.53

Residue 10

Monitored oligomer distance is <r> = 34.44

Residue 11

Monitored distance to residue 34 is <r> = 27.93
Monitored distance to residue 59 is <r> = 25.09
Monitored oligomer distance is <r> = 56.07

Residue 12

Monitored oligomer distance is <r> = 39.59

Residue 13


--- Restraint fulfillment for model 87 with weight 1.000 ---


Residue 3

Monitored distance to residue 34 is <r> = 32.89
Monitored distance to residue 59 is <r> = 37.97
Monitored oligomer distance is <r> = 52.64

Residue 4

Monitored oligomer distance is <r> = 43.88

Residue 5


Residue 6


Residue 7

Monitored distance to residue 34 is <r> = 29.54
Monitored distance to residue 59 is <r> = 33.43
Monitored oligomer distance is <r> = 59.41

Residue 8


Residue 9

Monitored oligomer distance is <r> = 59.93

Residue 10

Monitored oligomer distance is <r> = 55.51

Residue 11

Monitored distance to residue 34 is <r> = 20.04
Monitored distance to residue 59 is <r> = 20.95
Monitored oligomer distance is <r> = 40.53

Residue 12

Monitored oligomer distance is <r> = 40.18

Residue 13


--- Restraint fulfillment for model 88 with weight 1.000 ---


Residue 3

Monitored distance to residue 34 is <r> = 21.27
Monitored distance to residue 59 is <r> = 36.93
Monitored oligomer distance is <r> = 44.05

Residue 4

Monitored oligomer distance is <r> = 53.39

Residue 5


Residue 6


Residue 7

Monitored distance to residue 34 is <r> = 28.60
Monitored distance to residue 59 is <r> = 36.25
Monitored oligomer distance is <r> = 59.06

Residue 8


Residue 9

Monitored oligomer distance is <r> = 62.00

Residue 10

Monitored oligomer distance is <r> = 67.15

Residue 11

Monitored distance to residue 34 is <r> = 29.49
Monitored distance to residue 59 is <r> = 30.31
Monitored oligomer distance is <r> = 61.24

Residue 12

Monitored oligomer distance is <r> = 49.66

Residue 13


--- Restraint fulfillment for model 89 with weight 1.000 ---


Residue 3

Monitored distance to residue 34 is <r> = 26.03
Monitored distance to residue 59 is <r> = 24.97
Monitored oligomer distance is <r> = 45.62

Residue 4

Monitored oligomer distance is <r> = 42.34

Residue 5


Residue 6


Residue 7

Monitored distance to residue 34 is <r> = 26.24
Monitored distance to residue 59 is <r> = 31.49
Monitored oligomer distance is <r> = 57.61

Residue 8


Residue 9

Monitored oligomer distance is <r> = 56.72

Residue 10

Monitored oligomer distance is <r> = 40.90

Residue 11

Monitored distance to residue 34 is <r> = 29.33
Monitored distance to residue 59 is <r> = 26.32
Monitored oligomer distance is <r> = 58.18

Residue 12

Monitored oligomer distance is <r> = 42.06

Residue 13


--- Restraint fulfillment for model 90 with weight 1.000 ---


Residue 3

Monitored distance to residue 34 is <r> = 15.85
Monitored distance to residue 59 is <r> = 20.05
Monitored oligomer distance is <r> = 21.55

Residue 4

Monitored oligomer distance is <r> = 28.70

Residue 5


Residue 6


Residue 7

Monitored distance to residue 34 is <r> = 20.90
Monitored distance to residue 59 is <r> = 24.42
Monitored oligomer distance is <r> = 39.27

Residue 8


Residue 9

Monitored oligomer distance is <r> = 53.80

Residue 10

Monitored oligomer distance is <r> = 54.51

Residue 11

Monitored distance to residue 34 is <r> = 18.48
Monitored distance to residue 59 is <r> = 21.50
Monitored oligomer distance is <r> = 39.89

Residue 12

Monitored oligomer distance is <r> = 58.27

Residue 13


--- Restraint fulfillment for model 91 with weight 1.000 ---


Residue 3

Monitored distance to residue 34 is <r> = 27.39
Monitored distance to residue 59 is <r> = 20.70
Monitored oligomer distance is <r> = 51.34

Residue 4

Monitored oligomer distance is <r> = 44.49

Residue 5


Residue 6


Residue 7

Monitored distance to residue 34 is <r> = 29.20
Monitored distance to residue 59 is <r> = 32.39
Monitored oligomer distance is <r> = 61.93

Residue 8


Residue 9

Monitored oligomer distance is <r> = 62.07

Residue 10

Monitored oligomer distance is <r> = 58.31

Residue 11

Monitored distance to residue 34 is <r> = 16.63
Monitored distance to residue 59 is <r> = 25.71
Monitored oligomer distance is <r> = 41.94

Residue 12

Monitored oligomer distance is <r> = 48.70

Residue 13


--- Restraint fulfillment for model 92 with weight 1.000 ---


Residue 3

Monitored distance to residue 34 is <r> = 43.57
Monitored distance to residue 59 is <r> = 45.65
Monitored oligomer distance is <r> = 75.99

Residue 4

Monitored oligomer distance is <r> = 58.11

Residue 5


Residue 6


Residue 7

Monitored distance to residue 34 is <r> = 28.38
Monitored distance to residue 59 is <r> = 31.03
Monitored oligomer distance is <r> = 54.03

Residue 8


Residue 9

Monitored oligomer distance is <r> = 49.11

Residue 10

Monitored oligomer distance is <r> = 62.68

Residue 11

Monitored distance to residue 34 is <r> = 24.69
Monitored distance to residue 59 is <r> = 19.57
Monitored oligomer distance is <r> = 45.31

Residue 12

Monitored oligomer distance is <r> = 40.60

Residue 13


--- Restraint fulfillment for model 93 with weight 1.000 ---


Residue 3

Monitored distance to residue 34 is <r> = 48.23
Monitored distance to residue 59 is <r> = 49.58
Monitored oligomer distance is <r> = 94.21

Residue 4

Monitored oligomer distance is <r> = 81.09

Residue 5


Residue 6


Residue 7

Monitored distance to residue 34 is <r> = 41.35
Monitored distance to residue 59 is <r> = 37.25
Monitored oligomer distance is <r> = 80.23

Residue 8


Residue 9

Monitored oligomer distance is <r> = 66.37

Residue 10

Monitored oligomer distance is <r> = 65.83

Residue 11

Monitored distance to residue 34 is <r> = 25.86
Monitored distance to residue 59 is <r> = 21.13
Monitored oligomer distance is <r> = 49.89

Residue 12

Monitored oligomer distance is <r> = 58.29

Residue 13


--- Restraint fulfillment for model 94 with weight 1.000 ---


Residue 3

Monitored distance to residue 34 is <r> = 19.10
Monitored distance to residue 59 is <r> = 16.51
Monitored oligomer distance is <r> = 25.15

Residue 4

Monitored oligomer distance is <r> = 21.18

Residue 5


Residue 6


Residue 7

Monitored distance to residue 34 is <r> = 21.09
Monitored distance to residue 59 is <r> = 30.28
Monitored oligomer distance is <r> = 39.58

Residue 8


Residue 9

Monitored oligomer distance is <r> = 57.71

Residue 10

Monitored oligomer distance is <r> = 41.44

Residue 11

Monitored distance to residue 34 is <r> = 25.62
Monitored distance to residue 59 is <r> = 31.78
Monitored oligomer distance is <r> = 58.15

Residue 12

Monitored oligomer distance is <r> = 56.53

Residue 13


--- Restraint fulfillment for model 95 with weight 1.000 ---


Residue 3

Monitored distance to residue 34 is <r> = 13.80
Monitored distance to residue 59 is <r> = 25.23
Monitored oligomer distance is <r> = 31.07

Residue 4

Monitored oligomer distance is <r> = 30.73

Residue 5


Residue 6


Residue 7

Monitored distance to residue 34 is <r> = 23.08
Monitored distance to residue 59 is <r> = 35.87
Monitored oligomer distance is <r> = 55.72

Residue 8


Residue 9

Monitored oligomer distance is <r> = 52.29

Residue 10

Monitored oligomer distance is <r> = 61.69

Residue 11

Monitored distance to residue 34 is <r> = 22.41
Monitored distance to residue 59 is <r> = 24.32
Monitored oligomer distance is <r> = 47.11

Residue 12

Monitored oligomer distance is <r> = 54.42

Residue 13


--- Restraint fulfillment for model 96 with weight 1.000 ---


Residue 3

Monitored distance to residue 34 is <r> = 42.32
Monitored distance to residue 59 is <r> = 27.75
Monitored oligomer distance is <r> = 70.12

Residue 4

Monitored oligomer distance is <r> = 69.53

Residue 5


Residue 6


Residue 7

Monitored distance to residue 34 is <r> = 31.15
Monitored distance to residue 59 is <r> = 26.50
Monitored oligomer distance is <r> = 57.20

Residue 8


Residue 9

Monitored oligomer distance is <r> = 41.53

Residue 10

Monitored oligomer distance is <r> = 36.34

Residue 11

Monitored distance to residue 34 is <r> = 26.65
Monitored distance to residue 59 is <r> = 20.23
Monitored oligomer distance is <r> = 49.24

Residue 12

Monitored oligomer distance is <r> = 39.97

Residue 13


--- Restraint fulfillment for model 97 with weight 1.000 ---


Residue 3

Monitored distance to residue 34 is <r> = 29.91
Monitored distance to residue 59 is <r> = 33.48
Monitored oligomer distance is <r> = 63.33

Residue 4

Monitored oligomer distance is <r> = 61.03

Residue 5


Residue 6


Residue 7

Monitored distance to residue 34 is <r> = 35.91
Monitored distance to residue 59 is <r> = 40.34
Monitored oligomer distance is <r> = 76.52

Residue 8


Residue 9

Monitored oligomer distance is <r> = 67.35

Residue 10

Monitored oligomer distance is <r> = 56.12

Residue 11

Monitored distance to residue 34 is <r> = 25.49
Monitored distance to residue 59 is <r> = 30.33
Monitored oligomer distance is <r> = 56.80

Residue 12

Monitored oligomer distance is <r> = 44.35

Residue 13


--- Restraint fulfillment for model 98 with weight 1.000 ---


Residue 3

Monitored distance to residue 34 is <r> = 39.16
Monitored distance to residue 59 is <r> = 40.36
Monitored oligomer distance is <r> = 73.46

Residue 4

Monitored oligomer distance is <r> = 70.89

Residue 5


Residue 6


Residue 7

Monitored distance to residue 34 is <r> = 33.70
Monitored distance to residue 59 is <r> = 38.78
Monitored oligomer distance is <r> = 69.72

Residue 8


Residue 9

Monitored oligomer distance is <r> = 58.39

Residue 10

Monitored oligomer distance is <r> = 48.64

Residue 11

Monitored distance to residue 34 is <r> = 29.25
Monitored distance to residue 59 is <r> = 29.65
Monitored oligomer distance is <r> = 60.84

Residue 12

Monitored oligomer distance is <r> = 50.18

Residue 13


--- Restraint fulfillment for model 99 with weight 1.000 ---


Residue 3

Monitored distance to residue 34 is <r> = 22.91
Monitored distance to residue 59 is <r> = 19.50
Monitored oligomer distance is <r> = 42.07

Residue 4

Monitored oligomer distance is <r> = 51.93

Residue 5


Residue 6


Residue 7

Monitored distance to residue 34 is <r> = 23.11
Monitored distance to residue 59 is <r> = 25.92
Monitored oligomer distance is <r> = 41.98

Residue 8


Residue 9

Monitored oligomer distance is <r> = 57.32

Residue 10

Monitored oligomer distance is <r> = 44.16

Residue 11

Monitored distance to residue 34 is <r> = 28.55
Monitored distance to residue 59 is <r> = 30.34
Monitored oligomer distance is <r> = 60.80

Residue 12

Monitored oligomer distance is <r> = 51.40

Residue 13


--- Restraint fulfillment for model 100 with weight 1.000 ---


Residue 3

Monitored distance to residue 34 is <r> = 42.49
Monitored distance to residue 59 is <r> = 31.62
Monitored oligomer distance is <r> = 75.79

Residue 4

Monitored oligomer distance is <r> = 61.27

Residue 5


Residue 6


Residue 7

Monitored distance to residue 34 is <r> = 35.09
Monitored distance to residue 59 is <r> = 33.25
Monitored oligomer distance is <r> = 68.47

Residue 8


Residue 9

Monitored oligomer distance is <r> = 62.39

Residue 10

Monitored oligomer distance is <r> = 47.94

Residue 11

Monitored distance to residue 34 is <r> = 23.49
Monitored distance to residue 59 is <r> = 22.68
Monitored oligomer distance is <r> = 47.09

Residue 12

Monitored oligomer distance is <r> = 38.23

Residue 13


--- Final statistics ---

Total runtime: 0 h 8 min.
 0.00% of maximum number of MC trials spent.
Ensemble with 100 models generated.
110 backbone models were generated.
 0.00% of all trials had restraint violations.
This is a success rate of 1000000.0 ppm.
 1.99% of all trials had internal loop backbone clashes.
61.26% of all trials hand backbone clashes with the protein.
The sidegroup clash threshold was  1.2 .
 2.73% of the backbone models lead to internal sidegroup clashes.
 6.36% of the backbone models lead to sidegroup clashes with the protein.

The run had a time limit of: 2 h 0 min.
The run had a limit of 500000000 Monte Carlo trials.
100 models had been requested with an ensemble probability of 0.50.
The number of Gaussian-type restraints was 0.
Ramachandran statistics without secondary structure elements was used.

--- Distribution shifts and overlaps ---

Shift []	Overlap
