
--- Restraint fulfillment for model 1 with weight 0.483 ---


Residue 3

Beacon restraint [26.60, 16.76] Å to residue 34 fulfilled at <r> = 75.00
Beacon restraint [15.00, 17.34] Å to residue 59 fulfilled at <r> = 75.00
Depth restraint [18.70, 35.00] Å fulfilled at <r> = 25.50
Oligomer restraint [36.50, 12.80] Å fulfilled at <r> = 58.09

Residue 4

Depth restraint [17.50, 35.00] Å fulfilled at <r> = 25.50
Oligomer restraint [37.20, 12.10] Å fulfilled at <r> = 43.15

Residue 5


Residue 6


Residue 7

Beacon restraint [26.70, 16.95] Å to residue 34 fulfilled at <r> = 75.00
Beacon restraint [19.20, 17.62] Å to residue 59 fulfilled at <r> = 75.00
Depth restraint [17.90, 35.00] Å fulfilled at <r> = 33.50
Oligomer restraint [40.00, 11.80] Å fulfilled at <r> = 40.38

Residue 8


Residue 9

Depth restraint [17.50, 35.00] Å fulfilled at <r> = 33.00
Oligomer restraint [43.10, 13.40] Å fulfilled at <r> = 37.17

Residue 10

Depth restraint [18.90, 35.00] Å fulfilled at <r> = 33.00
Oligomer restraint [46.40, 14.60] Å fulfilled at <r> = 48.24

Residue 11

Beacon restraint [24.50, 16.38] Å to residue 34 fulfilled at <r> = 75.00
Beacon restraint [15.00, 18.01] Å to residue 59 fulfilled at <r> = 75.00
Depth restraint [17.30, 35.00] Å fulfilled at <r> = 29.50
Oligomer restraint [45.70, 11.70] Å fulfilled at <r> = 48.93

Residue 12

Depth restraint [20.60, 35.00] Å fulfilled at <r> = 28.00
Oligomer restraint [49.60, 13.60] Å fulfilled at <r> = 54.07

Residue 13


--- Restraint fulfillment for model 2 with weight 0.489 ---


Residue 3

Beacon restraint [26.60, 16.76] Å to residue 34 fulfilled at <r> = 75.00
Beacon restraint [15.00, 17.34] Å to residue 59 fulfilled at <r> = 75.00
Depth restraint [18.70, 35.00] Å fulfilled at <r> = 25.50
Oligomer restraint [36.50, 12.80] Å fulfilled at <r> = 41.98

Residue 4

Depth restraint [17.50, 35.00] Å fulfilled at <r> = 26.00
Oligomer restraint [37.20, 12.10] Å fulfilled at <r> = 31.20

Residue 5


Residue 6


Residue 7

Beacon restraint [26.70, 16.95] Å to residue 34 fulfilled at <r> = 75.00
Beacon restraint [19.20, 17.62] Å to residue 59 fulfilled at <r> = 75.00
Depth restraint [17.90, 35.00] Å fulfilled at <r> = 25.50
Oligomer restraint [40.00, 11.80] Å fulfilled at <r> = 35.46

Residue 8


Residue 9

Depth restraint [17.50, 35.00] Å fulfilled at <r> = 27.00
Oligomer restraint [43.10, 13.40] Å fulfilled at <r> = 44.40

Residue 10

Depth restraint [18.90, 35.00] Å fulfilled at <r> = 27.50
Oligomer restraint [46.40, 14.60] Å fulfilled at <r> = 59.37

Residue 11

Beacon restraint [24.50, 16.38] Å to residue 34 fulfilled at <r> = 75.00
Beacon restraint [15.00, 18.01] Å to residue 59 fulfilled at <r> = 75.00
Depth restraint [17.30, 35.00] Å fulfilled at <r> = 25.50
Oligomer restraint [45.70, 11.70] Å fulfilled at <r> = 58.97

Residue 12

Depth restraint [20.60, 35.00] Å fulfilled at <r> = 24.50
Oligomer restraint [49.60, 13.60] Å fulfilled at <r> = 40.36

Residue 13


--- Restraint fulfillment for model 3 with weight 0.407 ---


Residue 3

Beacon restraint [26.60, 16.76] Å to residue 34 fulfilled at <r> = 75.00
Beacon restraint [15.00, 17.34] Å to residue 59 fulfilled at <r> = 75.00
Depth restraint [18.70, 35.00] Å fulfilled at <r> = 30.00
Oligomer restraint [36.50, 12.80] Å fulfilled at <r> = 37.99

Residue 4

Depth restraint [17.50, 35.00] Å fulfilled at <r> = 32.50
Oligomer restraint [37.20, 12.10] Å fulfilled at <r> = 47.03

Residue 5


Residue 6


Residue 7

Beacon restraint [26.70, 16.95] Å to residue 34 fulfilled at <r> = 75.00
Beacon restraint [19.20, 17.62] Å to residue 59 fulfilled at <r> = 75.00
Depth restraint [17.90, 35.00] Å fulfilled at <r> = 29.50
Oligomer restraint [40.00, 11.80] Å fulfilled at <r> = 37.86

Residue 8


Residue 9

Depth restraint [17.50, 35.00] Å fulfilled at <r> = 29.50
Oligomer restraint [43.10, 13.40] Å fulfilled at <r> = 53.38

Residue 10

Depth restraint [18.90, 35.00] Å fulfilled at <r> = 26.00
Oligomer restraint [46.40, 14.60] Å fulfilled at <r> = 41.17

Residue 11

Beacon restraint [24.50, 16.38] Å to residue 34 fulfilled at <r> = 75.00
Beacon restraint [15.00, 18.01] Å to residue 59 fulfilled at <r> = 75.00
Depth restraint [17.30, 35.00] Å fulfilled at <r> = 25.00
Oligomer restraint [45.70, 11.70] Å fulfilled at <r> = 46.66

Residue 12

Depth restraint [20.60, 35.00] Å fulfilled at <r> = 26.50
Oligomer restraint [49.60, 13.60] Å fulfilled at <r> = 62.06

Residue 13


--- Restraint fulfillment for model 4 with weight 0.473 ---


Residue 3

Beacon restraint [26.60, 16.76] Å to residue 34 fulfilled at <r> = 75.00
Beacon restraint [15.00, 17.34] Å to residue 59 fulfilled at <r> = 75.00
Depth restraint [18.70, 35.00] Å fulfilled at <r> = 31.50
Oligomer restraint [36.50, 12.80] Å fulfilled at <r> = 40.98

Residue 4

Depth restraint [17.50, 35.00] Å fulfilled at <r> = 29.50
Oligomer restraint [37.20, 12.10] Å fulfilled at <r> = 37.33

Residue 5


Residue 6


Residue 7

Beacon restraint [26.70, 16.95] Å to residue 34 fulfilled at <r> = 75.00
Beacon restraint [19.20, 17.62] Å to residue 59 fulfilled at <r> = 75.00
Depth restraint [17.90, 35.00] Å fulfilled at <r> = 30.50
Oligomer restraint [40.00, 11.80] Å fulfilled at <r> = 52.57

Residue 8


Residue 9

Depth restraint [17.50, 35.00] Å fulfilled at <r> = 25.50
Oligomer restraint [43.10, 13.40] Å fulfilled at <r> = 41.45

Residue 10

Depth restraint [18.90, 35.00] Å fulfilled at <r> = 22.50
Oligomer restraint [46.40, 14.60] Å fulfilled at <r> = 62.07

Residue 11

Beacon restraint [24.50, 16.38] Å to residue 34 fulfilled at <r> = 75.00
Beacon restraint [15.00, 18.01] Å to residue 59 fulfilled at <r> = 75.00
Depth restraint [17.30, 35.00] Å fulfilled at <r> = 23.00
Oligomer restraint [45.70, 11.70] Å fulfilled at <r> = 62.68

Residue 12

Depth restraint [20.60, 35.00] Å fulfilled at <r> = 26.00
Oligomer restraint [49.60, 13.60] Å fulfilled at <r> = 51.22

Residue 13


--- Restraint fulfillment for model 5 with weight 0.461 ---


Residue 3

Beacon restraint [26.60, 16.76] Å to residue 34 fulfilled at <r> = 75.00
Beacon restraint [15.00, 17.34] Å to residue 59 fulfilled at <r> = 75.00
Depth restraint [18.70, 35.00] Å fulfilled at <r> = 29.00
Oligomer restraint [36.50, 12.80] Å fulfilled at <r> = 42.90

Residue 4

Depth restraint [17.50, 35.00] Å fulfilled at <r> = 29.50
Oligomer restraint [37.20, 12.10] Å fulfilled at <r> = 39.31

Residue 5


Residue 6


Residue 7

Beacon restraint [26.70, 16.95] Å to residue 34 fulfilled at <r> = 75.00
Beacon restraint [19.20, 17.62] Å to residue 59 fulfilled at <r> = 75.00
Depth restraint [17.90, 35.00] Å fulfilled at <r> = 32.50
Oligomer restraint [40.00, 11.80] Å fulfilled at <r> = 47.30

Residue 8


Residue 9

Depth restraint [17.50, 35.00] Å fulfilled at <r> = 33.00
Oligomer restraint [43.10, 13.40] Å fulfilled at <r> = 56.74

Residue 10

Depth restraint [18.90, 35.00] Å fulfilled at <r> = 33.50
Oligomer restraint [46.40, 14.60] Å fulfilled at <r> = 45.90

Residue 11

Beacon restraint [24.50, 16.38] Å to residue 34 fulfilled at <r> = 75.00
Beacon restraint [15.00, 18.01] Å to residue 59 fulfilled at <r> = 75.00
Depth restraint [17.30, 35.00] Å fulfilled at <r> = 30.50
Oligomer restraint [45.70, 11.70] Å fulfilled at <r> = 49.07

Residue 12

Depth restraint [20.60, 35.00] Å fulfilled at <r> = 28.50
Oligomer restraint [49.60, 13.60] Å fulfilled at <r> = 59.24

Residue 13


--- Restraint fulfillment for model 6 with weight 0.483 ---


Residue 3

Beacon restraint [26.60, 16.76] Å to residue 34 fulfilled at <r> = 75.00
Beacon restraint [15.00, 17.34] Å to residue 59 fulfilled at <r> = 75.00
Depth restraint [18.70, 35.00] Å fulfilled at <r> = 27.00
Oligomer restraint [36.50, 12.80] Å fulfilled at <r> = 35.37

Residue 4

Depth restraint [17.50, 35.00] Å fulfilled at <r> = 27.00
Oligomer restraint [37.20, 12.10] Å fulfilled at <r> = 34.89

Residue 5


Residue 6


Residue 7

Beacon restraint [26.70, 16.95] Å to residue 34 fulfilled at <r> = 75.00
Beacon restraint [19.20, 17.62] Å to residue 59 fulfilled at <r> = 75.00
Depth restraint [17.90, 35.00] Å fulfilled at <r> = 35.00
Oligomer restraint [40.00, 11.80] Å fulfilled at <r> = 35.70

Residue 8


Residue 9

Depth restraint [17.50, 35.00] Å fulfilled at <r> = 34.50
Oligomer restraint [43.10, 13.40] Å fulfilled at <r> = 48.19

Residue 10

Depth restraint [18.90, 35.00] Å fulfilled at <r> = 32.00
Oligomer restraint [46.40, 14.60] Å fulfilled at <r> = 49.88

Residue 11

Beacon restraint [24.50, 16.38] Å to residue 34 fulfilled at <r> = 75.00
Beacon restraint [15.00, 18.01] Å to residue 59 fulfilled at <r> = 75.00
Depth restraint [17.30, 35.00] Å fulfilled at <r> = 29.00
Oligomer restraint [45.70, 11.70] Å fulfilled at <r> = 52.77

Residue 12

Depth restraint [20.60, 35.00] Å fulfilled at <r> = 28.50
Oligomer restraint [49.60, 13.60] Å fulfilled at <r> = 55.69

Residue 13


--- Restraint fulfillment for model 7 with weight 0.476 ---


Residue 3

Beacon restraint [26.60, 16.76] Å to residue 34 fulfilled at <r> = 75.00
Beacon restraint [15.00, 17.34] Å to residue 59 fulfilled at <r> = 75.00
Depth restraint [18.70, 35.00] Å fulfilled at <r> = 29.50
Oligomer restraint [36.50, 12.80] Å fulfilled at <r> = 42.36

Residue 4

Depth restraint [17.50, 35.00] Å fulfilled at <r> = 31.50
Oligomer restraint [37.20, 12.10] Å fulfilled at <r> = 37.07

Residue 5


Residue 6


Residue 7

Beacon restraint [26.70, 16.95] Å to residue 34 fulfilled at <r> = 75.00
Beacon restraint [19.20, 17.62] Å to residue 59 fulfilled at <r> = 75.00
Depth restraint [17.90, 35.00] Å fulfilled at <r> = 32.00
Oligomer restraint [40.00, 11.80] Å fulfilled at <r> = 35.93

Residue 8


Residue 9

Depth restraint [17.50, 35.00] Å fulfilled at <r> = 34.50
Oligomer restraint [43.10, 13.40] Å fulfilled at <r> = 45.14

Residue 10

Depth restraint [18.90, 35.00] Å fulfilled at <r> = 33.00
Oligomer restraint [46.40, 14.60] Å fulfilled at <r> = 43.51

Residue 11

Beacon restraint [24.50, 16.38] Å to residue 34 fulfilled at <r> = 75.00
Beacon restraint [15.00, 18.01] Å to residue 59 fulfilled at <r> = 75.00
Depth restraint [17.30, 35.00] Å fulfilled at <r> = 29.00
Oligomer restraint [45.70, 11.70] Å fulfilled at <r> = 47.84

Residue 12

Depth restraint [20.60, 35.00] Å fulfilled at <r> = 27.00
Oligomer restraint [49.60, 13.60] Å fulfilled at <r> = 57.00

Residue 13


--- Restraint fulfillment for model 8 with weight 0.379 ---


Residue 3

Beacon restraint [26.60, 16.76] Å to residue 34 fulfilled at <r> = 75.00
Beacon restraint [15.00, 17.34] Å to residue 59 fulfilled at <r> = 75.00
Depth restraint [18.70, 35.00] Å fulfilled at <r> = 27.50
Oligomer restraint [36.50, 12.80] Å fulfilled at <r> = 35.91

Residue 4

Depth restraint [17.50, 35.00] Å fulfilled at <r> = 30.00
Oligomer restraint [37.20, 12.10] Å fulfilled at <r> = 30.91

Residue 5


Residue 6


Residue 7

Beacon restraint [26.70, 16.95] Å to residue 34 fulfilled at <r> = 75.00
Beacon restraint [19.20, 17.62] Å to residue 59 fulfilled at <r> = 75.00
Depth restraint [17.90, 35.00] Å fulfilled at <r> = 31.50
Oligomer restraint [40.00, 11.80] Å fulfilled at <r> = 40.22

Residue 8


Residue 9

Depth restraint [17.50, 35.00] Å fulfilled at <r> = 27.50
Oligomer restraint [43.10, 13.40] Å fulfilled at <r> = 38.17

Residue 10

Depth restraint [18.90, 35.00] Å fulfilled at <r> = 27.50
Oligomer restraint [46.40, 14.60] Å fulfilled at <r> = 49.28

Residue 11

Beacon restraint [24.50, 16.38] Å to residue 34 fulfilled at <r> = 75.00
Beacon restraint [15.00, 18.01] Å to residue 59 fulfilled at <r> = 75.00
Depth restraint [17.30, 35.00] Å fulfilled at <r> = 25.00
Oligomer restraint [45.70, 11.70] Å fulfilled at <r> = 48.01

Residue 12

Depth restraint [20.60, 35.00] Å fulfilled at <r> = 26.00
Oligomer restraint [49.60, 13.60] Å fulfilled at <r> = 60.48

Residue 13


--- Restraint fulfillment for model 9 with weight 0.399 ---


Residue 3

Beacon restraint [26.60, 16.76] Å to residue 34 fulfilled at <r> = 75.00
Beacon restraint [15.00, 17.34] Å to residue 59 fulfilled at <r> = 75.00
Depth restraint [18.70, 35.00] Å fulfilled at <r> = 26.50
Oligomer restraint [36.50, 12.80] Å fulfilled at <r> = 30.61

Residue 4

Depth restraint [17.50, 35.00] Å fulfilled at <r> = 23.00
Oligomer restraint [37.20, 12.10] Å fulfilled at <r> = 39.69

Residue 5


Residue 6


Residue 7

Beacon restraint [26.70, 16.95] Å to residue 34 fulfilled at <r> = 75.00
Beacon restraint [19.20, 17.62] Å to residue 59 fulfilled at <r> = 75.00
Depth restraint [17.90, 35.00] Å fulfilled at <r> = 26.50
Oligomer restraint [40.00, 11.80] Å fulfilled at <r> = 52.18

Residue 8


Residue 9

Depth restraint [17.50, 35.00] Å fulfilled at <r> = 27.00
Oligomer restraint [43.10, 13.40] Å fulfilled at <r> = 55.51

Residue 10

Depth restraint [18.90, 35.00] Å fulfilled at <r> = 27.50
Oligomer restraint [46.40, 14.60] Å fulfilled at <r> = 47.98

Residue 11

Beacon restraint [24.50, 16.38] Å to residue 34 fulfilled at <r> = 75.00
Beacon restraint [15.00, 18.01] Å to residue 59 fulfilled at <r> = 75.00
Depth restraint [17.30, 35.00] Å fulfilled at <r> = 25.00
Oligomer restraint [45.70, 11.70] Å fulfilled at <r> = 38.75

Residue 12

Depth restraint [20.60, 35.00] Å fulfilled at <r> = 24.00
Oligomer restraint [49.60, 13.60] Å fulfilled at <r> = 40.15

Residue 13


--- Restraint fulfillment for model 10 with weight 0.425 ---


Residue 3

Beacon restraint [26.60, 16.76] Å to residue 34 fulfilled at <r> = 75.00
Beacon restraint [15.00, 17.34] Å to residue 59 fulfilled at <r> = 75.00
Depth restraint [18.70, 35.00] Å fulfilled at <r> = 31.00
Oligomer restraint [36.50, 12.80] Å fulfilled at <r> = 47.81

Residue 4

Depth restraint [17.50, 35.00] Å fulfilled at <r> = 28.00
Oligomer restraint [37.20, 12.10] Å fulfilled at <r> = 40.32

Residue 5


Residue 6


Residue 7

Beacon restraint [26.70, 16.95] Å to residue 34 fulfilled at <r> = 75.00
Beacon restraint [19.20, 17.62] Å to residue 59 fulfilled at <r> = 75.00
Depth restraint [17.90, 35.00] Å fulfilled at <r> = 32.50
Oligomer restraint [40.00, 11.80] Å fulfilled at <r> = 39.34

Residue 8


Residue 9

Depth restraint [17.50, 35.00] Å fulfilled at <r> = 30.00
Oligomer restraint [43.10, 13.40] Å fulfilled at <r> = 33.37

Residue 10

Depth restraint [18.90, 35.00] Å fulfilled at <r> = 32.00
Oligomer restraint [46.40, 14.60] Å fulfilled at <r> = 46.08

Residue 11

Beacon restraint [24.50, 16.38] Å to residue 34 fulfilled at <r> = 75.00
Beacon restraint [15.00, 18.01] Å to residue 59 fulfilled at <r> = 75.00
Depth restraint [17.30, 35.00] Å fulfilled at <r> = 29.50
Oligomer restraint [45.70, 11.70] Å fulfilled at <r> = 46.87

Residue 12

Depth restraint [20.60, 35.00] Å fulfilled at <r> = 28.00
Oligomer restraint [49.60, 13.60] Å fulfilled at <r> = 54.90

Residue 13


--- Restraint fulfillment for model 11 with weight 0.498 ---


Residue 3

Beacon restraint [26.60, 16.76] Å to residue 34 fulfilled at <r> = 75.00
Beacon restraint [15.00, 17.34] Å to residue 59 fulfilled at <r> = 75.00
Depth restraint [18.70, 35.00] Å fulfilled at <r> = 32.00
Oligomer restraint [36.50, 12.80] Å fulfilled at <r> = 51.01

Residue 4

Depth restraint [17.50, 35.00] Å fulfilled at <r> = 34.00
Oligomer restraint [37.20, 12.10] Å fulfilled at <r> = 42.61

Residue 5


Residue 6


Residue 7

Beacon restraint [26.70, 16.95] Å to residue 34 fulfilled at <r> = 75.00
Beacon restraint [19.20, 17.62] Å to residue 59 fulfilled at <r> = 75.00
Depth restraint [17.90, 35.00] Å fulfilled at <r> = 30.00
Oligomer restraint [40.00, 11.80] Å fulfilled at <r> = 32.07

Residue 8


Residue 9

Depth restraint [17.50, 35.00] Å fulfilled at <r> = 30.00
Oligomer restraint [43.10, 13.40] Å fulfilled at <r> = 32.78

Residue 10

Depth restraint [18.90, 35.00] Å fulfilled at <r> = 32.50
Oligomer restraint [46.40, 14.60] Å fulfilled at <r> = 46.13

Residue 11

Beacon restraint [24.50, 16.38] Å to residue 34 fulfilled at <r> = 75.00
Beacon restraint [15.00, 18.01] Å to residue 59 fulfilled at <r> = 75.00
Depth restraint [17.30, 35.00] Å fulfilled at <r> = 29.50
Oligomer restraint [45.70, 11.70] Å fulfilled at <r> = 43.60

Residue 12

Depth restraint [20.60, 35.00] Å fulfilled at <r> = 28.00
Oligomer restraint [49.60, 13.60] Å fulfilled at <r> = 54.85

Residue 13


--- Restraint fulfillment for model 12 with weight 0.498 ---


Residue 3

Beacon restraint [26.60, 16.76] Å to residue 34 fulfilled at <r> = 75.00
Beacon restraint [15.00, 17.34] Å to residue 59 fulfilled at <r> = 75.00
Depth restraint [18.70, 35.00] Å fulfilled at <r> = 31.00
Oligomer restraint [36.50, 12.80] Å fulfilled at <r> = 32.10

Residue 4

Depth restraint [17.50, 35.00] Å fulfilled at <r> = 33.50
Oligomer restraint [37.20, 12.10] Å fulfilled at <r> = 39.19

Residue 5


Residue 6


Residue 7

Beacon restraint [26.70, 16.95] Å to residue 34 fulfilled at <r> = 75.00
Beacon restraint [19.20, 17.62] Å to residue 59 fulfilled at <r> = 75.00
Depth restraint [17.90, 35.00] Å fulfilled at <r> = 31.00
Oligomer restraint [40.00, 11.80] Å fulfilled at <r> = 33.85

Residue 8


Residue 9

Depth restraint [17.50, 35.00] Å fulfilled at <r> = 32.00
Oligomer restraint [43.10, 13.40] Å fulfilled at <r> = 47.31

Residue 10

Depth restraint [18.90, 35.00] Å fulfilled at <r> = 32.00
Oligomer restraint [46.40, 14.60] Å fulfilled at <r> = 46.33

Residue 11

Beacon restraint [24.50, 16.38] Å to residue 34 fulfilled at <r> = 75.00
Beacon restraint [15.00, 18.01] Å to residue 59 fulfilled at <r> = 75.00
Depth restraint [17.30, 35.00] Å fulfilled at <r> = 29.50
Oligomer restraint [45.70, 11.70] Å fulfilled at <r> = 59.36

Residue 12

Depth restraint [20.60, 35.00] Å fulfilled at <r> = 26.00
Oligomer restraint [49.60, 13.60] Å fulfilled at <r> = 46.02

Residue 13


--- Restraint fulfillment for model 13 with weight 0.478 ---


Residue 3

Beacon restraint [26.60, 16.76] Å to residue 34 fulfilled at <r> = 75.00
Beacon restraint [15.00, 17.34] Å to residue 59 fulfilled at <r> = 75.00
Depth restraint [18.70, 35.00] Å fulfilled at <r> = 33.50
Oligomer restraint [36.50, 12.80] Å fulfilled at <r> = 46.78

Residue 4

Depth restraint [17.50, 35.00] Å fulfilled at <r> = 32.50
Oligomer restraint [37.20, 12.10] Å fulfilled at <r> = 36.11

Residue 5


Residue 6


Residue 7

Beacon restraint [26.70, 16.95] Å to residue 34 fulfilled at <r> = 75.00
Beacon restraint [19.20, 17.62] Å to residue 59 fulfilled at <r> = 75.00
Depth restraint [17.90, 35.00] Å fulfilled at <r> = 33.50
Oligomer restraint [40.00, 11.80] Å fulfilled at <r> = 32.99

Residue 8


Residue 9

Depth restraint [17.50, 35.00] Å fulfilled at <r> = 31.00
Oligomer restraint [43.10, 13.40] Å fulfilled at <r> = 44.68

Residue 10

Depth restraint [18.90, 35.00] Å fulfilled at <r> = 30.00
Oligomer restraint [46.40, 14.60] Å fulfilled at <r> = 49.49

Residue 11

Beacon restraint [24.50, 16.38] Å to residue 34 fulfilled at <r> = 75.00
Beacon restraint [15.00, 18.01] Å to residue 59 fulfilled at <r> = 75.00
Depth restraint [17.30, 35.00] Å fulfilled at <r> = 27.50
Oligomer restraint [45.70, 11.70] Å fulfilled at <r> = 54.33

Residue 12

Depth restraint [20.60, 35.00] Å fulfilled at <r> = 24.00
Oligomer restraint [49.60, 13.60] Å fulfilled at <r> = 38.81

Residue 13


--- Restraint fulfillment for model 14 with weight 0.466 ---


Residue 3

Beacon restraint [26.60, 16.76] Å to residue 34 fulfilled at <r> = 75.00
Beacon restraint [15.00, 17.34] Å to residue 59 fulfilled at <r> = 75.00
Depth restraint [18.70, 35.00] Å fulfilled at <r> = 28.00
Oligomer restraint [36.50, 12.80] Å fulfilled at <r> = 37.51

Residue 4

Depth restraint [17.50, 35.00] Å fulfilled at <r> = 31.00
Oligomer restraint [37.20, 12.10] Å fulfilled at <r> = 28.39

Residue 5


Residue 6


Residue 7

Beacon restraint [26.70, 16.95] Å to residue 34 fulfilled at <r> = 75.00
Beacon restraint [19.20, 17.62] Å to residue 59 fulfilled at <r> = 75.00
Depth restraint [17.90, 35.00] Å fulfilled at <r> = 35.00
Oligomer restraint [40.00, 11.80] Å fulfilled at <r> = 33.99

Residue 8


Residue 9

Depth restraint [17.50, 35.00] Å fulfilled at <r> = 35.00
Oligomer restraint [43.10, 13.40] Å fulfilled at <r> = 47.89

Residue 10

Depth restraint [18.90, 35.00] Å fulfilled at <r> = 32.00
Oligomer restraint [46.40, 14.60] Å fulfilled at <r> = 39.16

Residue 11

Beacon restraint [24.50, 16.38] Å to residue 34 fulfilled at <r> = 75.00
Beacon restraint [15.00, 18.01] Å to residue 59 fulfilled at <r> = 75.00
Depth restraint [17.30, 35.00] Å fulfilled at <r> = 32.00
Oligomer restraint [45.70, 11.70] Å fulfilled at <r> = 49.21

Residue 12

Depth restraint [20.60, 35.00] Å fulfilled at <r> = 29.00
Oligomer restraint [49.60, 13.60] Å fulfilled at <r> = 56.97

Residue 13


--- Restraint fulfillment for model 15 with weight 0.446 ---


Residue 3

Beacon restraint [26.60, 16.76] Å to residue 34 fulfilled at <r> = 75.00
Beacon restraint [15.00, 17.34] Å to residue 59 fulfilled at <r> = 75.00
Depth restraint [18.70, 35.00] Å fulfilled at <r> = 27.00
Oligomer restraint [36.50, 12.80] Å fulfilled at <r> = 48.91

Residue 4

Depth restraint [17.50, 35.00] Å fulfilled at <r> = 28.00
Oligomer restraint [37.20, 12.10] Å fulfilled at <r> = 52.06

Residue 5


Residue 6


Residue 7

Beacon restraint [26.70, 16.95] Å to residue 34 fulfilled at <r> = 75.00
Beacon restraint [19.20, 17.62] Å to residue 59 fulfilled at <r> = 75.00
Depth restraint [17.90, 35.00] Å fulfilled at <r> = 31.00
Oligomer restraint [40.00, 11.80] Å fulfilled at <r> = 39.19

Residue 8


Residue 9

Depth restraint [17.50, 35.00] Å fulfilled at <r> = 32.00
Oligomer restraint [43.10, 13.40] Å fulfilled at <r> = 48.52

Residue 10

Depth restraint [18.90, 35.00] Å fulfilled at <r> = 30.00
Oligomer restraint [46.40, 14.60] Å fulfilled at <r> = 33.62

Residue 11

Beacon restraint [24.50, 16.38] Å to residue 34 fulfilled at <r> = 75.00
Beacon restraint [15.00, 18.01] Å to residue 59 fulfilled at <r> = 75.00
Depth restraint [17.30, 35.00] Å fulfilled at <r> = 31.50
Oligomer restraint [45.70, 11.70] Å fulfilled at <r> = 47.81

Residue 12

Depth restraint [20.60, 35.00] Å fulfilled at <r> = 28.00
Oligomer restraint [49.60, 13.60] Å fulfilled at <r> = 55.50

Residue 13


--- Restraint fulfillment for model 16 with weight 0.440 ---


Residue 3

Beacon restraint [26.60, 16.76] Å to residue 34 fulfilled at <r> = 75.00
Beacon restraint [15.00, 17.34] Å to residue 59 fulfilled at <r> = 75.00
Depth restraint [18.70, 35.00] Å fulfilled at <r> = 22.00
Oligomer restraint [36.50, 12.80] Å fulfilled at <r> = 34.11

Residue 4

Depth restraint [17.50, 35.00] Å fulfilled at <r> = 25.50
Oligomer restraint [37.20, 12.10] Å fulfilled at <r> = 33.88

Residue 5


Residue 6


Residue 7

Beacon restraint [26.70, 16.95] Å to residue 34 fulfilled at <r> = 75.00
Beacon restraint [19.20, 17.62] Å to residue 59 fulfilled at <r> = 75.00
Depth restraint [17.90, 35.00] Å fulfilled at <r> = 32.00
Oligomer restraint [40.00, 11.80] Å fulfilled at <r> = 47.42

Residue 8


Residue 9

Depth restraint [17.50, 35.00] Å fulfilled at <r> = 30.50
Oligomer restraint [43.10, 13.40] Å fulfilled at <r> = 36.20

Residue 10

Depth restraint [18.90, 35.00] Å fulfilled at <r> = 31.50
Oligomer restraint [46.40, 14.60] Å fulfilled at <r> = 49.02

Residue 11

Beacon restraint [24.50, 16.38] Å to residue 34 fulfilled at <r> = 75.00
Beacon restraint [15.00, 18.01] Å to residue 59 fulfilled at <r> = 75.00
Depth restraint [17.30, 35.00] Å fulfilled at <r> = 28.50
Oligomer restraint [45.70, 11.70] Å fulfilled at <r> = 56.34

Residue 12

Depth restraint [20.60, 35.00] Å fulfilled at <r> = 25.00
Oligomer restraint [49.60, 13.60] Å fulfilled at <r> = 44.28

Residue 13


--- Restraint fulfillment for model 17 with weight 0.426 ---


Residue 3

Beacon restraint [26.60, 16.76] Å to residue 34 fulfilled at <r> = 75.00
Beacon restraint [15.00, 17.34] Å to residue 59 fulfilled at <r> = 75.00
Depth restraint [18.70, 35.00] Å fulfilled at <r> = 34.00
Oligomer restraint [36.50, 12.80] Å fulfilled at <r> = 34.28

Residue 4

Depth restraint [17.50, 35.00] Å fulfilled at <r> = 33.00
Oligomer restraint [37.20, 12.10] Å fulfilled at <r> = 45.80

Residue 5


Residue 6


Residue 7

Beacon restraint [26.70, 16.95] Å to residue 34 fulfilled at <r> = 75.00
Beacon restraint [19.20, 17.62] Å to residue 59 fulfilled at <r> = 75.00
Depth restraint [17.90, 35.00] Å fulfilled at <r> = 35.00
Oligomer restraint [40.00, 11.80] Å fulfilled at <r> = 52.15

Residue 8


Residue 9

Depth restraint [17.50, 35.00] Å fulfilled at <r> = 32.00
Oligomer restraint [43.10, 13.40] Å fulfilled at <r> = 36.59

Residue 10

Depth restraint [18.90, 35.00] Å fulfilled at <r> = 32.50
Oligomer restraint [46.40, 14.60] Å fulfilled at <r> = 50.61

Residue 11

Beacon restraint [24.50, 16.38] Å to residue 34 fulfilled at <r> = 75.00
Beacon restraint [15.00, 18.01] Å to residue 59 fulfilled at <r> = 75.00
Depth restraint [17.30, 35.00] Å fulfilled at <r> = 29.00
Oligomer restraint [45.70, 11.70] Å fulfilled at <r> = 43.48

Residue 12

Depth restraint [20.60, 35.00] Å fulfilled at <r> = 27.00
Oligomer restraint [49.60, 13.60] Å fulfilled at <r> = 57.70

Residue 13


--- Restraint fulfillment for model 18 with weight 0.487 ---


Residue 3

Beacon restraint [26.60, 16.76] Å to residue 34 fulfilled at <r> = 75.00
Beacon restraint [15.00, 17.34] Å to residue 59 fulfilled at <r> = 75.00
Depth restraint [18.70, 35.00] Å fulfilled at <r> = 32.50
Oligomer restraint [36.50, 12.80] Å fulfilled at <r> = 47.61

Residue 4

Depth restraint [17.50, 35.00] Å fulfilled at <r> = 32.00
Oligomer restraint [37.20, 12.10] Å fulfilled at <r> = 37.33

Residue 5


Residue 6


Residue 7

Beacon restraint [26.70, 16.95] Å to residue 34 fulfilled at <r> = 75.00
Beacon restraint [19.20, 17.62] Å to residue 59 fulfilled at <r> = 75.00
Depth restraint [17.90, 35.00] Å fulfilled at <r> = 33.50
Oligomer restraint [40.00, 11.80] Å fulfilled at <r> = 41.92

Residue 8


Residue 9

Depth restraint [17.50, 35.00] Å fulfilled at <r> = 30.50
Oligomer restraint [43.10, 13.40] Å fulfilled at <r> = 30.73

Residue 10

Depth restraint [18.90, 35.00] Å fulfilled at <r> = 32.50
Oligomer restraint [46.40, 14.60] Å fulfilled at <r> = 45.98

Residue 11

Beacon restraint [24.50, 16.38] Å to residue 34 fulfilled at <r> = 75.00
Beacon restraint [15.00, 18.01] Å to residue 59 fulfilled at <r> = 75.00
Depth restraint [17.30, 35.00] Å fulfilled at <r> = 29.50
Oligomer restraint [45.70, 11.70] Å fulfilled at <r> = 47.22

Residue 12

Depth restraint [20.60, 35.00] Å fulfilled at <r> = 28.00
Oligomer restraint [49.60, 13.60] Å fulfilled at <r> = 55.75

Residue 13


--- Restraint fulfillment for model 19 with weight 0.402 ---


Residue 3

Beacon restraint [26.60, 16.76] Å to residue 34 fulfilled at <r> = 75.00
Beacon restraint [15.00, 17.34] Å to residue 59 fulfilled at <r> = 75.00
Depth restraint [18.70, 35.00] Å fulfilled at <r> = 30.50
Oligomer restraint [36.50, 12.80] Å fulfilled at <r> = 41.28

Residue 4

Depth restraint [17.50, 35.00] Å fulfilled at <r> = 32.50
Oligomer restraint [37.20, 12.10] Å fulfilled at <r> = 43.09

Residue 5


Residue 6


Residue 7

Beacon restraint [26.70, 16.95] Å to residue 34 fulfilled at <r> = 75.00
Beacon restraint [19.20, 17.62] Å to residue 59 fulfilled at <r> = 75.00
Depth restraint [17.90, 35.00] Å fulfilled at <r> = 35.00
Oligomer restraint [40.00, 11.80] Å fulfilled at <r> = 46.70

Residue 8


Residue 9

Depth restraint [17.50, 35.00] Å fulfilled at <r> = 29.00
Oligomer restraint [43.10, 13.40] Å fulfilled at <r> = 51.15

Residue 10

Depth restraint [18.90, 35.00] Å fulfilled at <r> = 26.50
Oligomer restraint [46.40, 14.60] Å fulfilled at <r> = 47.02

Residue 11

Beacon restraint [24.50, 16.38] Å to residue 34 fulfilled at <r> = 75.00
Beacon restraint [15.00, 18.01] Å to residue 59 fulfilled at <r> = 75.00
Depth restraint [17.30, 35.00] Å fulfilled at <r> = 24.50
Oligomer restraint [45.70, 11.70] Å fulfilled at <r> = 42.06

Residue 12

Depth restraint [20.60, 35.00] Å fulfilled at <r> = 24.50
Oligomer restraint [49.60, 13.60] Å fulfilled at <r> = 36.10

Residue 13


--- Restraint fulfillment for model 20 with weight 0.435 ---


Residue 3

Beacon restraint [26.60, 16.76] Å to residue 34 fulfilled at <r> = 75.00
Beacon restraint [15.00, 17.34] Å to residue 59 fulfilled at <r> = 75.00
Depth restraint [18.70, 35.00] Å fulfilled at <r> = 24.50
Oligomer restraint [36.50, 12.80] Å fulfilled at <r> = 42.92

Residue 4

Depth restraint [17.50, 35.00] Å fulfilled at <r> = 26.00
Oligomer restraint [37.20, 12.10] Å fulfilled at <r> = 40.04

Residue 5


Residue 6


Residue 7

Beacon restraint [26.70, 16.95] Å to residue 34 fulfilled at <r> = 75.00
Beacon restraint [19.20, 17.62] Å to residue 59 fulfilled at <r> = 75.00
Depth restraint [17.90, 35.00] Å fulfilled at <r> = 34.00
Oligomer restraint [40.00, 11.80] Å fulfilled at <r> = 51.64

Residue 8


Residue 9

Depth restraint [17.50, 35.00] Å fulfilled at <r> = 34.00
Oligomer restraint [43.10, 13.40] Å fulfilled at <r> = 45.55

Residue 10

Depth restraint [18.90, 35.00] Å fulfilled at <r> = 31.00
Oligomer restraint [46.40, 14.60] Å fulfilled at <r> = 33.95

Residue 11

Beacon restraint [24.50, 16.38] Å to residue 34 fulfilled at <r> = 75.00
Beacon restraint [15.00, 18.01] Å to residue 59 fulfilled at <r> = 75.00
Depth restraint [17.30, 35.00] Å fulfilled at <r> = 31.50
Oligomer restraint [45.70, 11.70] Å fulfilled at <r> = 45.37

Residue 12

Depth restraint [20.60, 35.00] Å fulfilled at <r> = 28.00
Oligomer restraint [49.60, 13.60] Å fulfilled at <r> = 54.83

Residue 13


--- Restraint fulfillment for model 21 with weight 0.466 ---


Residue 3

Beacon restraint [26.60, 16.76] Å to residue 34 fulfilled at <r> = 75.00
Beacon restraint [15.00, 17.34] Å to residue 59 fulfilled at <r> = 75.00
Depth restraint [18.70, 35.00] Å fulfilled at <r> = 23.50
Oligomer restraint [36.50, 12.80] Å fulfilled at <r> = 40.99

Residue 4

Depth restraint [17.50, 35.00] Å fulfilled at <r> = 25.50
Oligomer restraint [37.20, 12.10] Å fulfilled at <r> = 39.43

Residue 5


Residue 6


Residue 7

Beacon restraint [26.70, 16.95] Å to residue 34 fulfilled at <r> = 75.00
Beacon restraint [19.20, 17.62] Å to residue 59 fulfilled at <r> = 75.00
Depth restraint [17.90, 35.00] Å fulfilled at <r> = 34.50
Oligomer restraint [40.00, 11.80] Å fulfilled at <r> = 52.02

Residue 8


Residue 9

Depth restraint [17.50, 35.00] Å fulfilled at <r> = 31.50
Oligomer restraint [43.10, 13.40] Å fulfilled at <r> = 35.43

Residue 10

Depth restraint [18.90, 35.00] Å fulfilled at <r> = 30.00
Oligomer restraint [46.40, 14.60] Å fulfilled at <r> = 42.19

Residue 11

Beacon restraint [24.50, 16.38] Å to residue 34 fulfilled at <r> = 75.00
Beacon restraint [15.00, 18.01] Å to residue 59 fulfilled at <r> = 75.00
Depth restraint [17.30, 35.00] Å fulfilled at <r> = 28.00
Oligomer restraint [45.70, 11.70] Å fulfilled at <r> = 55.13

Residue 12

Depth restraint [20.60, 35.00] Å fulfilled at <r> = 24.50
Oligomer restraint [49.60, 13.60] Å fulfilled at <r> = 37.48

Residue 13


--- Restraint fulfillment for model 22 with weight 0.405 ---


Residue 3

Beacon restraint [26.60, 16.76] Å to residue 34 fulfilled at <r> = 75.00
Beacon restraint [15.00, 17.34] Å to residue 59 fulfilled at <r> = 75.00
Depth restraint [18.70, 35.00] Å fulfilled at <r> = 31.50
Oligomer restraint [36.50, 12.80] Å fulfilled at <r> = 43.42

Residue 4

Depth restraint [17.50, 35.00] Å fulfilled at <r> = 33.50
Oligomer restraint [37.20, 12.10] Å fulfilled at <r> = 45.80

Residue 5


Residue 6


Residue 7

Beacon restraint [26.70, 16.95] Å to residue 34 fulfilled at <r> = 75.00
Beacon restraint [19.20, 17.62] Å to residue 59 fulfilled at <r> = 75.00
Depth restraint [17.90, 35.00] Å fulfilled at <r> = 31.00
Oligomer restraint [40.00, 11.80] Å fulfilled at <r> = 39.56

Residue 8


Residue 9

Depth restraint [17.50, 35.00] Å fulfilled at <r> = 26.00
Oligomer restraint [43.10, 13.40] Å fulfilled at <r> = 33.35

Residue 10

Depth restraint [18.90, 35.00] Å fulfilled at <r> = 25.50
Oligomer restraint [46.40, 14.60] Å fulfilled at <r> = 46.13

Residue 11

Beacon restraint [24.50, 16.38] Å to residue 34 fulfilled at <r> = 75.00
Beacon restraint [15.00, 18.01] Å to residue 59 fulfilled at <r> = 75.00
Depth restraint [17.30, 35.00] Å fulfilled at <r> = 26.00
Oligomer restraint [45.70, 11.70] Å fulfilled at <r> = 48.29

Residue 12

Depth restraint [20.60, 35.00] Å fulfilled at <r> = 26.00
Oligomer restraint [49.60, 13.60] Å fulfilled at <r> = 62.84

Residue 13


--- Restraint fulfillment for model 23 with weight 0.479 ---


Residue 3

Beacon restraint [26.60, 16.76] Å to residue 34 fulfilled at <r> = 75.00
Beacon restraint [15.00, 17.34] Å to residue 59 fulfilled at <r> = 75.00
Depth restraint [18.70, 35.00] Å fulfilled at <r> = 27.50
Oligomer restraint [36.50, 12.80] Å fulfilled at <r> = 43.15

Residue 4

Depth restraint [17.50, 35.00] Å fulfilled at <r> = 31.00
Oligomer restraint [37.20, 12.10] Å fulfilled at <r> = 31.53

Residue 5


Residue 6


Residue 7

Beacon restraint [26.70, 16.95] Å to residue 34 fulfilled at <r> = 75.00
Beacon restraint [19.20, 17.62] Å to residue 59 fulfilled at <r> = 75.00
Depth restraint [17.90, 35.00] Å fulfilled at <r> = 34.00
Oligomer restraint [40.00, 11.80] Å fulfilled at <r> = 39.49

Residue 8


Residue 9

Depth restraint [17.50, 35.00] Å fulfilled at <r> = 29.50
Oligomer restraint [43.10, 13.40] Å fulfilled at <r> = 50.27

Residue 10

Depth restraint [18.90, 35.00] Å fulfilled at <r> = 29.50
Oligomer restraint [46.40, 14.60] Å fulfilled at <r> = 57.13

Residue 11

Beacon restraint [24.50, 16.38] Å to residue 34 fulfilled at <r> = 75.00
Beacon restraint [15.00, 18.01] Å to residue 59 fulfilled at <r> = 75.00
Depth restraint [17.30, 35.00] Å fulfilled at <r> = 31.50
Oligomer restraint [45.70, 11.70] Å fulfilled at <r> = 42.49

Residue 12

Depth restraint [20.60, 35.00] Å fulfilled at <r> = 29.00
Oligomer restraint [49.60, 13.60] Å fulfilled at <r> = 54.27

Residue 13


--- Restraint fulfillment for model 24 with weight 0.447 ---


Residue 3

Beacon restraint [26.60, 16.76] Å to residue 34 fulfilled at <r> = 75.00
Beacon restraint [15.00, 17.34] Å to residue 59 fulfilled at <r> = 75.00
Depth restraint [18.70, 35.00] Å fulfilled at <r> = 27.50
Oligomer restraint [36.50, 12.80] Å fulfilled at <r> = 37.48

Residue 4

Depth restraint [17.50, 35.00] Å fulfilled at <r> = 29.50
Oligomer restraint [37.20, 12.10] Å fulfilled at <r> = 30.20

Residue 5


Residue 6


Residue 7

Beacon restraint [26.70, 16.95] Å to residue 34 fulfilled at <r> = 75.00
Beacon restraint [19.20, 17.62] Å to residue 59 fulfilled at <r> = 75.00
Depth restraint [17.90, 35.00] Å fulfilled at <r> = 32.00
Oligomer restraint [40.00, 11.80] Å fulfilled at <r> = 42.29

Residue 8


Residue 9

Depth restraint [17.50, 35.00] Å fulfilled at <r> = 34.00
Oligomer restraint [43.10, 13.40] Å fulfilled at <r> = 45.86

Residue 10

Depth restraint [18.90, 35.00] Å fulfilled at <r> = 31.00
Oligomer restraint [46.40, 14.60] Å fulfilled at <r> = 49.36

Residue 11

Beacon restraint [24.50, 16.38] Å to residue 34 fulfilled at <r> = 75.00
Beacon restraint [15.00, 18.01] Å to residue 59 fulfilled at <r> = 75.00
Depth restraint [17.30, 35.00] Å fulfilled at <r> = 30.00
Oligomer restraint [45.70, 11.70] Å fulfilled at <r> = 38.84

Residue 12

Depth restraint [20.60, 35.00] Å fulfilled at <r> = 27.00
Oligomer restraint [49.60, 13.60] Å fulfilled at <r> = 52.08

Residue 13


--- Restraint fulfillment for model 25 with weight 0.449 ---


Residue 3

Beacon restraint [26.60, 16.76] Å to residue 34 fulfilled at <r> = 75.00
Beacon restraint [15.00, 17.34] Å to residue 59 fulfilled at <r> = 75.00
Depth restraint [18.70, 35.00] Å fulfilled at <r> = 30.50
Oligomer restraint [36.50, 12.80] Å fulfilled at <r> = 35.99

Residue 4

Depth restraint [17.50, 35.00] Å fulfilled at <r> = 32.50
Oligomer restraint [37.20, 12.10] Å fulfilled at <r> = 33.48

Residue 5


Residue 6


Residue 7

Beacon restraint [26.70, 16.95] Å to residue 34 fulfilled at <r> = 75.00
Beacon restraint [19.20, 17.62] Å to residue 59 fulfilled at <r> = 75.00
Depth restraint [17.90, 35.00] Å fulfilled at <r> = 30.00
Oligomer restraint [40.00, 11.80] Å fulfilled at <r> = 43.84

Residue 8


Residue 9

Depth restraint [17.50, 35.00] Å fulfilled at <r> = 26.50
Oligomer restraint [43.10, 13.40] Å fulfilled at <r> = 57.52

Residue 10

Depth restraint [18.90, 35.00] Å fulfilled at <r> = 23.50
Oligomer restraint [46.40, 14.60] Å fulfilled at <r> = 43.63

Residue 11

Beacon restraint [24.50, 16.38] Å to residue 34 fulfilled at <r> = 75.00
Beacon restraint [15.00, 18.01] Å to residue 59 fulfilled at <r> = 75.00
Depth restraint [17.30, 35.00] Å fulfilled at <r> = 23.00
Oligomer restraint [45.70, 11.70] Å fulfilled at <r> = 36.35

Residue 12

Depth restraint [20.60, 35.00] Å fulfilled at <r> = 25.00
Oligomer restraint [49.60, 13.60] Å fulfilled at <r> = 59.05

Residue 13


--- Final statistics ---

Total runtime: 0 h 2 min.
 0.00% of maximum number of MC trials spent.
Ensemble with 25 models generated.
28 backbone models were generated.
76.03% of all trials had restraint violations.
This is a success rate of 239690.7 ppm.
 0.86% of all trials had internal loop backbone clashes.
20.62% of all trials hand backbone clashes with the protein.
The sidegroup clash threshold was  1.2 Å.
 0.00% of the backbone models lead to internal sidegroup clashes.
10.71% of the backbone models lead to sidegroup clashes with the protein.

The run had a time limit of: 2 h 0 min.
The run had a limit of 500000000 Monte Carlo trials.
25 models had been requested with an ensemble probability of 0.50.
The number of Gaussian-type restraints was 13.
Ramachandran statistics without secondary structure elements was used.

--- Distribution shifts and overlaps ---

Shift [Å]	Overlap
48.03	0.906
57.47	0.897
 4.92	0.944
 1.09	0.968
47.91	0.907
54.24	0.904
 1.65	0.960
 0.73	0.959
 0.63	0.959
50.02	0.904
57.20	0.899
 2.92	0.935
 2.39	0.937
