
--- Restraint fulfillment for model 1 with weight 0.491 ---


Residue 3

Beacon restraint [26.60, 16.76] Å to residue 34 fulfilled at <r> = 75.00
Beacon restraint [15.00, 17.34] Å to residue 59 fulfilled at <r> = 75.00
Depth restraint [18.70, 35.00] Å fulfilled at <r> = 29.50
Oligomer restraint [36.50, 12.80] Å fulfilled at <r> = 30.50

Residue 4

Depth restraint [17.50, 35.00] Å fulfilled at <r> = 27.50
Oligomer restraint [37.20, 12.10] Å fulfilled at <r> = 40.63

Residue 5


Residue 6


Residue 7

Beacon restraint [26.70, 16.95] Å to residue 34 fulfilled at <r> = 75.00
Beacon restraint [19.20, 17.62] Å to residue 59 fulfilled at <r> = 75.00
Depth restraint [17.90, 35.00] Å fulfilled at <r> = 31.50
Oligomer restraint [40.00, 11.80] Å fulfilled at <r> = 42.54

Residue 8


Residue 9

Depth restraint [17.50, 35.00] Å fulfilled at <r> = 31.00
Oligomer restraint [43.10, 13.40] Å fulfilled at <r> = 45.15

Residue 10

Depth restraint [18.90, 35.00] Å fulfilled at <r> = 31.00
Oligomer restraint [46.40, 14.60] Å fulfilled at <r> = 41.04

Residue 11

Beacon restraint [24.50, 16.38] Å to residue 34 fulfilled at <r> = 75.00
Beacon restraint [15.00, 18.01] Å to residue 59 fulfilled at <r> = 75.00
Depth restraint [17.30, 35.00] Å fulfilled at <r> = 32.50
Oligomer restraint [45.70, 11.70] Å fulfilled at <r> = 51.67

Residue 12

Depth restraint [20.60, 35.00] Å fulfilled at <r> = 29.00
Oligomer restraint [49.60, 13.60] Å fulfilled at <r> = 58.50

Residue 13


--- Restraint fulfillment for model 2 with weight 0.492 ---


Residue 3

Beacon restraint [26.60, 16.76] Å to residue 34 fulfilled at <r> = 75.00
Beacon restraint [15.00, 17.34] Å to residue 59 fulfilled at <r> = 75.00
Depth restraint [18.70, 35.00] Å fulfilled at <r> = 35.00
Oligomer restraint [36.50, 12.80] Å fulfilled at <r> = 49.03

Residue 4

Depth restraint [17.50, 35.00] Å fulfilled at <r> = 34.50
Oligomer restraint [37.20, 12.10] Å fulfilled at <r> = 38.38

Residue 5


Residue 6


Residue 7

Beacon restraint [26.70, 16.95] Å to residue 34 fulfilled at <r> = 75.00
Beacon restraint [19.20, 17.62] Å to residue 59 fulfilled at <r> = 75.00
Depth restraint [17.90, 35.00] Å fulfilled at <r> = 35.00
Oligomer restraint [40.00, 11.80] Å fulfilled at <r> = 48.62

Residue 8


Residue 9

Depth restraint [17.50, 35.00] Å fulfilled at <r> = 33.00
Oligomer restraint [43.10, 13.40] Å fulfilled at <r> = 35.75

Residue 10

Depth restraint [18.90, 35.00] Å fulfilled at <r> = 33.50
Oligomer restraint [46.40, 14.60] Å fulfilled at <r> = 51.88

Residue 11

Beacon restraint [24.50, 16.38] Å to residue 34 fulfilled at <r> = 75.00
Beacon restraint [15.00, 18.01] Å to residue 59 fulfilled at <r> = 75.00
Depth restraint [17.30, 35.00] Å fulfilled at <r> = 29.50
Oligomer restraint [45.70, 11.70] Å fulfilled at <r> = 53.31

Residue 12

Depth restraint [20.60, 35.00] Å fulfilled at <r> = 29.00
Oligomer restraint [49.60, 13.60] Å fulfilled at <r> = 57.81

Residue 13


--- Restraint fulfillment for model 3 with weight 0.453 ---


Residue 3

Beacon restraint [26.60, 16.76] Å to residue 34 fulfilled at <r> = 75.00
Beacon restraint [15.00, 17.34] Å to residue 59 fulfilled at <r> = 75.00
Depth restraint [18.70, 35.00] Å fulfilled at <r> = 28.50
Oligomer restraint [36.50, 12.80] Å fulfilled at <r> = 32.30

Residue 4

Depth restraint [17.50, 35.00] Å fulfilled at <r> = 25.00
Oligomer restraint [37.20, 12.10] Å fulfilled at <r> = 29.89

Residue 5


Residue 6


Residue 7

Beacon restraint [26.70, 16.95] Å to residue 34 fulfilled at <r> = 75.00
Beacon restraint [19.20, 17.62] Å to residue 59 fulfilled at <r> = 75.00
Depth restraint [17.90, 35.00] Å fulfilled at <r> = 28.50
Oligomer restraint [40.00, 11.80] Å fulfilled at <r> = 38.68

Residue 8


Residue 9

Depth restraint [17.50, 35.00] Å fulfilled at <r> = 29.00
Oligomer restraint [43.10, 13.40] Å fulfilled at <r> = 36.59

Residue 10

Depth restraint [18.90, 35.00] Å fulfilled at <r> = 31.00
Oligomer restraint [46.40, 14.60] Å fulfilled at <r> = 48.15

Residue 11

Beacon restraint [24.50, 16.38] Å to residue 34 fulfilled at <r> = 75.00
Beacon restraint [15.00, 18.01] Å to residue 59 fulfilled at <r> = 75.00
Depth restraint [17.30, 35.00] Å fulfilled at <r> = 29.00
Oligomer restraint [45.70, 11.70] Å fulfilled at <r> = 57.86

Residue 12

Depth restraint [20.60, 35.00] Å fulfilled at <r> = 25.50
Oligomer restraint [49.60, 13.60] Å fulfilled at <r> = 51.96

Residue 13


--- Restraint fulfillment for model 4 with weight 0.471 ---


Residue 3

Beacon restraint [26.60, 16.76] Å to residue 34 fulfilled at <r> = 75.00
Beacon restraint [15.00, 17.34] Å to residue 59 fulfilled at <r> = 75.00
Depth restraint [18.70, 35.00] Å fulfilled at <r> = 30.50
Oligomer restraint [36.50, 12.80] Å fulfilled at <r> = 49.14

Residue 4

Depth restraint [17.50, 35.00] Å fulfilled at <r> = 30.50
Oligomer restraint [37.20, 12.10] Å fulfilled at <r> = 33.95

Residue 5


Residue 6


Residue 7

Beacon restraint [26.70, 16.95] Å to residue 34 fulfilled at <r> = 75.00
Beacon restraint [19.20, 17.62] Å to residue 59 fulfilled at <r> = 75.00
Depth restraint [17.90, 35.00] Å fulfilled at <r> = 32.00
Oligomer restraint [40.00, 11.80] Å fulfilled at <r> = 34.69

Residue 8


Residue 9

Depth restraint [17.50, 35.00] Å fulfilled at <r> = 30.50
Oligomer restraint [43.10, 13.40] Å fulfilled at <r> = 39.05

Residue 10

Depth restraint [18.90, 35.00] Å fulfilled at <r> = 32.50
Oligomer restraint [46.40, 14.60] Å fulfilled at <r> = 46.35

Residue 11

Beacon restraint [24.50, 16.38] Å to residue 34 fulfilled at <r> = 75.00
Beacon restraint [15.00, 18.01] Å to residue 59 fulfilled at <r> = 75.00
Depth restraint [17.30, 35.00] Å fulfilled at <r> = 31.00
Oligomer restraint [45.70, 11.70] Å fulfilled at <r> = 56.96

Residue 12

Depth restraint [20.60, 35.00] Å fulfilled at <r> = 28.00
Oligomer restraint [49.60, 13.60] Å fulfilled at <r> = 57.39

Residue 13


--- Restraint fulfillment for model 5 with weight 0.490 ---


Residue 3

Beacon restraint [26.60, 16.76] Å to residue 34 fulfilled at <r> = 75.00
Beacon restraint [15.00, 17.34] Å to residue 59 fulfilled at <r> = 75.00
Depth restraint [18.70, 35.00] Å fulfilled at <r> = 29.50
Oligomer restraint [36.50, 12.80] Å fulfilled at <r> = 28.50

Residue 4

Depth restraint [17.50, 35.00] Å fulfilled at <r> = 27.50
Oligomer restraint [37.20, 12.10] Å fulfilled at <r> = 42.81

Residue 5


Residue 6


Residue 7

Beacon restraint [26.70, 16.95] Å to residue 34 fulfilled at <r> = 75.00
Beacon restraint [19.20, 17.62] Å to residue 59 fulfilled at <r> = 75.00
Depth restraint [17.90, 35.00] Å fulfilled at <r> = 32.50
Oligomer restraint [40.00, 11.80] Å fulfilled at <r> = 39.19

Residue 8


Residue 9

Depth restraint [17.50, 35.00] Å fulfilled at <r> = 33.00
Oligomer restraint [43.10, 13.40] Å fulfilled at <r> = 48.86

Residue 10

Depth restraint [18.90, 35.00] Å fulfilled at <r> = 29.50
Oligomer restraint [46.40, 14.60] Å fulfilled at <r> = 38.30

Residue 11

Beacon restraint [24.50, 16.38] Å to residue 34 fulfilled at <r> = 75.00
Beacon restraint [15.00, 18.01] Å to residue 59 fulfilled at <r> = 75.00
Depth restraint [17.30, 35.00] Å fulfilled at <r> = 28.00
Oligomer restraint [45.70, 11.70] Å fulfilled at <r> = 54.81

Residue 12

Depth restraint [20.60, 35.00] Å fulfilled at <r> = 24.50
Oligomer restraint [49.60, 13.60] Å fulfilled at <r> = 45.78

Residue 13


--- Restraint fulfillment for model 6 with weight 0.447 ---


Residue 3

Beacon restraint [26.60, 16.76] Å to residue 34 fulfilled at <r> = 75.00
Beacon restraint [15.00, 17.34] Å to residue 59 fulfilled at <r> = 75.00
Depth restraint [18.70, 35.00] Å fulfilled at <r> = 32.50
Oligomer restraint [36.50, 12.80] Å fulfilled at <r> = 47.11

Residue 4

Depth restraint [17.50, 35.00] Å fulfilled at <r> = 30.50
Oligomer restraint [37.20, 12.10] Å fulfilled at <r> = 41.21

Residue 5


Residue 6


Residue 7

Beacon restraint [26.70, 16.95] Å to residue 34 fulfilled at <r> = 75.00
Beacon restraint [19.20, 17.62] Å to residue 59 fulfilled at <r> = 75.00
Depth restraint [17.90, 35.00] Å fulfilled at <r> = 34.50
Oligomer restraint [40.00, 11.80] Å fulfilled at <r> = 30.53

Residue 8


Residue 9

Depth restraint [17.50, 35.00] Å fulfilled at <r> = 34.00
Oligomer restraint [43.10, 13.40] Å fulfilled at <r> = 42.01

Residue 10

Depth restraint [18.90, 35.00] Å fulfilled at <r> = 30.50
Oligomer restraint [46.40, 14.60] Å fulfilled at <r> = 31.14

Residue 11

Beacon restraint [24.50, 16.38] Å to residue 34 fulfilled at <r> = 75.00
Beacon restraint [15.00, 18.01] Å to residue 59 fulfilled at <r> = 75.00
Depth restraint [17.30, 35.00] Å fulfilled at <r> = 28.00
Oligomer restraint [45.70, 11.70] Å fulfilled at <r> = 47.55

Residue 12

Depth restraint [20.60, 35.00] Å fulfilled at <r> = 24.50
Oligomer restraint [49.60, 13.60] Å fulfilled at <r> = 37.26

Residue 13


--- Restraint fulfillment for model 7 with weight 0.482 ---


Residue 3

Beacon restraint [26.60, 16.76] Å to residue 34 fulfilled at <r> = 75.00
Beacon restraint [15.00, 17.34] Å to residue 59 fulfilled at <r> = 75.00
Depth restraint [18.70, 35.00] Å fulfilled at <r> = 31.50
Oligomer restraint [36.50, 12.80] Å fulfilled at <r> = 47.70

Residue 4

Depth restraint [17.50, 35.00] Å fulfilled at <r> = 30.00
Oligomer restraint [37.20, 12.10] Å fulfilled at <r> = 42.99

Residue 5


Residue 6


Residue 7

Beacon restraint [26.70, 16.95] Å to residue 34 fulfilled at <r> = 75.00
Beacon restraint [19.20, 17.62] Å to residue 59 fulfilled at <r> = 75.00
Depth restraint [17.90, 35.00] Å fulfilled at <r> = 32.00
Oligomer restraint [40.00, 11.80] Å fulfilled at <r> = 35.60

Residue 8


Residue 9

Depth restraint [17.50, 35.00] Å fulfilled at <r> = 33.50
Oligomer restraint [43.10, 13.40] Å fulfilled at <r> = 46.59

Residue 10

Depth restraint [18.90, 35.00] Å fulfilled at <r> = 30.50
Oligomer restraint [46.40, 14.60] Å fulfilled at <r> = 39.91

Residue 11

Beacon restraint [24.50, 16.38] Å to residue 34 fulfilled at <r> = 75.00
Beacon restraint [15.00, 18.01] Å to residue 59 fulfilled at <r> = 75.00
Depth restraint [17.30, 35.00] Å fulfilled at <r> = 29.50
Oligomer restraint [45.70, 11.70] Å fulfilled at <r> = 55.78

Residue 12

Depth restraint [20.60, 35.00] Å fulfilled at <r> = 26.00
Oligomer restraint [49.60, 13.60] Å fulfilled at <r> = 41.34

Residue 13


--- Restraint fulfillment for model 8 with weight 0.479 ---


Residue 3

Beacon restraint [26.60, 16.76] Å to residue 34 fulfilled at <r> = 75.00
Beacon restraint [15.00, 17.34] Å to residue 59 fulfilled at <r> = 75.00
Depth restraint [18.70, 35.00] Å fulfilled at <r> = 22.50
Oligomer restraint [36.50, 12.80] Å fulfilled at <r> = 29.35

Residue 4

Depth restraint [17.50, 35.00] Å fulfilled at <r> = 25.00
Oligomer restraint [37.20, 12.10] Å fulfilled at <r> = 42.05

Residue 5


Residue 6


Residue 7

Beacon restraint [26.70, 16.95] Å to residue 34 fulfilled at <r> = 75.00
Beacon restraint [19.20, 17.62] Å to residue 59 fulfilled at <r> = 75.00
Depth restraint [17.90, 35.00] Å fulfilled at <r> = 32.00
Oligomer restraint [40.00, 11.80] Å fulfilled at <r> = 50.70

Residue 8


Residue 9

Depth restraint [17.50, 35.00] Å fulfilled at <r> = 29.50
Oligomer restraint [43.10, 13.40] Å fulfilled at <r> = 31.44

Residue 10

Depth restraint [18.90, 35.00] Å fulfilled at <r> = 29.00
Oligomer restraint [46.40, 14.60] Å fulfilled at <r> = 49.62

Residue 11

Beacon restraint [24.50, 16.38] Å to residue 34 fulfilled at <r> = 75.00
Beacon restraint [15.00, 18.01] Å to residue 59 fulfilled at <r> = 75.00
Depth restraint [17.30, 35.00] Å fulfilled at <r> = 26.00
Oligomer restraint [45.70, 11.70] Å fulfilled at <r> = 46.87

Residue 12

Depth restraint [20.60, 35.00] Å fulfilled at <r> = 24.50
Oligomer restraint [49.60, 13.60] Å fulfilled at <r> = 42.55

Residue 13


--- Restraint fulfillment for model 9 with weight 0.440 ---


Residue 3

Beacon restraint [26.60, 16.76] Å to residue 34 fulfilled at <r> = 75.00
Beacon restraint [15.00, 17.34] Å to residue 59 fulfilled at <r> = 75.00
Depth restraint [18.70, 35.00] Å fulfilled at <r> = 27.50
Oligomer restraint [36.50, 12.80] Å fulfilled at <r> = 45.29

Residue 4

Depth restraint [17.50, 35.00] Å fulfilled at <r> = 31.00
Oligomer restraint [37.20, 12.10] Å fulfilled at <r> = 30.48

Residue 5


Residue 6


Residue 7

Beacon restraint [26.70, 16.95] Å to residue 34 fulfilled at <r> = 75.00
Beacon restraint [19.20, 17.62] Å to residue 59 fulfilled at <r> = 75.00
Depth restraint [17.90, 35.00] Å fulfilled at <r> = 35.00
Oligomer restraint [40.00, 11.80] Å fulfilled at <r> = 49.24

Residue 8


Residue 9

Depth restraint [17.50, 35.00] Å fulfilled at <r> = 32.00
Oligomer restraint [43.10, 13.40] Å fulfilled at <r> = 38.90

Residue 10

Depth restraint [18.90, 35.00] Å fulfilled at <r> = 33.00
Oligomer restraint [46.40, 14.60] Å fulfilled at <r> = 50.30

Residue 11

Beacon restraint [24.50, 16.38] Å to residue 34 fulfilled at <r> = 75.00
Beacon restraint [15.00, 18.01] Å to residue 59 fulfilled at <r> = 75.00
Depth restraint [17.30, 35.00] Å fulfilled at <r> = 29.50
Oligomer restraint [45.70, 11.70] Å fulfilled at <r> = 40.52

Residue 12

Depth restraint [20.60, 35.00] Å fulfilled at <r> = 28.50
Oligomer restraint [49.60, 13.60] Å fulfilled at <r> = 56.81

Residue 13


--- Restraint fulfillment for model 10 with weight 0.430 ---


Residue 3

Beacon restraint [26.60, 16.76] Å to residue 34 fulfilled at <r> = 75.00
Beacon restraint [15.00, 17.34] Å to residue 59 fulfilled at <r> = 75.00
Depth restraint [18.70, 35.00] Å fulfilled at <r> = 25.00
Oligomer restraint [36.50, 12.80] Å fulfilled at <r> = 38.87

Residue 4

Depth restraint [17.50, 35.00] Å fulfilled at <r> = 28.00
Oligomer restraint [37.20, 12.10] Å fulfilled at <r> = 45.09

Residue 5


Residue 6


Residue 7

Beacon restraint [26.70, 16.95] Å to residue 34 fulfilled at <r> = 75.00
Beacon restraint [19.20, 17.62] Å to residue 59 fulfilled at <r> = 75.00
Depth restraint [17.90, 35.00] Å fulfilled at <r> = 34.00
Oligomer restraint [40.00, 11.80] Å fulfilled at <r> = 33.80

Residue 8


Residue 9

Depth restraint [17.50, 35.00] Å fulfilled at <r> = 35.00
Oligomer restraint [43.10, 13.40] Å fulfilled at <r> = 38.88

Residue 10

Depth restraint [18.90, 35.00] Å fulfilled at <r> = 34.00
Oligomer restraint [46.40, 14.60] Å fulfilled at <r> = 47.61

Residue 11

Beacon restraint [24.50, 16.38] Å to residue 34 fulfilled at <r> = 75.00
Beacon restraint [15.00, 18.01] Å to residue 59 fulfilled at <r> = 75.00
Depth restraint [17.30, 35.00] Å fulfilled at <r> = 30.50
Oligomer restraint [45.70, 11.70] Å fulfilled at <r> = 42.55

Residue 12

Depth restraint [20.60, 35.00] Å fulfilled at <r> = 28.00
Oligomer restraint [49.60, 13.60] Å fulfilled at <r> = 55.98

Residue 13


--- Restraint fulfillment for model 11 with weight 0.499 ---


Residue 3

Beacon restraint [26.60, 16.76] Å to residue 34 fulfilled at <r> = 75.00
Beacon restraint [15.00, 17.34] Å to residue 59 fulfilled at <r> = 75.00
Depth restraint [18.70, 35.00] Å fulfilled at <r> = 23.00
Oligomer restraint [36.50, 12.80] Å fulfilled at <r> = 52.13

Residue 4

Depth restraint [17.50, 35.00] Å fulfilled at <r> = 26.50
Oligomer restraint [37.20, 12.10] Å fulfilled at <r> = 41.44

Residue 5


Residue 6


Residue 7

Beacon restraint [26.70, 16.95] Å to residue 34 fulfilled at <r> = 75.00
Beacon restraint [19.20, 17.62] Å to residue 59 fulfilled at <r> = 75.00
Depth restraint [17.90, 35.00] Å fulfilled at <r> = 34.50
Oligomer restraint [40.00, 11.80] Å fulfilled at <r> = 39.68

Residue 8


Residue 9

Depth restraint [17.50, 35.00] Å fulfilled at <r> = 35.00
Oligomer restraint [43.10, 13.40] Å fulfilled at <r> = 56.17

Residue 10

Depth restraint [18.90, 35.00] Å fulfilled at <r> = 33.50
Oligomer restraint [46.40, 14.60] Å fulfilled at <r> = 48.97

Residue 11

Beacon restraint [24.50, 16.38] Å to residue 34 fulfilled at <r> = 75.00
Beacon restraint [15.00, 18.01] Å to residue 59 fulfilled at <r> = 75.00
Depth restraint [17.30, 35.00] Å fulfilled at <r> = 30.50
Oligomer restraint [45.70, 11.70] Å fulfilled at <r> = 48.30

Residue 12

Depth restraint [20.60, 35.00] Å fulfilled at <r> = 28.50
Oligomer restraint [49.60, 13.60] Å fulfilled at <r> = 56.53

Residue 13


--- Restraint fulfillment for model 12 with weight 0.471 ---


Residue 3

Beacon restraint [26.60, 16.76] Å to residue 34 fulfilled at <r> = 75.00
Beacon restraint [15.00, 17.34] Å to residue 59 fulfilled at <r> = 75.00
Depth restraint [18.70, 35.00] Å fulfilled at <r> = 30.00
Oligomer restraint [36.50, 12.80] Å fulfilled at <r> = 33.99

Residue 4

Depth restraint [17.50, 35.00] Å fulfilled at <r> = 30.00
Oligomer restraint [37.20, 12.10] Å fulfilled at <r> = 45.06

Residue 5


Residue 6


Residue 7

Beacon restraint [26.70, 16.95] Å to residue 34 fulfilled at <r> = 75.00
Beacon restraint [19.20, 17.62] Å to residue 59 fulfilled at <r> = 75.00
Depth restraint [17.90, 35.00] Å fulfilled at <r> = 34.50
Oligomer restraint [40.00, 11.80] Å fulfilled at <r> = 47.04

Residue 8


Residue 9

Depth restraint [17.50, 35.00] Å fulfilled at <r> = 31.50
Oligomer restraint [43.10, 13.40] Å fulfilled at <r> = 47.22

Residue 10

Depth restraint [18.90, 35.00] Å fulfilled at <r> = 33.00
Oligomer restraint [46.40, 14.60] Å fulfilled at <r> = 52.99

Residue 11

Beacon restraint [24.50, 16.38] Å to residue 34 fulfilled at <r> = 75.00
Beacon restraint [15.00, 18.01] Å to residue 59 fulfilled at <r> = 75.00
Depth restraint [17.30, 35.00] Å fulfilled at <r> = 30.50
Oligomer restraint [45.70, 11.70] Å fulfilled at <r> = 57.97

Residue 12

Depth restraint [20.60, 35.00] Å fulfilled at <r> = 28.00
Oligomer restraint [49.60, 13.60] Å fulfilled at <r> = 47.97

Residue 13


--- Restraint fulfillment for model 13 with weight 0.471 ---


Residue 3

Beacon restraint [26.60, 16.76] Å to residue 34 fulfilled at <r> = 75.00
Beacon restraint [15.00, 17.34] Å to residue 59 fulfilled at <r> = 75.00
Depth restraint [18.70, 35.00] Å fulfilled at <r> = 29.00
Oligomer restraint [36.50, 12.80] Å fulfilled at <r> = 33.54

Residue 4

Depth restraint [17.50, 35.00] Å fulfilled at <r> = 29.50
Oligomer restraint [37.20, 12.10] Å fulfilled at <r> = 44.85

Residue 5


Residue 6


Residue 7

Beacon restraint [26.70, 16.95] Å to residue 34 fulfilled at <r> = 75.00
Beacon restraint [19.20, 17.62] Å to residue 59 fulfilled at <r> = 75.00
Depth restraint [17.90, 35.00] Å fulfilled at <r> = 34.00
Oligomer restraint [40.00, 11.80] Å fulfilled at <r> = 38.54

Residue 8


Residue 9

Depth restraint [17.50, 35.00] Å fulfilled at <r> = 35.00
Oligomer restraint [43.10, 13.40] Å fulfilled at <r> = 44.22

Residue 10

Depth restraint [18.90, 35.00] Å fulfilled at <r> = 31.50
Oligomer restraint [46.40, 14.60] Å fulfilled at <r> = 43.37

Residue 11

Beacon restraint [24.50, 16.38] Å to residue 34 fulfilled at <r> = 75.00
Beacon restraint [15.00, 18.01] Å to residue 59 fulfilled at <r> = 75.00
Depth restraint [17.30, 35.00] Å fulfilled at <r> = 29.50
Oligomer restraint [45.70, 11.70] Å fulfilled at <r> = 54.23

Residue 12

Depth restraint [20.60, 35.00] Å fulfilled at <r> = 26.00
Oligomer restraint [49.60, 13.60] Å fulfilled at <r> = 44.35

Residue 13


--- Restraint fulfillment for model 14 with weight 0.462 ---


Residue 3

Beacon restraint [26.60, 16.76] Å to residue 34 fulfilled at <r> = 75.00
Beacon restraint [15.00, 17.34] Å to residue 59 fulfilled at <r> = 75.00
Depth restraint [18.70, 35.00] Å fulfilled at <r> = 34.00
Oligomer restraint [36.50, 12.80] Å fulfilled at <r> = 32.26

Residue 4

Depth restraint [17.50, 35.00] Å fulfilled at <r> = 33.00
Oligomer restraint [37.20, 12.10] Å fulfilled at <r> = 42.27

Residue 5


Residue 6


Residue 7

Beacon restraint [26.70, 16.95] Å to residue 34 fulfilled at <r> = 75.00
Beacon restraint [19.20, 17.62] Å to residue 59 fulfilled at <r> = 75.00
Depth restraint [17.90, 35.00] Å fulfilled at <r> = 34.00
Oligomer restraint [40.00, 11.80] Å fulfilled at <r> = 50.04

Residue 8


Residue 9

Depth restraint [17.50, 35.00] Å fulfilled at <r> = 27.50
Oligomer restraint [43.10, 13.40] Å fulfilled at <r> = 42.30

Residue 10

Depth restraint [18.90, 35.00] Å fulfilled at <r> = 24.50
Oligomer restraint [46.40, 14.60] Å fulfilled at <r> = 40.10

Residue 11

Beacon restraint [24.50, 16.38] Å to residue 34 fulfilled at <r> = 75.00
Beacon restraint [15.00, 18.01] Å to residue 59 fulfilled at <r> = 75.00
Depth restraint [17.30, 35.00] Å fulfilled at <r> = 24.50
Oligomer restraint [45.70, 11.70] Å fulfilled at <r> = 41.53

Residue 12

Depth restraint [20.60, 35.00] Å fulfilled at <r> = 26.00
Oligomer restraint [49.60, 13.60] Å fulfilled at <r> = 62.57

Residue 13


--- Restraint fulfillment for model 15 with weight 0.479 ---


Residue 3

Beacon restraint [26.60, 16.76] Å to residue 34 fulfilled at <r> = 75.00
Beacon restraint [15.00, 17.34] Å to residue 59 fulfilled at <r> = 75.00
Depth restraint [18.70, 35.00] Å fulfilled at <r> = 29.50
Oligomer restraint [36.50, 12.80] Å fulfilled at <r> = 26.36

Residue 4

Depth restraint [17.50, 35.00] Å fulfilled at <r> = 31.50
Oligomer restraint [37.20, 12.10] Å fulfilled at <r> = 38.50

Residue 5


Residue 6


Residue 7

Beacon restraint [26.70, 16.95] Å to residue 34 fulfilled at <r> = 75.00
Beacon restraint [19.20, 17.62] Å to residue 59 fulfilled at <r> = 75.00
Depth restraint [17.90, 35.00] Å fulfilled at <r> = 33.00
Oligomer restraint [40.00, 11.80] Å fulfilled at <r> = 45.75

Residue 8


Residue 9

Depth restraint [17.50, 35.00] Å fulfilled at <r> = 31.00
Oligomer restraint [43.10, 13.40] Å fulfilled at <r> = 45.23

Residue 10

Depth restraint [18.90, 35.00] Å fulfilled at <r> = 30.00
Oligomer restraint [46.40, 14.60] Å fulfilled at <r> = 49.94

Residue 11

Beacon restraint [24.50, 16.38] Å to residue 34 fulfilled at <r> = 75.00
Beacon restraint [15.00, 18.01] Å to residue 59 fulfilled at <r> = 75.00
Depth restraint [17.30, 35.00] Å fulfilled at <r> = 27.50
Oligomer restraint [45.70, 11.70] Å fulfilled at <r> = 53.20

Residue 12

Depth restraint [20.60, 35.00] Å fulfilled at <r> = 24.50
Oligomer restraint [49.60, 13.60] Å fulfilled at <r> = 38.57

Residue 13


--- Restraint fulfillment for model 16 with weight 0.488 ---


Residue 3

Beacon restraint [26.60, 16.76] Å to residue 34 fulfilled at <r> = 75.00
Beacon restraint [15.00, 17.34] Å to residue 59 fulfilled at <r> = 75.00
Depth restraint [18.70, 35.00] Å fulfilled at <r> = 32.00
Oligomer restraint [36.50, 12.80] Å fulfilled at <r> = 28.73

Residue 4

Depth restraint [17.50, 35.00] Å fulfilled at <r> = 35.00
Oligomer restraint [37.20, 12.10] Å fulfilled at <r> = 34.04

Residue 5


Residue 6


Residue 7

Beacon restraint [26.70, 16.95] Å to residue 34 fulfilled at <r> = 75.00
Beacon restraint [19.20, 17.62] Å to residue 59 fulfilled at <r> = 75.00
Depth restraint [17.90, 35.00] Å fulfilled at <r> = 33.00
Oligomer restraint [40.00, 11.80] Å fulfilled at <r> = 32.81

Residue 8


Residue 9

Depth restraint [17.50, 35.00] Å fulfilled at <r> = 33.50
Oligomer restraint [43.10, 13.40] Å fulfilled at <r> = 46.54

Residue 10

Depth restraint [18.90, 35.00] Å fulfilled at <r> = 31.00
Oligomer restraint [46.40, 14.60] Å fulfilled at <r> = 51.94

Residue 11

Beacon restraint [24.50, 16.38] Å to residue 34 fulfilled at <r> = 75.00
Beacon restraint [15.00, 18.01] Å to residue 59 fulfilled at <r> = 75.00
Depth restraint [17.30, 35.00] Å fulfilled at <r> = 28.50
Oligomer restraint [45.70, 11.70] Å fulfilled at <r> = 53.43

Residue 12

Depth restraint [20.60, 35.00] Å fulfilled at <r> = 29.00
Oligomer restraint [49.60, 13.60] Å fulfilled at <r> = 53.50

Residue 13


--- Restraint fulfillment for model 17 with weight 0.366 ---


Residue 3

Beacon restraint [26.60, 16.76] Å to residue 34 fulfilled at <r> = 75.00
Beacon restraint [15.00, 17.34] Å to residue 59 fulfilled at <r> = 75.00
Depth restraint [18.70, 35.00] Å fulfilled at <r> = 26.50
Oligomer restraint [36.50, 12.80] Å fulfilled at <r> = 39.00

Residue 4

Depth restraint [17.50, 35.00] Å fulfilled at <r> = 27.00
Oligomer restraint [37.20, 12.10] Å fulfilled at <r> = 38.85

Residue 5


Residue 6


Residue 7

Beacon restraint [26.70, 16.95] Å to residue 34 fulfilled at <r> = 75.00
Beacon restraint [19.20, 17.62] Å to residue 59 fulfilled at <r> = 75.00
Depth restraint [17.90, 35.00] Å fulfilled at <r> = 26.00
Oligomer restraint [40.00, 11.80] Å fulfilled at <r> = 35.84

Residue 8


Residue 9

Depth restraint [17.50, 35.00] Å fulfilled at <r> = 23.00
Oligomer restraint [43.10, 13.40] Å fulfilled at <r> = 34.09

Residue 10

Depth restraint [18.90, 35.00] Å fulfilled at <r> = 24.50
Oligomer restraint [46.40, 14.60] Å fulfilled at <r> = 50.16

Residue 11

Beacon restraint [24.50, 16.38] Å to residue 34 fulfilled at <r> = 75.00
Beacon restraint [15.00, 18.01] Å to residue 59 fulfilled at <r> = 75.00
Depth restraint [17.30, 35.00] Å fulfilled at <r> = 22.50
Oligomer restraint [45.70, 11.70] Å fulfilled at <r> = 58.01

Residue 12

Depth restraint [20.60, 35.00] Å fulfilled at <r> = 25.50
Oligomer restraint [49.60, 13.60] Å fulfilled at <r> = 57.87

Residue 13


--- Restraint fulfillment for model 18 with weight 0.455 ---


Residue 3

Beacon restraint [26.60, 16.76] Å to residue 34 fulfilled at <r> = 75.00
Beacon restraint [15.00, 17.34] Å to residue 59 fulfilled at <r> = 75.00
Depth restraint [18.70, 35.00] Å fulfilled at <r> = 32.00
Oligomer restraint [36.50, 12.80] Å fulfilled at <r> = 34.86

Residue 4

Depth restraint [17.50, 35.00] Å fulfilled at <r> = 31.00
Oligomer restraint [37.20, 12.10] Å fulfilled at <r> = 40.07

Residue 5


Residue 6


Residue 7

Beacon restraint [26.70, 16.95] Å to residue 34 fulfilled at <r> = 75.00
Beacon restraint [19.20, 17.62] Å to residue 59 fulfilled at <r> = 75.00
Depth restraint [17.90, 35.00] Å fulfilled at <r> = 29.50
Oligomer restraint [40.00, 11.80] Å fulfilled at <r> = 42.31

Residue 8


Residue 9

Depth restraint [17.50, 35.00] Å fulfilled at <r> = 32.00
Oligomer restraint [43.10, 13.40] Å fulfilled at <r> = 49.75

Residue 10

Depth restraint [18.90, 35.00] Å fulfilled at <r> = 31.00
Oligomer restraint [46.40, 14.60] Å fulfilled at <r> = 42.95

Residue 11

Beacon restraint [24.50, 16.38] Å to residue 34 fulfilled at <r> = 75.00
Beacon restraint [15.00, 18.01] Å to residue 59 fulfilled at <r> = 75.00
Depth restraint [17.30, 35.00] Å fulfilled at <r> = 28.50
Oligomer restraint [45.70, 11.70] Å fulfilled at <r> = 56.48

Residue 12

Depth restraint [20.60, 35.00] Å fulfilled at <r> = 25.00
Oligomer restraint [49.60, 13.60] Å fulfilled at <r> = 45.34

Residue 13


--- Restraint fulfillment for model 19 with weight 0.482 ---


Residue 3

Beacon restraint [26.60, 16.76] Å to residue 34 fulfilled at <r> = 75.00
Beacon restraint [15.00, 17.34] Å to residue 59 fulfilled at <r> = 75.00
Depth restraint [18.70, 35.00] Å fulfilled at <r> = 33.00
Oligomer restraint [36.50, 12.80] Å fulfilled at <r> = 29.56

Residue 4

Depth restraint [17.50, 35.00] Å fulfilled at <r> = 31.50
Oligomer restraint [37.20, 12.10] Å fulfilled at <r> = 32.34

Residue 5


Residue 6


Residue 7

Beacon restraint [26.70, 16.95] Å to residue 34 fulfilled at <r> = 75.00
Beacon restraint [19.20, 17.62] Å to residue 59 fulfilled at <r> = 75.00
Depth restraint [17.90, 35.00] Å fulfilled at <r> = 34.00
Oligomer restraint [40.00, 11.80] Å fulfilled at <r> = 43.26

Residue 8


Residue 9

Depth restraint [17.50, 35.00] Å fulfilled at <r> = 33.50
Oligomer restraint [43.10, 13.40] Å fulfilled at <r> = 40.28

Residue 10

Depth restraint [18.90, 35.00] Å fulfilled at <r> = 34.00
Oligomer restraint [46.40, 14.60] Å fulfilled at <r> = 54.94

Residue 11

Beacon restraint [24.50, 16.38] Å to residue 34 fulfilled at <r> = 75.00
Beacon restraint [15.00, 18.01] Å to residue 59 fulfilled at <r> = 75.00
Depth restraint [17.30, 35.00] Å fulfilled at <r> = 30.50
Oligomer restraint [45.70, 11.70] Å fulfilled at <r> = 55.05

Residue 12

Depth restraint [20.60, 35.00] Å fulfilled at <r> = 29.00
Oligomer restraint [49.60, 13.60] Å fulfilled at <r> = 59.21

Residue 13


--- Restraint fulfillment for model 20 with weight 0.467 ---


Residue 3

Beacon restraint [26.60, 16.76] Å to residue 34 fulfilled at <r> = 75.00
Beacon restraint [15.00, 17.34] Å to residue 59 fulfilled at <r> = 75.00
Depth restraint [18.70, 35.00] Å fulfilled at <r> = 34.00
Oligomer restraint [36.50, 12.80] Å fulfilled at <r> = 30.61

Residue 4

Depth restraint [17.50, 35.00] Å fulfilled at <r> = 31.00
Oligomer restraint [37.20, 12.10] Å fulfilled at <r> = 29.32

Residue 5


Residue 6


Residue 7

Beacon restraint [26.70, 16.95] Å to residue 34 fulfilled at <r> = 75.00
Beacon restraint [19.20, 17.62] Å to residue 59 fulfilled at <r> = 75.00
Depth restraint [17.90, 35.00] Å fulfilled at <r> = 34.50
Oligomer restraint [40.00, 11.80] Å fulfilled at <r> = 47.54

Residue 8


Residue 9

Depth restraint [17.50, 35.00] Å fulfilled at <r> = 30.00
Oligomer restraint [43.10, 13.40] Å fulfilled at <r> = 43.51

Residue 10

Depth restraint [18.90, 35.00] Å fulfilled at <r> = 29.00
Oligomer restraint [46.40, 14.60] Å fulfilled at <r> = 52.71

Residue 11

Beacon restraint [24.50, 16.38] Å to residue 34 fulfilled at <r> = 75.00
Beacon restraint [15.00, 18.01] Å to residue 59 fulfilled at <r> = 75.00
Depth restraint [17.30, 35.00] Å fulfilled at <r> = 26.00
Oligomer restraint [45.70, 11.70] Å fulfilled at <r> = 38.86

Residue 12

Depth restraint [20.60, 35.00] Å fulfilled at <r> = 25.00
Oligomer restraint [49.60, 13.60] Å fulfilled at <r> = 38.60

Residue 13


--- Restraint fulfillment for model 21 with weight 0.439 ---


Residue 3

Beacon restraint [26.60, 16.76] Å to residue 34 fulfilled at <r> = 75.00
Beacon restraint [15.00, 17.34] Å to residue 59 fulfilled at <r> = 75.00
Depth restraint [18.70, 35.00] Å fulfilled at <r> = 26.50
Oligomer restraint [36.50, 12.80] Å fulfilled at <r> = 33.32

Residue 4

Depth restraint [17.50, 35.00] Å fulfilled at <r> = 30.00
Oligomer restraint [37.20, 12.10] Å fulfilled at <r> = 40.40

Residue 5


Residue 6


Residue 7

Beacon restraint [26.70, 16.95] Å to residue 34 fulfilled at <r> = 75.00
Beacon restraint [19.20, 17.62] Å to residue 59 fulfilled at <r> = 75.00
Depth restraint [17.90, 35.00] Å fulfilled at <r> = 30.00
Oligomer restraint [40.00, 11.80] Å fulfilled at <r> = 47.35

Residue 8


Residue 9

Depth restraint [17.50, 35.00] Å fulfilled at <r> = 28.00
Oligomer restraint [43.10, 13.40] Å fulfilled at <r> = 42.66

Residue 10

Depth restraint [18.90, 35.00] Å fulfilled at <r> = 31.00
Oligomer restraint [46.40, 14.60] Å fulfilled at <r> = 41.38

Residue 11

Beacon restraint [24.50, 16.38] Å to residue 34 fulfilled at <r> = 75.00
Beacon restraint [15.00, 18.01] Å to residue 59 fulfilled at <r> = 75.00
Depth restraint [17.30, 35.00] Å fulfilled at <r> = 28.50
Oligomer restraint [45.70, 11.70] Å fulfilled at <r> = 42.78

Residue 12

Depth restraint [20.60, 35.00] Å fulfilled at <r> = 27.50
Oligomer restraint [49.60, 13.60] Å fulfilled at <r> = 53.49

Residue 13


--- Restraint fulfillment for model 22 with weight 0.500 ---


Residue 3

Beacon restraint [26.60, 16.76] Å to residue 34 fulfilled at <r> = 75.00
Beacon restraint [15.00, 17.34] Å to residue 59 fulfilled at <r> = 75.00
Depth restraint [18.70, 35.00] Å fulfilled at <r> = 25.00
Oligomer restraint [36.50, 12.80] Å fulfilled at <r> = 27.56

Residue 4

Depth restraint [17.50, 35.00] Å fulfilled at <r> = 27.50
Oligomer restraint [37.20, 12.10] Å fulfilled at <r> = 35.92

Residue 5


Residue 6


Residue 7

Beacon restraint [26.70, 16.95] Å to residue 34 fulfilled at <r> = 75.00
Beacon restraint [19.20, 17.62] Å to residue 59 fulfilled at <r> = 75.00
Depth restraint [17.90, 35.00] Å fulfilled at <r> = 29.00
Oligomer restraint [40.00, 11.80] Å fulfilled at <r> = 42.32

Residue 8


Residue 9

Depth restraint [17.50, 35.00] Å fulfilled at <r> = 31.00
Oligomer restraint [43.10, 13.40] Å fulfilled at <r> = 43.12

Residue 10

Depth restraint [18.90, 35.00] Å fulfilled at <r> = 29.50
Oligomer restraint [46.40, 14.60] Å fulfilled at <r> = 30.33

Residue 11

Beacon restraint [24.50, 16.38] Å to residue 34 fulfilled at <r> = 75.00
Beacon restraint [15.00, 18.01] Å to residue 59 fulfilled at <r> = 75.00
Depth restraint [17.30, 35.00] Å fulfilled at <r> = 30.00
Oligomer restraint [45.70, 11.70] Å fulfilled at <r> = 46.20

Residue 12

Depth restraint [20.60, 35.00] Å fulfilled at <r> = 26.50
Oligomer restraint [49.60, 13.60] Å fulfilled at <r> = 52.48

Residue 13


--- Restraint fulfillment for model 23 with weight 0.394 ---


Residue 3

Beacon restraint [26.60, 16.76] Å to residue 34 fulfilled at <r> = 75.00
Beacon restraint [15.00, 17.34] Å to residue 59 fulfilled at <r> = 75.00
Depth restraint [18.70, 35.00] Å fulfilled at <r> = 35.00
Oligomer restraint [36.50, 12.80] Å fulfilled at <r> = 39.40

Residue 4

Depth restraint [17.50, 35.00] Å fulfilled at <r> = 31.00
Oligomer restraint [37.20, 12.10] Å fulfilled at <r> = 36.60

Residue 5


Residue 6


Residue 7

Beacon restraint [26.70, 16.95] Å to residue 34 fulfilled at <r> = 75.00
Beacon restraint [19.20, 17.62] Å to residue 59 fulfilled at <r> = 75.00
Depth restraint [17.90, 35.00] Å fulfilled at <r> = 29.00
Oligomer restraint [40.00, 11.80] Å fulfilled at <r> = 48.60

Residue 8


Residue 9

Depth restraint [17.50, 35.00] Å fulfilled at <r> = 29.50
Oligomer restraint [43.10, 13.40] Å fulfilled at <r> = 50.77

Residue 10

Depth restraint [18.90, 35.00] Å fulfilled at <r> = 26.50
Oligomer restraint [46.40, 14.60] Å fulfilled at <r> = 35.69

Residue 11

Beacon restraint [24.50, 16.38] Å to residue 34 fulfilled at <r> = 75.00
Beacon restraint [15.00, 18.01] Å to residue 59 fulfilled at <r> = 75.00
Depth restraint [17.30, 35.00] Å fulfilled at <r> = 28.00
Oligomer restraint [45.70, 11.70] Å fulfilled at <r> = 47.98

Residue 12

Depth restraint [20.60, 35.00] Å fulfilled at <r> = 24.50
Oligomer restraint [49.60, 13.60] Å fulfilled at <r> = 55.52

Residue 13


--- Restraint fulfillment for model 24 with weight 0.499 ---


Residue 3

Beacon restraint [26.60, 16.76] Å to residue 34 fulfilled at <r> = 75.00
Beacon restraint [15.00, 17.34] Å to residue 59 fulfilled at <r> = 75.00
Depth restraint [18.70, 35.00] Å fulfilled at <r> = 29.50
Oligomer restraint [36.50, 12.80] Å fulfilled at <r> = 32.33

Residue 4

Depth restraint [17.50, 35.00] Å fulfilled at <r> = 28.50
Oligomer restraint [37.20, 12.10] Å fulfilled at <r> = 37.30

Residue 5


Residue 6


Residue 7

Beacon restraint [26.70, 16.95] Å to residue 34 fulfilled at <r> = 75.00
Beacon restraint [19.20, 17.62] Å to residue 59 fulfilled at <r> = 75.00
Depth restraint [17.90, 35.00] Å fulfilled at <r> = 31.00
Oligomer restraint [40.00, 11.80] Å fulfilled at <r> = 44.06

Residue 8


Residue 9

Depth restraint [17.50, 35.00] Å fulfilled at <r> = 33.00
Oligomer restraint [43.10, 13.40] Å fulfilled at <r> = 43.10

Residue 10

Depth restraint [18.90, 35.00] Å fulfilled at <r> = 30.50
Oligomer restraint [46.40, 14.60] Å fulfilled at <r> = 61.43

Residue 11

Beacon restraint [24.50, 16.38] Å to residue 34 fulfilled at <r> = 75.00
Beacon restraint [15.00, 18.01] Å to residue 59 fulfilled at <r> = 75.00
Depth restraint [17.30, 35.00] Å fulfilled at <r> = 30.50
Oligomer restraint [45.70, 11.70] Å fulfilled at <r> = 48.77

Residue 12

Depth restraint [20.60, 35.00] Å fulfilled at <r> = 27.00
Oligomer restraint [49.60, 13.60] Å fulfilled at <r> = 50.81

Residue 13


--- Restraint fulfillment for model 25 with weight 0.484 ---


Residue 3

Beacon restraint [26.60, 16.76] Å to residue 34 fulfilled at <r> = 75.00
Beacon restraint [15.00, 17.34] Å to residue 59 fulfilled at <r> = 75.00
Depth restraint [18.70, 35.00] Å fulfilled at <r> = 29.50
Oligomer restraint [36.50, 12.80] Å fulfilled at <r> = 42.69

Residue 4

Depth restraint [17.50, 35.00] Å fulfilled at <r> = 32.50
Oligomer restraint [37.20, 12.10] Å fulfilled at <r> = 29.33

Residue 5


Residue 6


Residue 7

Beacon restraint [26.70, 16.95] Å to residue 34 fulfilled at <r> = 75.00
Beacon restraint [19.20, 17.62] Å to residue 59 fulfilled at <r> = 75.00
Depth restraint [17.90, 35.00] Å fulfilled at <r> = 31.00
Oligomer restraint [40.00, 11.80] Å fulfilled at <r> = 35.48

Residue 8


Residue 9

Depth restraint [17.50, 35.00] Å fulfilled at <r> = 32.50
Oligomer restraint [43.10, 13.40] Å fulfilled at <r> = 44.50

Residue 10

Depth restraint [18.90, 35.00] Å fulfilled at <r> = 29.50
Oligomer restraint [46.40, 14.60] Å fulfilled at <r> = 41.10

Residue 11

Beacon restraint [24.50, 16.38] Å to residue 34 fulfilled at <r> = 75.00
Beacon restraint [15.00, 18.01] Å to residue 59 fulfilled at <r> = 75.00
Depth restraint [17.30, 35.00] Å fulfilled at <r> = 28.50
Oligomer restraint [45.70, 11.70] Å fulfilled at <r> = 54.01

Residue 12

Depth restraint [20.60, 35.00] Å fulfilled at <r> = 25.00
Oligomer restraint [49.60, 13.60] Å fulfilled at <r> = 48.06

Residue 13


--- Final statistics ---

Total runtime: 0 h 4 min.
 0.00% of maximum number of MC trials spent.
Ensemble with 25 models generated.
33 backbone models were generated.
76.02% of all trials had restraint violations.
This is a success rate of 239790.6 ppm.
 0.52% of all trials had internal loop backbone clashes.
19.90% of all trials hand backbone clashes with the protein.
The sidegroup clash threshold was  1.2 Å.
 6.06% of the backbone models lead to internal sidegroup clashes.
18.18% of the backbone models lead to sidegroup clashes with the protein.

The run had a time limit of: 2 h 0 min.
The run had a limit of 500000000 Monte Carlo trials.
25 models had been requested with an ensemble probability of 0.50.
The number of Gaussian-type restraints was 13.
Ramachandran statistics without secondary structure elements was used.

--- Distribution shifts and overlaps ---

Shift [Å]	Overlap
48.03	0.906
57.47	0.897
-0.01	0.955
 0.95	0.963
47.91	0.907
54.24	0.904
 1.79	0.957
 0.06	0.976
-0.65	0.972
50.02	0.904
57.20	0.899
 4.92	0.920
 1.12	0.948
